PS C:\Users\james\Desktop\deeds-web\deeds-web-app\sveltekit-frontend> npm run check

> yorha-legal-ai-frontend@1.0.0 check     
> npm run check:base && npm run post-check


> yorha-legal-ai-frontend@1.0.0 check:base
> node check-incremental.mjs

üöÄ Starting incremental TypeScript checking...

üìã Phase 1: SvelteKit sync
üîÑ Running: npx svelte-kit sync
‚úÖ SvelteKit sync completed

üìã Phase 2: TypeScript files check
üîÑ Running: npx tsc --noEmit --skipLibCheck --incremental
src/routes/api/canvas-states/+server.ts(65,9): error TS2740: Type 'Omit<PgSelectBase<"canvas_states", { id: PgColumn<{ name: "id"; tableName: "canvas_states"; dataType: "string"; columnType: "PgUUID"; data: string; driverParam: string; notNull: true; hasDefault: true; enumValues: undefined; baseColumn: never; }, {}, {}>; ... 7 more ...; updatedAt: PgColumn<...>; }, ... 5 more ..., ...' is missing the following properties from type 'PgSelectBase<"canvas_states", { id: PgColumn<{ name: "id"; tableName: "canvas_states"; dataType: "string"; columnType: "PgUUID"; data: string; driverParam: string; notNull: true; hasDefault: true; enumValues: undefined; baseColumn: never; }, {}, {}>; ... 7 more ...; updatedAt: PgColumn<...>; }, ... 5 more ..., { ......': config, joinsNotNullableMap, tableName, isPartialSelect, and 5 more.
src/routes/api/canvas-states/+server.ts(68,7): error TS2740: Type 'Omit<PgSelectBase<"canvas_states", { id: PgColumn<{ name: "id"; tableName: "canvas_states"; dataType: "string"; columnType: "PgUUID"; data: string; driverParam: string; notNull: true; hasDefault: true; enumValues: undefined; baseColumn: never; }, {}, {}>; ... 7 more ...; updatedAt: PgColumn<...>; }, ... 5 more ..., ...' is missing the following properties from type 'PgSelectBase<"canvas_states", { id: PgColumn<{ name: "id"; tableName: "canvas_states"; dataType: "string"; columnType: "PgUUID"; data: string; driverParam: string; notNull: true; hasDefault: true; enumValues: undefined; baseColumn: never; }, {}, {}>; ... 7 more ...; updatedAt: PgColumn<...>; }, ... 5 more ..., { ......': config, joinsNotNullableMap, tableName, isPartialSelect, and 7 more.
src/routes/api/canvas-states/+server.ts(80,9): error TS2740: Type 'Omit<PgSelectBase<"canvas_states", { count: SQL<number>; }, "partial", Record<"canvas_states", "not-null">, false, "where", { count: number; }[], { count: DrizzleTypeError<"You cannot reference this field without assigning it an alias first - use `.as(<alias>)`">; }>, "where">' is missing the following properties from type 'PgSelectBase<"canvas_states", { count: SQL<number>; }, "partial", Record<"canvas_states", "not-null">, false, never, { count: number; }[], { count: DrizzleTypeError<"You cannot reference this field without assigning it an alias first - use `.as(<alias>)`">; }>': config, joinsNotNullableMap, tableName, isPartialSelect, and 5 more.
src/routes/api/cases/+server.ts(48,7): error TS2740: Type 'Omit<PgSelectBase<"cases", { id: PgColumn<{ name: "id"; tableName: "cases"; dataType: "string"; columnType: "PgUUID"; data: string; driverParam: string; notNull: true; hasDefault: true; enumValues: undefined; baseColumn: never; }, {}, {}>; ... 21 more ...; closedAt: PgColumn<...>; }, ... 5 more ..., { ...; }>, "wher...' is missing the following properties from type 'PgSelectBase<"cases", { id: PgColumn<{ name: "id"; tableName: "cases"; dataType: "string"; columnType: "PgUUID"; data: string; driverParam: string; notNull: true; hasDefault: true; enumValues: undefined; baseColumn: never; }, {}, {}>; ... 21 more ...; closedAt: PgColumn<...>; }, ... 5 more ..., { ...; }>': config, joinsNotNullableMap, tableName, isPartialSelect, and 5 more.
src/routes/api/cases/+server.ts(65,5): error TS2740: Type 'Omit<PgSelectBase<"cases", { id: PgColumn<{ name: "id"; tableName: "cases"; dataType: "string"; columnType: "PgUUID"; data: string; driverParam: string; notNull: true; hasDefault: true; enumValues: undefined; baseColumn: never; }, {}, {}>; ... 21 more ...; closedAt: PgColumn<...>; }, ... 5 more ..., { ...; }>, "orde...' is missing the following properties from type 'PgSelectBase<"cases", { id: PgColumn<{ name: "id"; tableName: "cases"; dataType: "string"; columnType: "PgUUID"; data: string; driverParam: string; notNull: true; hasDefault: true; enumValues: undefined; baseColumn: never; }, {}, {}>; ... 21 more ...; closedAt: PgColumn<...>; }, ... 5 more ..., { ...; }>': config, joinsNotNullableMap, tableName, isPartialSelect, and 5 more.
src/routes/api/cases/+server.ts(70,5): error TS2740: Type 'Omit<PgSelectBase<"cases", { id: PgColumn<{ name: "id"; tableName: "cases"; dataType: "string"; columnType: "PgUUID"; data: string; driverParam: string; notNull: true; hasDefault: true; enumValues: undefined; baseColumn: never; }, {}, {}>; ... 21 more ...; closedAt: PgColumn<...>; }, ... 5 more ..., { ...; }>, "limi...' is missing the following properties from type 'PgSelectBase<"cases", { id: PgColumn<{ name: "id"; tableName: "cases"; dataType: "string"; columnType: "PgUUID"; data: string; driverParam: string; notNull: true; hasDefault: true; enumValues: undefined; baseColumn: never; }, {}, {}>; ... 21 more ...; closedAt: PgColumn<...>; }, ... 5 more ..., { ...; }>': config, joinsNotNullableMap, tableName, isPartialSelect, and 6 more.
src/routes/api/cases/summary/+server.ts(229,13): error TS2551: Property 'evidenceId' does not exist on type '{ evidence: { summary: string; title: string; caseId: string; uploadedBy: string; uploadedAt: Date; mimeType: string; id: string; hash: string; tags: unknown; updatedAt: Date; description: string; ... 17 more ...; canvasPosition: unknown; }; evidence_vectors: { ...; }; }'. Did you mean 'evidence'?
src/routes/api/cases/summary/+server.ts(230,18): error TS2339: Property 'content' does not exist on type '{ evidence: { summary: string; title: string; caseId: string; uploadedBy: string; uploadedAt: Date; mimeType: string; id: string; hash: string; tags: unknown; updatedAt: Date; description: string; ... 17 more ...; canvasPosition: unknown; }; evidence_vectors: { ...; }; }'.
src/routes/api/cases/summary/+server.ts(231,19): error TS2339: Property 'metadata' does not exist on type '{ evidence: { summary: 
string; title: string; caseId: string; uploadedBy: string; uploadedAt: Date; mimeType: string; id: string; hash: string; tags: unknown; updatedAt: Date; description: string; ... 17 more ...; canvasPosition: unknown; }; evidence_vectors: { ...; }; }'.
src/routes/api/cases/summary/+server.ts(232,20): error TS2339: Property 'createdAt' does not exist on type '{ evidence: { summary: string; title: string; caseId: string; uploadedBy: string; uploadedAt: Date; mimeType: string; id: string; hash: string; tags: unknown; updatedAt: Date; description: string; ... 17 more ...; canvasPosition: unknown; }; evidence_vectors: { ...; }; }'.
src/routes/api/cases/summary/+server.ts(386,16): error TS2448: Block-scoped variable 'evidence' used before its declaration.      
src/routes/api/cases/summary/+server.ts(386,57): error TS2448: Block-scoped variable 'evidence' used before its declaration.      
src/routes/api/cases/summary/+server.ts(387,15): error TS2448: Block-scoped variable 'evidence' used before its declaration.      
src/routes/api/clustering/kmeans/cluster/+server.ts(92,36): error TS2339: Property 'metadata' does not exist on type 'PgTableWithColumns<{ name: "legal_documents"; schema: undefined; columns: { id: PgColumn<{ name: "id"; tableName: "legal_documents"; dataType: "string"; columnType: "PgUUID"; data: string; driverParam: string; notNull: true; hasDefault: true; enumValues: undefined; baseColumn: never; }, {}, {}>; ... 33 more ...; upd...'.
src/routes/api/clustering/kmeans/cluster/+server.ts(106,40): error TS2339: Property 'result' does not exist on type '{ id: string 
| number; payload?: Record<string, unknown> | { [key: string]: unknown; }; vector?: number[] | Record<string, unknown> | number[][] | { [key: string]: number[] | number[][] | { indices: number[]; values: number[]; }; }; shard_key?: string | ... 1 more ... | Record<...>; order_value?: number | Record<......'.
src/routes/api/clustering/kmeans/cluster/+server.ts(191,45): error TS2345: Argument of type '{ k: any; maxIterations: any; tolerance: any; initMethod: any; }' is not assignable to parameter of type 'KMeansConfig'.
  Type '{ k: any; maxIterations: any; tolerance: any; initMethod: any; }' is missing the following properties from type 'KMeansConfig': algorithm, distanceMetric
src/routes/api/clustering/kmeans/cluster/+server.ts(236,44): error TS2341: Property 'silhouetteScore' is private and only accessible within class 'LegalKMeansClusterer'.
src/routes/api/clustering/kmeans/cluster/+server.ts(236,44): error TS2349: This expression is not callable.
  Type 'Number' has no call signatures.
src/routes/api/clustering/som/train/+server.ts(16,19): error TS2769: No overload matches this call.
  Overload 1 of 8, '(options: RedisOptions): Redis', gave the following error.
    Object literal may only specify known properties, and 'retryDelayOnClusterDown' does not exist in type 'RedisOptions'.        
  Overload 2 of 8, '(port: number): Redis', gave the following error.
    Argument of type '{ host: string; port: number; retryDelayOnClusterDown: number; maxRetriesPerRequest: number; }' is not assignable to parameter of type 'number'.
  Overload 3 of 8, '(path: string): Redis', gave the following error.
    Argument of type '{ host: string; port: number; retryDelayOnClusterDown: number; maxRetriesPerRequest: number; }' is not assignable to parameter of type 'string'.
src/routes/api/clustering/som/train/+server.ts(66,13): error TS2552: Cannot find name 'documents'. Did you mean 'documentIds'?    
src/routes/api/clustering/som/train/+server.ts(67,20): error TS2552: Cannot find name 'documents'. Did you mean 'documentIds'?    
src/routes/api/clustering/som/train/+server.ts(68,19): error TS2552: Cannot find name 'documents'. Did you mean 'documentIds'?    
src/routes/api/clustering/som/train/+server.ts(70,13): error TS2552: Cannot find name 'documents'. Did you mean 'documentIds'?    
src/routes/api/clustering/som/train/+server.ts(71,22): error TS2552: Cannot find name 'documents'. Did you mean 'documentIds'?    
src/routes/api/clustering/som/train/+server.ts(171,42): error TS2345: Argument of type '{ width: any; height: any; learningRate: any; radius: any; iterations: any; dimensions: number; }' is not assignable to parameter of type 'SOMConfig'.
  Type '{ width: any; height: any; learningRate: any; radius: any; iterations: any; dimensions: number; }' is missing the following properties from type 'SOMConfig': algorithm, gridWidth, gridHeight, k, and 2 more.
src/routes/api/criminals/+server.ts(65,5): error TS2741: Property 'orderBy' is missing in type 'Omit<import("C:/Users/james/Desktop/deeds-web/deeds-web-app/sveltekit-frontend/node_modules/drizzle-orm/pg-core/query-builders/select").PgSelectBase<"criminals", { 
id: import("C:/Users/james/Desktop/deeds-web/deeds-web-app/sveltekit-frontend/node_modules/drizzle-orm/pg-core/columns/common").PgColumn<{ name: "id"; ta...' but required in type 'Omit<import("C:/Users/james/Desktop/deeds-web/deeds-web-app/sveltekit-frontend/node_modules/drizzle-orm/pg-core/query-builders/select").PgSelectBase<"criminals", { id: import("C:/Users/james/Desktop/deeds-web/deeds-web-app/sveltekit-frontend/node_modules/drizzle-orm/pg-core/columns/common").PgColumn<{ name: "id"; ta...'.
src/routes/api/criminals/+server.ts(70,5): error TS2739: Type 'Omit<PgSelectBase<"criminals", { id: PgColumn<{ name: "id"; tableName: "criminals"; dataType: "string"; columnType: "PgUUID"; data: string; driverParam: string; notNull: true; hasDefault: true; enumValues: undefined; baseColumn: never; }, {}, {}>; ... 25 more ...; updatedAt: PgColumn<...>; }, ... 5 more ..., { ...; ...' is missing the following properties from type 'Omit<PgSelectBase<"criminals", { id: PgColumn<{ name: "id"; tableName: "criminals"; dataType: "string"; columnType: "PgUUID"; data: string; driverParam: string; notNull: true; hasDefault: true; enumValues: undefined; baseColumn: never; }, {}, {}>; ... 25 more ...; updatedAt: PgColumn<...>; }, ... 5 more ..., { ...; ...': limit, offset
src/routes/api/criminals/+server.ts(79,7): error TS2740: Type 'Omit<PgSelectBase<"criminals", { count: SQL<number>; }, "partial", 
Record<"criminals", "not-null">, false, "where", { count: number; }[], { count: DrizzleTypeError<"You cannot reference this field 
without assigning it an alias first - use `.as(<alias>)`">; }>, "where">' is missing the following properties from type 'PgSelectBase<"criminals", { count: SQL<number>; }, "partial", Record<"criminals", "not-null">, false, never, { count: number; }[], { count: DrizzleTypeError<"You cannot reference this field without assigning it an alias first - use `.as(<alias>)`">; }>': config, joinsNotNullableMap, tableName, isPartialSelect, and 5 more.
src/routes/api/documents/+server.ts(201,10): error TS2769: No overload matches this call.
  Overload 1 of 2, '(value: { title: string | SQL<unknown> | Placeholder<string, any>; content: string | SQL<unknown> | Placeholder<string, any>; status?: string | SQL<unknown> | Placeholder<...>; ... 18 more ...; readingTime?: number | ... 1 more ... | Placeholder<...>; }): PgInsertBase<...>', gave the following error.
    Type 'string' is not assignable to type 'SQL<unknown> | Placeholder<string, any> | { type?: "statute" | "case" | "regulation"; source?: string; text?: string; id?: string; relevanceScore?: number; page?: number; }[]'.
  Overload 2 of 2, '(values: { title: string | SQL<unknown> | Placeholder<string, any>; content: string | SQL<unknown> | Placeholder<string, any>; status?: string | SQL<unknown> | Placeholder<...>; ... 18 more ...; readingTime?: number | ... 1 more ... | Placeholder<...>; }[]): PgInsertBase<...>', gave the following error.
    Object literal may only specify known properties, and 'title' does not exist in type '{ title: string | SQL<unknown> | Placeholder<string, any>; content: string | SQL<unknown> | Placeholder<string, any>; status?: string | SQL<unknown> | Placeholder<...>; ... 18 more ...; readingTime?: number | ... 1 more ... | Placeholder<...>; }[]'.
src/routes/api/documents/[id]/auto-save/+server.ts(77,43): error TS2339: Property 'lastSavedAt' does not exist on type '{ status: 
string; title: string; metadata: { template?: string; jurisdiction?: string; keywords?: string[]; confidentialityLevel?: "public" 
| "restricted" | "confidential"; courtLevel?: string; customFields?: Record<...>; }; ... 18 more ...; readingTime: number; }'.    
src/routes/api/documents/[id]/auto-save/+server.ts(79,39): error TS2339: Property 'isDirty' does not exist on type '{ status: string; title: string; metadata: { template?: string; jurisdiction?: string; keywords?: string[]; confidentialityLevel?: "public" | "restricted" | "confidential"; courtLevel?: string; customFields?: Record<...>; }; ... 18 more ...; readingTime: number; }'.        
src/routes/api/documents/[id]/auto-save/+server.ts(129,35): error TS2339: Property 'isDirty' does not exist on type 'PgTableWithColumns<{ name: "legal_documents"; schema: undefined; columns: { id: PgColumn<{ name: "id"; tableName: "legal_documents"; dataType: 
"string"; columnType: "PgText"; data: string; driverParam: string; notNull: true; hasDefault: true; enumValues: [...]; baseColumn: never; }, {}, {}>; ... 20 more ...; archive...'.
src/routes/api/documents/[id]/auto-save/+server.ts(130,39): error TS2339: Property 'lastSavedAt' does not exist on type 'PgTableWithColumns<{ name: "legal_documents"; schema: undefined; columns: { id: PgColumn<{ name: "id"; tableName: "legal_documents"; dataType: "string"; columnType: "PgText"; data: string; driverParam: string; notNull: true; hasDefault: true; enumValues: [...]; baseColumn: never; }, {}, {}>; ... 20 more ...; archive...'.
src/routes/api/documents/upload/+server.ts(41,16): error TS2393: Duplicate function implementation.
src/routes/api/documents/upload/+server.ts(46,16): error TS2393: Duplicate function implementation.
src/routes/api/documents/upload/+server.ts(125,21): error TS2304: Cannot find name 'legalDocs'.
src/routes/api/embed/+server.ts(83,13): error TS2353: Object literal may only specify known properties, and 'context' does not exist in type 'EmbeddingOptions'.
src/routes/api/embeddings/+server.ts(54,55): error TS2322: Type 'string' is not assignable to type '"local" | "openai"'.
src/routes/api/embeddings/+server.ts(102,7): error TS2322: Type 'string' is not assignable to type '"local" | "openai"'.
src/routes/api/evidence/+server.ts(84,7): error TS2740: Type 'Omit<PgSelectBase<"evidence", { id: PgColumn<{ name: "id"; tableName: "evidence"; dataType: "string"; columnType: "PgUUID"; data: string; driverParam: string; notNull: true; hasDefault: true; enumValues: undefined; baseColumn: never; }, {}, {}>; ... 27 more ...; updatedAt: PgColumn<...>; }, ... 5 more ..., { ...; }>...' is missing the following properties from type 'PgSelectBase<"evidence", { id: PgColumn<{ name: "id"; tableName: "evidence"; dataType: "string"; columnType: "PgUUID"; data: string; driverParam: string; notNull: true; hasDefault: true; enumValues: undefined; baseColumn: never; }, {}, {}>; ... 27 more ...; updatedAt: PgColumn<...>; }, ... 5 more ..., { ...; }>': config, joinsNotNullableMap, tableName, isPartialSelect, and 5 more.
src/routes/api/evidence/+server.ts(98,5): error TS2740: Type 'Omit<PgSelectBase<"evidence", { id: PgColumn<{ name: "id"; tableName: "evidence"; dataType: "string"; columnType: "PgUUID"; data: string; driverParam: string; notNull: true; hasDefault: true; enumValues: undefined; baseColumn: never; }, {}, {}>; ... 27 more ...; updatedAt: PgColumn<...>; }, ... 5 more ..., { ...; }>...' is missing the following properties from type 'PgSelectBase<"evidence", { id: PgColumn<{ name: "id"; tableName: "evidence"; dataType: "string"; columnType: "PgUUID"; data: string; driverParam: string; notNull: true; hasDefault: true; enumValues: undefined; baseColumn: never; }, {}, {}>; ... 27 more ...; updatedAt: PgColumn<...>; }, ... 5 more ..., { ...; }>': config, joinsNotNullableMap, tableName, isPartialSelect, and 5 more.
src/routes/api/evidence/+server.ts(103,5): error TS2740: Type 'Omit<PgSelectBase<"evidence", { id: PgColumn<{ name: "id"; tableName: "evidence"; dataType: "string"; columnType: "PgUUID"; data: string; driverParam: string; notNull: true; hasDefault: true; enumValues: undefined; baseColumn: never; }, {}, {}>; ... 27 more ...; updatedAt: PgColumn<...>; }, ... 5 more ..., { ...; }>...' is missing the following properties from type 'PgSelectBase<"evidence", { id: PgColumn<{ name: "id"; tableName: "evidence"; dataType: "string"; columnType: "PgUUID"; data: string; driverParam: string; notNull: true; hasDefault: true; enumValues: undefined; baseColumn: never; }, {}, {}>; ... 27 more ...; updatedAt: PgColumn<...>; }, ... 5 more ..., { ...; }>': config, joinsNotNullableMap, tableName, isPartialSelect, and 6 more.
src/routes/api/evidence/+server.ts(110,7): error TS2740: Type 'Omit<PgSelectBase<"evidence", { count: SQL<number>; }, "partial", Record<"evidence", "not-null">, false, "where", { count: number; }[], { count: DrizzleTypeError<"You cannot reference this field without assigning it an alias first - use `.as(<alias>)`">; }>, "where">' is missing the following properties from type 'PgSelectBase<"evidence", { count: SQL<number>; }, "partial", Record<"evidence", "not-null">, false, never, { count: number; }[], { count: DrizzleTypeError<"You cannot reference this field without assigning it an alias first - use `.as(<alias>)`">; }>': config, joinsNotNullableMap, tableName, isPartialSelect, and 5 more.
src/routes/api/evidence/validate/+server.ts(34,31): error TS2345: Argument of type 'unknown' is not assignable to parameter of type 'string'.
src/routes/api/evidence/validate/+server.ts(50,21): error TS2339: Property 'validations' does not exist on type '{}'.
src/routes/api/evidence/validate/+server.ts(51,18): error TS2339: Property 'validations' does not exist on type '{}'.
src/routes/api/evidence/validate/+server.ts(53,16): error TS2339: Property 'validations' does not exist on type '{}'.
src/routes/api/evidence/validate/+server.ts(58,20): error TS2339: Property 'summary' does not exist on type '{}'.
src/routes/api/evidence/validate/+server.ts(61,20): error TS2339: Property 'tags' does not exist on type '{}'.
src/routes/api/evidence/validate/+server.ts(64,20): error TS2339: Property 'evidenceType' does not exist on type '{}'.
src/routes/api/evidence/validate/+server.ts(68,41): error TS2339: Property 'validations' does not exist on type '{}'.
src/routes/api/evidence/validate/+server.ts(71,41): error TS2339: Property 'validations' does not exist on type '{}'.
src/routes/api/evidence/validate/+server.ts(72,16): error TS2339: Property 'validationScore' does not exist on type '{}'.
src/routes/api/evidence/validate/+server.ts(151,31): error TS2345: Argument of type 'unknown' is not assignable to parameter of type 'string'.
src/routes/api/evidence/validate/+server.ts(155,36): error TS2339: Property 'validations' does not exist on type '{}'.
src/routes/api/evidence/validate/+server.ts(161,35): error TS2339: Property 'validationScore' does not exist on type '{}'.        
src/routes/api/export/+server.ts(60,9): error TS2740: Type 'Omit<PgSelectBase<"cases", { id: PgColumn<{ name: "id"; tableName: "cases"; dataType: "string"; columnType: "PgUUID"; data: string; driverParam: string; notNull: true; hasDefault: true; enumValues: undefined; baseColumn: never; }, {}, {}>; ... 21 more ...; closedAt: PgColumn<...>; }, ... 5 more ..., { ...; }>, "wher...' is missing the following properties from type 'PgSelectBase<"cases", { id: PgColumn<{ name: "id"; tableName: "cases"; dataType: "string"; 
columnType: "PgUUID"; data: string; driverParam: string; notNull: true; hasDefault: true; enumValues: undefined; baseColumn: never; }, {}, {}>; ... 21 more ...; closedAt: PgColumn<...>; }, ... 5 more ..., { ...; }>': config, joinsNotNullableMap, tableName, isPartialSelect, and 5 more.
src/routes/api/export/+server.ts(63,9): error TS2740: Type 'Omit<PgSelectBase<"cases", { id: PgColumn<{ name: "id"; tableName: "cases"; dataType: "string"; columnType: "PgUUID"; data: string; driverParam: string; notNull: true; hasDefault: true; enumValues: undefined; baseColumn: never; }, {}, {}>; ... 21 more ...; closedAt: PgColumn<...>; }, ... 5 more ..., { ...; }>, "wher...' is missing the following properties from type 'PgSelectBase<"cases", { id: PgColumn<{ name: "id"; tableName: "cases"; dataType: "string"; 
columnType: "PgUUID"; data: string; driverParam: string; notNull: true; hasDefault: true; enumValues: undefined; baseColumn: never; }, {}, {}>; ... 21 more ...; closedAt: PgColumn<...>; }, ... 5 more ..., { ...; }>': config, joinsNotNullableMap, tableName, isPartialSelect, and 5 more.
src/routes/api/export/+server.ts(68,9): error TS2740: Type 'Omit<PgSelectBase<"cases", { id: PgColumn<{ name: "id"; tableName: "cases"; dataType: "string"; columnType: "PgUUID"; data: string; driverParam: string; notNull: true; hasDefault: true; enumValues: undefined; baseColumn: never; }, {}, {}>; ... 21 more ...; closedAt: PgColumn<...>; }, ... 5 more ..., { ...; }>, "wher...' is missing the following properties from type 'PgSelectBase<"cases", { id: PgColumn<{ name: "id"; tableName: "cases"; dataType: "string"; 
columnType: "PgUUID"; data: string; driverParam: string; notNull: true; hasDefault: true; enumValues: undefined; baseColumn: never; }, {}, {}>; ... 21 more ...; closedAt: PgColumn<...>; }, ... 5 more ..., { ...; }>': config, joinsNotNullableMap, tableName, isPartialSelect, and 5 more.
src/routes/api/export/+server.ts(78,9): error TS2740: Type 'Omit<PgSelectBase<"evidence", { id: PgColumn<{ name: "id"; tableName: 
"evidence"; dataType: "string"; columnType: "PgUUID"; data: string; driverParam: string; notNull: true; hasDefault: true; enumValues: undefined; baseColumn: never; }, {}, {}>; ... 27 more ...; updatedAt: PgColumn<...>; }, ... 5 more ..., { ...; }>...' is missing the following properties from type 'PgSelectBase<"evidence", { id: PgColumn<{ name: "id"; tableName: "evidence"; dataType: "string"; columnType: "PgUUID"; data: string; driverParam: string; notNull: true; hasDefault: true; enumValues: undefined; baseColumn: never; }, {}, {}>; ... 27 more ...; updatedAt: PgColumn<...>; }, ... 5 more ..., { ...; }>': config, joinsNotNullableMap, tableName, isPartialSelect, and 5 more.
src/routes/api/export/+server.ts(83,9): error TS2740: Type 'Omit<PgSelectBase<"evidence", { id: PgColumn<{ name: "id"; tableName: 
"evidence"; dataType: "string"; columnType: "PgUUID"; data: string; driverParam: string; notNull: true; hasDefault: true; enumValues: undefined; baseColumn: never; }, {}, {}>; ... 27 more ...; updatedAt: PgColumn<...>; }, ... 5 more ..., { ...; }>...' is missing the following properties from type 'PgSelectBase<"evidence", { id: PgColumn<{ name: "id"; tableName: "evidence"; dataType: "string"; columnType: "PgUUID"; data: string; driverParam: string; notNull: true; hasDefault: true; enumValues: undefined; baseColumn: never; }, {}, {}>; ... 27 more ...; updatedAt: PgColumn<...>; }, ... 5 more ..., { ...; }>': config, joinsNotNullableMap, tableName, isPartialSelect, and 5 more.
src/routes/api/export/+server.ts(88,9): error TS2740: Type 'Omit<PgSelectBase<"evidence", { id: PgColumn<{ name: "id"; tableName: 
"evidence"; dataType: "string"; columnType: "PgUUID"; data: string; driverParam: string; notNull: true; hasDefault: true; enumValues: undefined; baseColumn: never; }, {}, {}>; ... 27 more ...; updatedAt: PgColumn<...>; }, ... 5 more ..., { ...; }>...' is missing the following properties from type 'PgSelectBase<"evidence", { id: PgColumn<{ name: "id"; tableName: "evidence"; dataType: "string"; columnType: "PgUUID"; data: string; driverParam: string; notNull: true; hasDefault: true; enumValues: undefined; baseColumn: never; }, {}, {}>; ... 27 more ...; updatedAt: PgColumn<...>; }, ... 5 more ..., { ...; }>': config, joinsNotNullableMap, tableName, isPartialSelect, and 5 more.
src/routes/api/legal/chat/+server.ts(74,8): error TS2769: No overload matches this call.
  Overload 1 of 2, '(value: { id?: string | SQL<unknown> | Placeholder<string, any>; isActive?: boolean | SQL<unknown> | Placeholder<string, any>; createdAt?: SQL<unknown> | Date | Placeholder<...>; ... 9 more ...; sourcesUsed?: unknown; }): PgInsertBase<...>', gave the following error.
    Type 'number' is not assignable to type 'string | SQL<unknown> | Placeholder<string, any>'.
  Overload 2 of 2, '(values: { id?: string | SQL<unknown> | Placeholder<string, any>; isActive?: boolean | SQL<unknown> | Placeholder<string, any>; createdAt?: SQL<unknown> | Date | Placeholder<...>; ... 9 more ...; sourcesUsed?: unknown; }[]): PgInsertBase<...>', gave the following error.
    Object literal may only specify known properties, and 'caseId' does not exist in type '{ id?: string | SQL<unknown> | Placeholder<string, any>; isActive?: boolean | SQL<unknown> | Placeholder<string, any>; createdAt?: SQL<unknown> | Date | Placeholder<...>; ... 9 more ...; sourcesUsed?: unknown; }[]'.
src/routes/api/legal/chat/+server.ts(89,33): error TS2552: Cannot find name 'sessionId'. Did you mean 'session'?
‚ùå Check failed: Command failed with code 2: 