ðŸ”„ Running: npx tsc --noEmit --skipLibCheck --incremental
src/lib/ai/langchain-ollama-service.ts(79,7): error TS2515: Non-abstract class 'PostgreSQLVectorRetriever' does not implement inherited abstract member lc_namespace from class 'BaseRetriever<Record<string, any>>'.
src/lib/ai/langchain-ollama-service.ts(283,11): error TS2353: Object literal may only specify known properties, and 'processedAt' does not exist in type '{ title?: string | SQL<unknown> | PgColumn<ColumnBaseConfig<ColumnDataType, string>, {}, {}>; id?: string | SQL<unknown> | PgColumn<ColumnBaseConfig<ColumnDataType, string>, {}, {}>; ... 13 more ...; source?: string | ... 1 more ... | PgColumn<...>; }'.
src/lib/forms/superforms-xstate-integration.ts(29,37): error TS2344: Type 'T' does not satisfy the constraint 'Record<string, unknown>'.
src/lib/forms/superforms-xstate-integration.ts(96,59): error TS2339: Property 'valid' does not exist on type '{ title?: string; description?: string; documentType?: "contract" | "motion" | "brief" | "evidence" | "correspondence" | "statute" | "regulation" | "case_law" | "other"; jurisdiction?: "federal" | ... 2 more ... | "international"; tags?: string[]; file?: File; aiProcessing?: { ...; }; }'.
src/lib/forms/superforms-xstate-integration.ts(127,17): error TS2339: Property 'valid' does not exist on type '{ title?: string; description?: string; documentType?: "contract" | "motion" | "brief" | "evidence" | "correspondence" | "statute" | "regulation" | "case_law" | "other"; jurisdiction?: "federal" | ... 2 more ... | "international"; tags?: string[]; file?: File; aiProcessing?: { ...; }; }'.
src/lib/forms/superforms-xstate-integration.ts(130,78): error TS2339: Property 'data' does not exist on type '{ title?: string; description?: string; documentType?: "contract" | "motion" | "brief" | "evidence" | "correspondence" | "statute" | "regulation" | "case_law" | "other"; jurisdiction?: "federal" | ... 2 more ... | "international"; tags?: string[]; file?: File; aiProcessing?: { ...; }; }'.
src/lib/forms/superforms-xstate-integration.ts(141,5): error TS2739: Type 'Readable<any>' is missing the following properties from type 'Writable<boolean>': set, update
src/lib/forms/superforms-xstate-integration.ts(142,5): error TS2739: Type 'Readable<boolean>' is missing the following properties from type 'Writable<boolean>': set, update
src/lib/forms/superforms-xstate-integration.ts(143,5): error TS2739: Type 'Readable<{ _errors?: string[]; title?: string[]; description?: string[]; documentType?: string[]; jurisdiction?: string[]; tags?: { _errors?: string[]; } & Record<string | number, string[]>; file?: string[]; aiProcessing?: { ...; } & SuperStructArray<...>; }>' is missing the following properties from type 'Writable<Record<string, string[]>>': set, update
src/lib/forms/superforms-xstate-integration.ts(144,5): error TS2739: Type 'Readable<number>' is missing the following properties from type 'Writable<number>': set, update
src/lib/forms/superforms-xstate-integration.ts(184,59): error TS2339: Property 'valid' does not exist on type '{ title?: string; description?: string; status?: "active" | "pending" | "closed" | "archived"; jurisdiction?: "federal" | "state" | "local" | "international"; tags?: string[]; caseNumber?: string; priority?: "low" | ... 2 more ... | "urgent"; assignedTo?: string; estimatedDuration?: number; budget?: number; }'.
src/lib/forms/superforms-xstate-integration.ts(219,5): error TS2739: Type 'Readable<any>' is missing the following properties from type 'Writable<boolean>': set, update
src/lib/forms/superforms-xstate-integration.ts(220,5): error TS2739: Type 'Readable<boolean>' is missing the following properties from type 'Writable<boolean>': set, update
src/lib/forms/superforms-xstate-integration.ts(221,5): error TS2739: Type 'Readable<{ _errors?: string[]; title?: string[]; description?: string[]; status?: string[]; jurisdiction?: string[]; tags?: { _errors?: string[]; } & Record<string | number, string[]>; caseNumber?: string[]; priority?: string[]; assignedTo?: string[]; estimatedDuration?: string[]; budget?: string[]; }>' is missing the following properties from type 'Writable<Record<string, string[]>>': set, update
src/lib/forms/superforms-xstate-integration.ts(222,5): error TS2739: Type 'Readable<0 | 100 | 80 | 60 | 30>' is missing the following properties from type 'Writable<number>': set, update
src/lib/forms/superforms-xstate-integration.ts(265,59): error TS2339: Property 'valid' does not exist on type '{ query?: string; filters?: { tags?: string[]; documentTypes?: string[]; jurisdictions?: string[]; dateRange?: { from?: Date; to?: Date; }; similarityThreshold?: number; maxResults?: number; }; useAI?: boolean; cacheResults?: boolean; }'.
src/lib/forms/superforms-xstate-integration.ts(302,5): error TS2739: Type 'Readable<any>' is missing the following properties from type 'Writable<boolean>': set, update
src/lib/forms/superforms-xstate-integration.ts(303,5): error TS2739: Type 'Readable<boolean>' is missing the following properties from type 'Writable<boolean>': set, update
src/lib/forms/superforms-xstate-integration.ts(304,5): error TS2739: Type 'Readable<{ _errors?: string[]; query?: string[]; filters?: { _errors?: string[]; } & SuperStructArray<MergeUnion<{ tags?: string[]; documentTypes?: string[]; jurisdictions?: string[]; dateRange?: { from?: Date; to?: Date; }; similarityThreshold?: number; maxResults?: number; }>, string[], { ...; }>; useAI?: string[]...' is missing the following properties from type 'Writable<Record<string, string[]>>': set, update
src/lib/forms/superforms-xstate-integration.ts(305,5): error TS2739: Type 'Readable<0 | 100 | 20 | 60>' is missing the following properties from type 'Writable<number>': set, update
src/lib/forms/superforms-xstate-integration.ts(342,59): error TS2339: Property 'valid' does not exist on type '{ options?: { model?: string; temperature?: number; maxTokens?: number; includeConfidence?: boolean; generateCitations?: boolean; }; documentId?: string; analysisType?: "summary" | "entities" | "risk" | "recommendations" | "precedents" | "compliance"; }'.
src/lib/forms/superforms-xstate-integration.ts(378,5): error TS2739: Type 'Readable<any>' is missing the following properties from type 'Writable<boolean>': set, update
src/lib/forms/superforms-xstate-integration.ts(379,5): error TS2739: Type 'Readable<boolean>' is missing the following properties from type 'Writable<boolean>': set, update
src/lib/forms/superforms-xstate-integration.ts(380,5): error TS2739: Type 'Readable<{ _errors?: string[]; options?: { _errors?: string[]; } & SuperStructArray<MergeUnion<{ model?: string; temperature?: number; maxTokens?: number; includeConfidence?: boolean; generateCitations?: boolean; }>, string[], { ...; }>; documentId?: string[]; analysisType?: string[]; }>' is missing the following properties from type 'Writable<Record<string, string[]>>': set, update
src/lib/forms/superforms-xstate-integration.ts(381,5): error TS2739: Type 'Readable<10 | 0 | 100 | 70 | 50>' is missing the following properties from type 'Writable<number>': set, update
src/lib/forms/superforms-xstate-integration.ts(399,5): error TS1042: 'async' modifier cannot be used here.
src/lib/services/ai-summarization-service.ts(131,11): error TS2353: Object literal may only specify known properties, and 'role' does not exist in type 'BaseMessage'.
src/lib/services/ai-summarization-service.ts(132,11): error TS2353: Object literal may only specify known properties, and 'role' does not exist in type 'BaseMessage'.
src/lib/services/ai-summarization-service.ts(241,18): error TS2339: Property 'metadata' does not exist on type '{ id: string; caseId: string; userId: string; title: string; description: string; evidenceType: string; subType: string; fileName: string; fileSize: number; mimeType: string; hash: string; collectedAt: Date; ... 14 more ...; updatedAt: Date; }'.
src/lib/services/ai-summarization-service.ts(242,26): error TS2339: Property 'metadata' does not exist on type '{ id: string; caseId: string; userId: string; title: string; description: string; evidenceType: string; subType: string; fileName: string; fileSize: number; mimeType: string; hash: string; collectedAt: Date; ... 14 more ...; updatedAt: Date; }'.
src/lib/services/ai-summarization-service.ts(264,13): error TS2698: Spread types may only be created from object types.
src/lib/services/caching-service.ts(5,10): error TS2305: Module '"./comprehensive-caching-architecture"' has no exported member 'comprehensiveCache'.
src/lib/services/caching-service.ts(5,30): error TS2305: Module '"./comprehensive-caching-architecture"' has no exported member 'ComprehensiveCacheManager'.
src/lib/services/comprehensive-caching-service.ts(80,27): error TS2304: Cannot find name 'Collection'.
src/lib/services/comprehensive-caching-service.ts(242,15): error TS2322: Type '{ ttl: number; interval: number; }' is not assignable to type 'number'.
src/lib/services/comprehensive-caching-service.ts(427,5): error TS2739: Type 'Promise<any>' is missing the following properties from type 'CacheStats': layers, overall
src/lib/services/comprehensive-caching-service.ts(427,16): error TS2345: Argument of type 'Writable<CacheStats>' is not assignable to parameter of type 'IDBValidKey'.
src/lib/services/comprehensive-caching-service.ts(741,3): error TS2484: Export declaration conflicts with exported declaration of 'CacheConfig'.
src/lib/services/comprehensive-caching-service.ts(742,3): error TS2484: Export declaration conflicts with exported declaration of 'CacheEntry'.
src/lib/services/comprehensive-caching-service.ts(743,3): error TS2484: Export declaration conflicts with exported declaration of 'CacheStats'.
src/lib/services/comprehensive-caching-service.ts(744,3): error TS2484: Export declaration conflicts with exported declaration of 'CacheLayer'.
src/lib/services/comprehensive-caching-service.ts(745,3): error TS2484: Export declaration conflicts with exported declaration of 'CacheStrategy'.
src/lib/services/langchain-config-service.ts(183,7): error TS2353: Object literal may only specify known properties, and 'maxTokens' does not exist in type 'ChatOllamaInput'.
src/lib/services/langchain-config-service.ts(201,7): error TS2353: Object literal may only specify known properties, and 'maxTokens' does not exist in type 'ChatOllamaInput'.
src/lib/services/langchain-config-service.ts(546,22): error TS2339: Property 'clear' does not exist on type 'BaseMemory'.
src/lib/services/langchain-config-service.ts(551,22): error TS2339: Property 'clear' does not exist on type 'BaseMemory'.
src/lib/services/langchain-config-service.ts(596,3): error TS2484: Export declaration conflicts with exported declaration of 'LangChainConfig'.
src/lib/services/langchain-config-service.ts(597,3): error TS2484: Export declaration conflicts with exported declaration of 'ChainConfig'.
src/lib/services/langchain-config-service.ts(598,3): error TS2484: Export declaration conflicts with exported declaration of 'ConversationContext'.
src/lib/services/langchain-config-service.ts(599,3): error TS2484: Export declaration conflicts with exported declaration of 'ChainExecutionResult'.
src/lib/services/nomic-embedding-service.ts(120,11): error TS2353: Object literal may only specify known properties, and 'batchSize' does not exist in type 'OllamaCamelCaseOptions & Partial<Options>'.
src/lib/services/nomic-embedding-service.ts(430,9): error TS2741: Property 'where' is missing in type 'Omit<import("C:/Users/james/Desktop/deeds-web/deeds-web-app/sveltekit-frontend/node_modules/drizzle-orm/pg-core/query-builders/select").PgSelectBase<"search_index", { id: import("C:/Users/james/Desktop/deeds-web/deeds-web-app/sveltekit-frontend/node_modules/drizzle-orm/pg-core/columns/common").PgColumn<{ name: "id";...' but required in type 'Omit<import("C:/Users/james/Desktop/deeds-web/deeds-web-app/sveltekit-frontend/node_modules/drizzle-orm/pg-core/query-builders/select").PgSelectBase<"search_index", { id: import("C:/Users/james/Desktop/deeds-web/deeds-web-app/sveltekit-frontend/node_modules/drizzle-orm/pg-core/columns/common").PgColumn<{ name: "id";...'.
src/lib/services/nomic-embedding-service.ts(434,9): error TS2741: Property 'where' is missing in type 'Omit<import("C:/Users/james/Desktop/deeds-web/deeds-web-app/sveltekit-frontend/node_modules/drizzle-orm/pg-core/query-builders/select").PgSelectBase<"search_index", { id: import("C:/Users/james/Desktop/deeds-web/deeds-web-app/sveltekit-frontend/node_modules/drizzle-orm/pg-core/columns/common").PgColumn<{ name: "id";...' but required in type 'Omit<import("C:/Users/james/Desktop/deeds-web/deeds-web-app/sveltekit-frontend/node_modules/drizzle-orm/pg-core/query-builders/select").PgSelectBase<"search_index", { id: import("C:/Users/james/Desktop/deeds-web/deeds-web-app/sveltekit-frontend/node_modules/drizzle-orm/pg-core/columns/common").PgColumn<{ name: "id";...'.
src/lib/services/nomic-embedding-service.ts(451,25): error TS2352: Conversion of type '{ id: string; content: string; metadata: { entityType: string; entityId: string; }; }' to type 'DocumentChunk' may be a mistake because neither type sufficiently overlaps with the other. If this was intentional, convert the expression to 'unknown' first.
  Types of property 'metadata' are incompatible.
    Type '{ entityType: string; entityId: string; }' is missing the following properties from type '{ [key: string]: any; source: string; chunkIndex: number; totalChunks: number; startIndex: number; endIndex: number; }': source, chunkIndex, totalChunks, startIndex, endIndex
src/lib/services/nomic-embedding-service.ts(618,3): error TS2484: Export declaration conflicts with exported declaration of 'EmbeddingConfig'.
src/lib/services/nomic-embedding-service.ts(619,3): error TS2484: Export declaration conflicts with exported declaration of 'DocumentChunk'.
src/lib/services/nomic-embedding-service.ts(620,3): error TS2484: Export declaration conflicts with exported declaration of 'EmbeddingResult'.
src/lib/services/nomic-embedding-service.ts(621,3): error TS2484: Export declaration conflicts with exported declaration of 'SimilaritySearchResult'.
src/lib/services/nomic-embedding-service.ts(622,3): error TS2484: Export declaration conflicts with exported declaration of 'BatchEmbeddingResult'.
src/lib/services/ollama-cuda-service.ts(234,51): error TS2345: Argument of type '{ model?: string; temperature?: number; maxTokens?: number; streaming?: StreamingOptions; }' is not assignable to parameter of type '{ streaming: StreamingOptions; temperature?: number; }'.
  Property 'streaming' is optional in type '{ model?: string; temperature?: number; maxTokens?: number; streaming?: StreamingOptions; }' but required in type '{ streaming: StreamingOptions; temperature?: number; }'.
src/lib/services/ollama-cuda-service.ts(238,9): error TS2353: Object literal may only specify known properties, and 'temperature' does not exist in type 'ChatOllamaCallOptions'.
src/lib/services/ollama-cuda-service.ts(240,11): error TS2352: Conversion of type '{ handleLLMStart: () => Promise<void>; handleLLMEnd: () => Promise<void>; handleLLMError: (error: Error) => Promise<void>; }' to type 'CallbackManagerForLLMRun' may be a mistake because neither type sufficiently overlaps with the other. If this was intentional, convert the expression to 'unknown' first.
  Type '{ handleLLMStart: () => Promise<void>; handleLLMEnd: () => Promise<void>; handleLLMError: (error: Error) => Promise<void>; }' is missing the following properties from type 'CallbackManagerForLLMRun': handleLLMNewToken, runId, handlers, inheritableHandlers, and 7 more.
src/lib/services/ollama-cuda-service.ts(246,80): error TS2339: Property 'length' does not exist on type 'AIMessageChunk'.
src/lib/services/ollama-cuda-service.ts(275,9): error TS2353: Object literal may only specify known properties, and 'temperature' does not exist in type 'Partial<ChatOllamaCallOptions>'.
src/lib/services/ollama-cuda-service.ts(529,3): error TS2484: Export declaration conflicts with exported declaration of 'CudaConfig'.
src/lib/services/ollama-cuda-service.ts(530,3): error TS2484: Export declaration conflicts with exported declaration of 'OllamaModelConfig'.
src/lib/services/ollama-cuda-service.ts(531,3): error TS2484: Export declaration conflicts with exported declaration of 'ModelMetrics'.
src/lib/services/ollama-cuda-service.ts(532,3): error TS2484: Export declaration conflicts with exported declaration of 'StreamingOptions'.
src/lib/services/performance-optimization-service.ts(712,3): error TS2484: Export declaration conflicts with exported declaration of 'PerformanceMetrics'.
src/lib/services/performance-optimization-service.ts(713,3): error TS2484: Export declaration conflicts with exported declaration of 'OptimizationConfig'.
src/lib/services/performance-optimization-service.ts(714,3): error TS2484: Export declaration conflicts with exported declaration of 'BatchRequest'.
src/lib/services/performance-optimization-service.ts(715,3): error TS2484: Export declaration conflicts with exported declaration of 'ConnectionPool'.
src/lib/services/vector-search-service.ts(244,23): error TS2339: Property 'where' does not exist on type 'Omit<PgSelectBase<"evidence", { id: PgColumn<{ name: "id"; tableName: "evidence"; dataType: "string"; columnType: "PgUUID"; data: string; driverParam: string; notNull: true; hasDefault: true; isPrimaryKey: true; isAutoincrement: false; ... 4 more ...; generated: undefined; }, {}, {}>; ... 10 more ...; similarity: Al...'.
src/lib/services/vector-search-service.ts(551,23): error TS2339: Property 'where' does not exist on type 'Omit<PgSelectBase<"evidence", { id: PgColumn<{ name: "id"; tableName: "evidence"; dataType: "string"; columnType: "PgUUID"; data: string; driverParam: string; notNull: true; hasDefault: true; isPrimaryKey: true; isAutoincrement: false; ... 4 more ...; generated: undefined; }, {}, {}>; ... 13 more ...; similarity: Al...'.
src/lib/services/vector-search-service.ts(587,58): error TS2554: Expected 1 arguments, but got 2.
src/lib/services/vector-search-service.ts(822,11): error TS2353: Object literal may only specify known properties, and 'role' does not exist in type 'BaseMessage'.
src/lib/services/vector-search-service.ts(823,11): error TS2353: Object literal may only specify known properties, and 'role' does not exist in type 'BaseMessage'.
src/lib/services/vector-search-service.ts(896,34): error TS2339: Property 'getIndex' does not exist on type 'Fuse<any>'.
src/lib/state/app-machine.ts(5,33): error TS2724: '"xstate"' has no exported member named 'spawn'. Did you mean 'Spawner'?
src/lib/state/app-machine.ts(373,7): error TS2322: Type 'ActionFunction<MachineContext, any, EventObject, {}, ProvidedActor, never, never, never, never>' is not assignable to type 'Actions<AppContext, AppEvents, AppEvents, undefined, ProvidedActor, ParameterizedObject, ParameterizedObject, string, EventObject>'.
  Type 'ActionFunction<MachineContext, any, EventObject, {}, ProvidedActor, never, never, never, never>' is not assignable to type 'ActionFunction<AppContext, AppEvents, AppEvents, undefined, ProvidedActor, ParameterizedObject, ParameterizedObject, string, EventObject>'.
    Types of property '_out_TEvent' are incompatible.
      Type 'EventObject' is not assignable to type 'AppEvents'.
        Type 'EventObject' is not assignable to type '{ type: "SHUTDOWN_APP"; }'.
          Types of property 'type' are incompatible.
            Type 'string' is not assignable to type '"SHUTDOWN_APP"'.
src/lib/state/app-machine.ts(376,9): error TS2322: Type '{ target: string; actions: (ActionFunction<MachineContext, AnyEventObject, EventObject, {}, ProvidedActor, never, never, never, never> | ActionFunction<...>)[]; }' is not assignable to type 'SingleOrArray<TransitionConfigOrTarget<AppContext, DoneActorEvent<any, string>, AppEvents, ProvidedActor, ParameterizedObject, ParameterizedObject, string, EventObject, MetaObject>>'.
  Types of property 'actions' are incompatible.
    Type '(ActionFunction<MachineContext, AnyEventObject, EventObject, {}, ProvidedActor, never, never, never, never> | ActionFunction<...>)[]' is not assignable to type 'Actions<AppContext, DoneActorEvent<any, string>, AppEvents, undefined, ProvidedActor, ParameterizedObject, ParameterizedObject, string, EventObject>'.
      Type '(ActionFunction<MachineContext, AnyEventObject, EventObject, {}, ProvidedActor, never, never, never, never> | ActionFunction<...>)[]' is not assignable to type 'readonly Action<AppContext, DoneActorEvent<any, string>, AppEvents, undefined, ProvidedActor, ParameterizedObject, ParameterizedObject, string, EventObject>[]'.
        Type 'ActionFunction<MachineContext, AnyEventObject, EventObject, {}, ProvidedActor, never, never, never, never> | ActionFunction<...>' is not assignable to type 'Action<AppContext, DoneActorEvent<any, string>, AppEvents, undefined, ProvidedActor, ParameterizedObject, ParameterizedObject, string, EventObject>'.
          Type 'ActionFunction<MachineContext, AnyEventObject, EventObject, {}, ProvidedActor, never, never, never, never>' is not assignable to type 'Action<AppContext, DoneActorEvent<any, string>, AppEvents, undefined, ProvidedActor, ParameterizedObject, ParameterizedObject, string, EventObject>'.
            Type 'ActionFunction<MachineContext, AnyEventObject, EventObject, {}, ProvidedActor, never, never, never, never>' is not assignable to type 'ActionFunction<AppContext, DoneActorEvent<any, string>, AppEvents, undefined, ProvidedActor, ParameterizedObject, ParameterizedObject, string, EventObject>'.
              Types of property '_out_TEvent' are incompatible.
                Type 'EventObject' is not assignable to type 'AppEvents'.
                  Type 'EventObject' is not assignable to type '{ type: "SHUTDOWN_APP"; }'.
                    Types of property 'type' are incompatible.
                      Type 'string' is not assignable to type '"SHUTDOWN_APP"'.
src/lib/state/app-machine.ts(389,9): error TS2322: Type '{ target: string; actions: ActionFunction<MachineContext, AnyEventObject, EventObject, {}, ProvidedActor, never, never, never, never>[]; }' is not assignable to type 'SingleOrArray<TransitionConfigOrTarget<AppContext, ErrorActorEvent<unknown, string>, AppEvents, ProvidedActor, ParameterizedObject, ParameterizedObject, string, EventObject, MetaObject>>'.
  Types of property 'actions' are incompatible.
    Type 'ActionFunction<MachineContext, AnyEventObject, EventObject, {}, ProvidedActor, never, never, never, never>[]' is not assignable to type 'Actions<AppContext, ErrorActorEvent<unknown, string>, AppEvents, undefined, ProvidedActor, ParameterizedObject, ParameterizedObject, string, EventObject>'.
      Type 'ActionFunction<MachineContext, AnyEventObject, EventObject, {}, ProvidedActor, never, never, never, never>[]' is not assignable to type 'readonly Action<AppContext, ErrorActorEvent<unknown, string>, AppEvents, undefined, ProvidedActor, ParameterizedObject, ParameterizedObject, string, EventObject>[]'.
        Type 'ActionFunction<MachineContext, AnyEventObject, EventObject, {}, ProvidedActor, never, never, never, never>' is not assignable to type 'Action<AppContext, ErrorActorEvent<unknown, string>, AppEvents, undefined, ProvidedActor, ParameterizedObject, ParameterizedObject, string, EventObject>'.
          Type 'ActionFunction<MachineContext, AnyEventObject, EventObject, {}, ProvidedActor, never, never, never, never>' is not assignable to type 'ActionFunction<AppContext, ErrorActorEvent<unknown, string>, AppEvents, undefined, ProvidedActor, ParameterizedObject, ParameterizedObject, string, EventObject>'.
            Types of property '_out_TEvent' are incompatible.
              Type 'EventObject' is not assignable to type 'AppEvents'.
                Type 'EventObject' is not assignable to type '{ type: "SHUTDOWN_APP"; }'.
                  Types of property 'type' are incompatible.
                    Type 'string' is not assignable to type '"SHUTDOWN_APP"'.
src/lib/state/app-machine.ts(402,9): error TS2322: Type '{ target: string; actions: ActionFunction<MachineContext, any, EventObject, {}, ProvidedActor, never, never, never, never>; }' is not assignable to type 'SingleOrArray<TransitionConfigOrTarget<AppContext, DoneActorEvent<any, string>, AppEvents, ProvidedActor, ParameterizedObject, ParameterizedObject, string, EventObject, MetaObject>>'.
  Types of property 'actions' are incompatible.
    Type 'ActionFunction<MachineContext, any, EventObject, {}, ProvidedActor, never, never, never, never>' is not assignable to type 'Actions<AppContext, DoneActorEvent<any, string>, AppEvents, undefined, ProvidedActor, ParameterizedObject, ParameterizedObject, string, EventObject>'.
      Type 'ActionFunction<MachineContext, any, EventObject, {}, ProvidedActor, never, never, never, never>' is not assignable to type 'ActionFunction<AppContext, DoneActorEvent<any, string>, AppEvents, undefined, ProvidedActor, ParameterizedObject, ParameterizedObject, string, EventObject>'.
        Types of property '_out_TEvent' are incompatible.
          Type 'EventObject' is not assignable to type 'AppEvents'.
            Type 'EventObject' is not assignable to type '{ type: "SHUTDOWN_APP"; }'.
              Types of property 'type' are incompatible.
                Type 'string' is not assignable to type '"SHUTDOWN_APP"'.
src/lib/state/app-machine.ts(414,9): error TS2322: Type '{ target: string; actions: ActionFunction<MachineContext, any, EventObject, {}, ProvidedActor, never, never, never, never>; }' is not assignable to type 'TransitionConfigOrTarget<AppContext, { type: "LOGIN"; credentials: { email: string; password: string; }; }, AppEvents, ProvidedActor, ParameterizedObject, ParameterizedObject, string, EventObject, MetaObject>'.
  Types of property 'actions' are incompatible.
    Type 'ActionFunction<MachineContext, any, EventObject, {}, ProvidedActor, never, never, never, never>' is not assignable to type 'Actions<AppContext, { type: "LOGIN"; credentials: { email: string; password: string; }; }, AppEvents, undefined, ProvidedActor, ParameterizedObject, ParameterizedObject, string, EventObject>'.
      Type 'ActionFunction<MachineContext, any, EventObject, {}, ProvidedActor, never, never, never, never>' is not assignable to type 'ActionFunction<AppContext, { type: "LOGIN"; credentials: { email: string; password: string; }; }, AppEvents, undefined, ProvidedActor, ParameterizedObject, ParameterizedObject, string, EventObject>'.
        Types of property '_out_TEvent' are incompatible.
          Type 'EventObject' is not assignable to type 'AppEvents'.
            Type 'EventObject' is not assignable to type '{ type: "SHUTDOWN_APP"; }'.
              Types of property 'type' are incompatible.
                Type 'string' is not assignable to type '"SHUTDOWN_APP"'.
src/lib/state/app-machine.ts(424,53): error TS2339: Property 'credentials' does not exist on type 'AppEvents'.
  Property 'credentials' does not exist on type '{ type: "LOGOUT"; }'.
src/lib/state/app-machine.ts(425,9): error TS2322: Type '{ target: string; actions: (ActionFunction<MachineContext, AnyEventObject, EventObject, {}, ProvidedActor, never, never, never, never> | ActionFunction<...>)[]; }' is not assignable to type 'SingleOrArray<TransitionConfigOrTarget<AppContext, DoneActorEvent<any, string>, AppEvents, ProvidedActor, ParameterizedObject, ParameterizedObject, string, EventObject, MetaObject>>'.
  Types of property 'actions' are incompatible.
    Type '(ActionFunction<MachineContext, AnyEventObject, EventObject, {}, ProvidedActor, never, never, never, never> | ActionFunction<...>)[]' is not assignable to type 'Actions<AppContext, DoneActorEvent<any, string>, AppEvents, undefined, ProvidedActor, ParameterizedObject, ParameterizedObject, string, EventObject>'.
      Type '(ActionFunction<MachineContext, AnyEventObject, EventObject, {}, ProvidedActor, never, never, never, never> | ActionFunction<...>)[]' is not assignable to type 'readonly Action<AppContext, DoneActorEvent<any, string>, AppEvents, undefined, ProvidedActor, ParameterizedObject, ParameterizedObject, string, EventObject>[]'.
        Type 'ActionFunction<MachineContext, AnyEventObject, EventObject, {}, ProvidedActor, never, never, never, never> | ActionFunction<...>' is not assignable to type 'Action<AppContext, DoneActorEvent<any, string>, AppEvents, undefined, ProvidedActor, ParameterizedObject, ParameterizedObject, string, EventObject>'.
          Type 'ActionFunction<MachineContext, AnyEventObject, EventObject, {}, ProvidedActor, never, never, never, never>' is not assignable to type 'Action<AppContext, DoneActorEvent<any, string>, AppEvents, undefined, ProvidedActor, ParameterizedObject, ParameterizedObject, string, EventObject>'.
            Type 'ActionFunction<MachineContext, AnyEventObject, EventObject, {}, ProvidedActor, never, never, never, never>' is not assignable to type 'ActionFunction<AppContext, DoneActorEvent<any, string>, AppEvents, undefined, ProvidedActor, ParameterizedObject, ParameterizedObject, string, EventObject>'.
              Types of property '_out_TEvent' are incompatible.
                Type 'EventObject' is not assignable to type 'AppEvents'.
                  Type 'EventObject' is not assignable to type '{ type: "SHUTDOWN_APP"; }'.
                    Types of property 'type' are incompatible.
                      Type 'string' is not assignable to type '"SHUTDOWN_APP"'.
src/lib/state/app-machine.ts(433,9): error TS2322: Type '{ target: string; actions: (ActionFunction<MachineContext, AnyEventObject, EventObject, {}, ProvidedActor, never, never, never, never> | ActionFunction<...>)[]; }' is not assignable to type 'SingleOrArray<TransitionConfigOrTarget<AppContext, ErrorActorEvent<unknown, string>, AppEvents, ProvidedActor, ParameterizedObject, ParameterizedObject, string, EventObject, MetaObject>>'.
  Types of property 'actions' are incompatible.
    Type '(ActionFunction<MachineContext, AnyEventObject, EventObject, {}, ProvidedActor, never, never, never, never> | ActionFunction<...>)[]' is not assignable to type 'Actions<AppContext, ErrorActorEvent<unknown, string>, AppEvents, undefined, ProvidedActor, ParameterizedObject, ParameterizedObject, string, EventObject>'.
      Type '(ActionFunction<MachineContext, AnyEventObject, EventObject, {}, ProvidedActor, never, never, never, never> | ActionFunction<...>)[]' is not assignable to type 'readonly Action<AppContext, ErrorActorEvent<unknown, string>, AppEvents, undefined, ProvidedActor, ParameterizedObject, ParameterizedObject, string, EventObject>[]'.
        Type 'ActionFunction<MachineContext, AnyEventObject, EventObject, {}, ProvidedActor, never, never, never, never> | ActionFunction<...>' is not assignable to type 'Action<AppContext, ErrorActorEvent<unknown, string>, AppEvents, undefined, ProvidedActor, ParameterizedObject, ParameterizedObject, string, EventObject>'.
          Type 'ActionFunction<MachineContext, AnyEventObject, EventObject, {}, ProvidedActor, never, never, never, never>' is not assignable to type 'Action<AppContext, ErrorActorEvent<unknown, string>, AppEvents, undefined, ProvidedActor, ParameterizedObject, ParameterizedObject, string, EventObject>'.
            Type 'ActionFunction<MachineContext, AnyEventObject, EventObject, {}, ProvidedActor, never, never, never, never>' is not assignable to type 'ActionFunction<AppContext, ErrorActorEvent<unknown, string>, AppEvents, undefined, ProvidedActor, ParameterizedObject, ParameterizedObject, string, EventObject>'.
              Types of property '_out_TEvent' are incompatible.
                Type 'EventObject' is not assignable to type 'AppEvents'.
                  Type 'EventObject' is not assignable to type '{ type: "SHUTDOWN_APP"; }'.
                    Types of property 'type' are incompatible.
                      Type 'string' is not assignable to type '"SHUTDOWN_APP"'.
src/lib/state/app-machine.ts(446,9): error TS2322: Type 'ActionFunction<MachineContext, AnyEventObject, EventObject, {}, ProvidedActor, never, never, never, never>' is not assignable to type 'Action<AppContext, AppEvents, AppEvents, undefined, ProvidedActor, ParameterizedObject, ParameterizedObject, string, EventObject>'.
  Type 'ActionFunction<MachineContext, AnyEventObject, EventObject, {}, ProvidedActor, never, never, never, never>' is not assignable to type 'ActionFunction<AppContext, AppEvents, AppEvents, undefined, ProvidedActor, ParameterizedObject, ParameterizedObject, string, EventObject>'.
    Types of property '_out_TEvent' are incompatible.
      Type 'EventObject' is not assignable to type 'AppEvents'.
        Type 'EventObject' is not assignable to type '{ type: "SHUTDOWN_APP"; }'.
          Types of property 'type' are incompatible.
            Type 'string' is not assignable to type '"SHUTDOWN_APP"'.
src/lib/state/app-machine.ts(447,9): error TS2322: Type 'ActionFunction<AppContext, any, EventObject, {}, ProvidedActor, never, never, never, never>' is not assignable to type 'Action<AppContext, AppEvents, AppEvents, undefined, ProvidedActor, ParameterizedObject, ParameterizedObject, string, EventObject>'.
  Type 'ActionFunction<AppContext, any, EventObject, {}, ProvidedActor, never, never, never, never>' is not assignable to type 'ActionFunction<AppContext, AppEvents, AppEvents, undefined, ProvidedActor, ParameterizedObject, ParameterizedObject, string, EventObject>'.
    Types of property '_out_TEvent' are incompatible.
      Type 'EventObject' is not assignable to type 'AppEvents'.
        Type 'EventObject' is not assignable to type '{ type: "SHUTDOWN_APP"; }'.
          Types of property 'type' are incompatible.
            Type 'string' is not assignable to type '"SHUTDOWN_APP"'.
src/lib/state/app-machine.ts(455,13): error TS2322: Type '{ actions: ActionFunction<MachineContext, any, EventObject, {}, ProvidedActor, never, never, never, never>; }' is not assignable to type 'TransitionConfigOrTarget<AppContext, { type: "NAVIGATE"; path: string; title?: string; }, AppEvents, ProvidedActor, ParameterizedObject, ParameterizedObject, string, EventObject, MetaObject>'.
  Types of property 'actions' are incompatible.
    Type 'ActionFunction<MachineContext, any, EventObject, {}, ProvidedActor, never, never, never, never>' is not assignable to type 'Actions<AppContext, { type: "NAVIGATE"; path: string; title?: string; }, AppEvents, undefined, ProvidedActor, ParameterizedObject, ParameterizedObject, string, EventObject>'.
      Type 'ActionFunction<MachineContext, any, EventObject, {}, ProvidedActor, never, never, never, never>' is not assignable to type 'ActionFunction<AppContext, { type: "NAVIGATE"; path: string; title?: string; }, AppEvents, undefined, ProvidedActor, ParameterizedObject, ParameterizedObject, string, EventObject>'.
        Types of property '_out_TEvent' are incompatible.
          Type 'EventObject' is not assignable to type 'AppEvents'.
            Type 'EventObject' is not assignable to type '{ type: "SHUTDOWN_APP"; }'.
              Types of property 'type' are incompatible.
                Type 'string' is not assignable to type '"SHUTDOWN_APP"'.
src/lib/state/app-machine.ts(458,13): error TS2322: Type '{ target: string; actions: ActionFunction<MachineContext, any, EventObject, {}, ProvidedActor, never, never, never, never>; }' is not assignable to type 'TransitionConfigOrTarget<AppContext, { type: "GLOBAL_LOADING"; message?: string; }, AppEvents, ProvidedActor, ParameterizedObject, ParameterizedObject, string, EventObject, MetaObject>'.
  Types of property 'actions' are incompatible.
    Type 'ActionFunction<MachineContext, any, EventObject, {}, ProvidedActor, never, never, never, never>' is not assignable to type 'Actions<AppContext, { type: "GLOBAL_LOADING"; message?: string; }, AppEvents, undefined, ProvidedActor, ParameterizedObject, ParameterizedObject, string, EventObject>'.
      Type 'ActionFunction<MachineContext, any, EventObject, {}, ProvidedActor, never, never, never, never>' is not assignable to type 'ActionFunction<AppContext, { type: "GLOBAL_LOADING"; message?: string; }, AppEvents, undefined, ProvidedActor, ParameterizedObject, ParameterizedObject, string, EventObject>'.
        Types of property '_out_TEvent' are incompatible.
          Type 'EventObject' is not assignable to type 'AppEvents'.
            Type 'EventObject' is not assignable to type '{ type: "SHUTDOWN_APP"; }'.
              Types of property 'type' are incompatible.
                Type 'string' is not assignable to type '"SHUTDOWN_APP"'.
src/lib/state/app-machine.ts(467,13): error TS2322: Type '{ target: string; actions: ActionFunction<MachineContext, AnyEventObject, EventObject, {}, ProvidedActor, never, never, never, never>; }' is not assignable to type 'TransitionConfigOrTarget<AppContext, { type: "GLOBAL_LOADING_COMPLETE"; }, AppEvents, ProvidedActor, ParameterizedObject, ParameterizedObject, string, EventObject, MetaObject>'.
  Types of property 'actions' are incompatible.
    Type 'ActionFunction<MachineContext, AnyEventObject, EventObject, {}, ProvidedActor, never, never, never, never>' is not assignable to type 'Actions<AppContext, { type: "GLOBAL_LOADING_COMPLETE"; }, AppEvents, undefined, ProvidedActor, ParameterizedObject, ParameterizedObject, string, EventObject>'.
      Type 'ActionFunction<MachineContext, AnyEventObject, EventObject, {}, ProvidedActor, never, never, never, never>' is not assignable to type 'ActionFunction<AppContext, { type: "GLOBAL_LOADING_COMPLETE"; }, AppEvents, undefined, ProvidedActor, ParameterizedObject, ParameterizedObject, string, EventObject>'.
        Types of property '_out_TEvent' are incompatible.
          Type 'EventObject' is not assignable to type 'AppEvents'.
            Type 'EventObject' is not assignable to type '{ type: "SHUTDOWN_APP"; }'.
              Types of property 'type' are incompatible.
                Type 'string' is not assignable to type '"SHUTDOWN_APP"'.
src/lib/state/app-machine.ts(476,9): error TS2322: Type '{ target: string; actions: ActionFunction<MachineContext, any, EventObject, {}, ProvidedActor, never, never, never, never>; }' is not assignable to type 'TransitionConfigOrTarget<AppContext, { type: "LOGOUT"; }, AppEvents, ProvidedActor, ParameterizedObject, ParameterizedObject, string, EventObject, MetaObject>'.
  Types of property 'actions' are incompatible.
    Type 'ActionFunction<MachineContext, any, EventObject, {}, ProvidedActor, never, never, never, never>' is not assignable to type 'Actions<AppContext, { type: "LOGOUT"; }, AppEvents, undefined, ProvidedActor, ParameterizedObject, ParameterizedObject, string, EventObject>'.
      Type 'ActionFunction<MachineContext, any, EventObject, {}, ProvidedActor, never, never, never, never>' is not assignable to type 'ActionFunction<AppContext, { type: "LOGOUT"; }, AppEvents, undefined, ProvidedActor, ParameterizedObject, ParameterizedObject, string, EventObject>'.
        Types of property '_out_TEvent' are incompatible.
          Type 'EventObject' is not assignable to type 'AppEvents'.
            Type 'EventObject' is not assignable to type '{ type: "SHUTDOWN_APP"; }'.
              Types of property 'type' are incompatible.
                Type 'string' is not assignable to type '"SHUTDOWN_APP"'.
src/lib/state/app-machine.ts(481,9): error TS2322: Type '{ target: string; actions: (ActionFunction<MachineContext, AnyEventObject, EventObject, {}, ProvidedActor, never, never, never, never> | ActionFunction<...>)[]; }' is not assignable to type 'TransitionConfigOrTarget<AppContext, { type: "SESSION_EXPIRED"; }, AppEvents, ProvidedActor, ParameterizedObject, ParameterizedObject, string, EventObject, MetaObject>'.
  Types of property 'actions' are incompatible.
    Type '(ActionFunction<MachineContext, AnyEventObject, EventObject, {}, ProvidedActor, never, never, never, never> | ActionFunction<...>)[]' is not assignable to type 'Actions<AppContext, { type: "SESSION_EXPIRED"; }, AppEvents, undefined, ProvidedActor, ParameterizedObject, ParameterizedObject, string, EventObject>'.
      Type '(ActionFunction<MachineContext, AnyEventObject, EventObject, {}, ProvidedActor, never, never, never, never> | ActionFunction<...>)[]' is not assignable to type 'readonly Action<AppContext, { type: "SESSION_EXPIRED"; }, AppEvents, undefined, ProvidedActor, ParameterizedObject, ParameterizedObject, string, EventObject>[]'.
        Type 'ActionFunction<MachineContext, AnyEventObject, EventObject, {}, ProvidedActor, never, never, never, never> | ActionFunction<...>' is not assignable to type 'Action<AppContext, { type: "SESSION_EXPIRED"; }, AppEvents, undefined, ProvidedActor, ParameterizedObject, ParameterizedObject, string, EventObject>'.
          Type 'ActionFunction<MachineContext, AnyEventObject, EventObject, {}, ProvidedActor, never, never, never, never>' is not assignable to type 'Action<AppContext, { type: "SESSION_EXPIRED"; }, AppEvents, undefined, ProvidedActor, ParameterizedObject, ParameterizedObject, string, EventObject>'.
            Type 'ActionFunction<MachineContext, AnyEventObject, EventObject, {}, ProvidedActor, never, never, never, never>' is not assignable to type 'ActionFunction<AppContext, { type: "SESSION_EXPIRED"; }, AppEvents, undefined, ProvidedActor, ParameterizedObject, ParameterizedObject, string, EventObject>'.
              Types of property '_out_TEvent' are incompatible.
                Type 'EventObject' is not assignable to type 'AppEvents'.
                  Type 'EventObject' is not assignable to type '{ type: "SHUTDOWN_APP"; }'.
                    Types of property 'type' are incompatible.
                      Type 'string' is not assignable to type '"SHUTDOWN_APP"'.
src/lib/state/app-machine.ts(499,9): error TS2322: Type '{ target: string; actions: ActionFunction<MachineContext, any, EventObject, {}, ProvidedActor, never, never, never, never>; }' is not assignable to type 'SingleOrArray<TransitionConfigOrTarget<AppContext, DoneActorEvent<any, string>, AppEvents, ProvidedActor, ParameterizedObject, ParameterizedObject, string, EventObject, MetaObject>>'.
  Types of property 'actions' are incompatible.
    Type 'ActionFunction<MachineContext, any, EventObject, {}, ProvidedActor, never, never, never, never>' is not assignable to type 'Actions<AppContext, DoneActorEvent<any, string>, AppEvents, undefined, ProvidedActor, ParameterizedObject, ParameterizedObject, string, EventObject>'.
      Type 'ActionFunction<MachineContext, any, EventObject, {}, ProvidedActor, never, never, never, never>' is not assignable to type 'ActionFunction<AppContext, DoneActorEvent<any, string>, AppEvents, undefined, ProvidedActor, ParameterizedObject, ParameterizedObject, string, EventObject>'.
        Types of property '_out_TEvent' are incompatible.
          Type 'EventObject' is not assignable to type 'AppEvents'.
            Type 'EventObject' is not assignable to type '{ type: "SHUTDOWN_APP"; }'.
              Types of property 'type' are incompatible.
                Type 'string' is not assignable to type '"SHUTDOWN_APP"'.
src/lib/state/app-machine.ts(503,9): error TS2322: Type '{ target: string; actions: ActionFunction<MachineContext, AnyEventObject, EventObject, {}, ProvidedActor, never, never, never, never>; }' is not assignable to type 'SingleOrArray<TransitionConfigOrTarget<AppContext, ErrorActorEvent<unknown, string>, AppEvents, ProvidedActor, ParameterizedObject, ParameterizedObject, string, EventObject, MetaObject>>'.
  Types of property 'actions' are incompatible.
    Type 'ActionFunction<MachineContext, AnyEventObject, EventObject, {}, ProvidedActor, never, never, never, never>' is not assignable to type 'Actions<AppContext, ErrorActorEvent<unknown, string>, AppEvents, undefined, ProvidedActor, ParameterizedObject, ParameterizedObject, string, EventObject>'.
      Type 'ActionFunction<MachineContext, AnyEventObject, EventObject, {}, ProvidedActor, never, never, never, never>' is not assignable to type 'ActionFunction<AppContext, ErrorActorEvent<unknown, string>, AppEvents, undefined, ProvidedActor, ParameterizedObject, ParameterizedObject, string, EventObject>'.
        Types of property '_out_TEvent' are incompatible.
          Type 'EventObject' is not assignable to type 'AppEvents'.
            Type 'EventObject' is not assignable to type '{ type: "SHUTDOWN_APP"; }'.
              Types of property 'type' are incompatible.
                Type 'string' is not assignable to type '"SHUTDOWN_APP"'.
src/lib/state/app-machine.ts(513,9): error TS2322: Type '{ target: string; actions: (ActionFunction<MachineContext, AnyEventObject, EventObject, {}, ProvidedActor, never, never, never, never> | ActionFunction<...>)[]; }' is not assignable to type 'SingleOrArray<TransitionConfigOrTarget<AppContext, DoneActorEvent<any, string>, AppEvents, ProvidedActor, ParameterizedObject, ParameterizedObject, string, EventObject, MetaObject>>'.
  Types of property 'actions' are incompatible.
    Type '(ActionFunction<MachineContext, AnyEventObject, EventObject, {}, ProvidedActor, never, never, never, never> | ActionFunction<...>)[]' is not assignable to type 'Actions<AppContext, DoneActorEvent<any, string>, AppEvents, undefined, ProvidedActor, ParameterizedObject, ParameterizedObject, string, EventObject>'.
      Type '(ActionFunction<MachineContext, AnyEventObject, EventObject, {}, ProvidedActor, never, never, never, never> | ActionFunction<...>)[]' is not assignable to type 'readonly Action<AppContext, DoneActorEvent<any, string>, AppEvents, undefined, ProvidedActor, ParameterizedObject, ParameterizedObject, string, EventObject>[]'.
        Type 'ActionFunction<MachineContext, AnyEventObject, EventObject, {}, ProvidedActor, never, never, never, never> | ActionFunction<...>' is not assignable to type 'Action<AppContext, DoneActorEvent<any, string>, AppEvents, undefined, ProvidedActor, ParameterizedObject, ParameterizedObject, string, EventObject>'.
          Type 'ActionFunction<MachineContext, AnyEventObject, EventObject, {}, ProvidedActor, never, never, never, never>' is not assignable to type 'Action<AppContext, DoneActorEvent<any, string>, AppEvents, undefined, ProvidedActor, ParameterizedObject, ParameterizedObject, string, EventObject>'.
            Type 'ActionFunction<MachineContext, AnyEventObject, EventObject, {}, ProvidedActor, never, never, never, never>' is not assignable to type 'ActionFunction<AppContext, DoneActorEvent<any, string>, AppEvents, undefined, ProvidedActor, ParameterizedObject, ParameterizedObject, string, EventObject>'.
              Types of property '_out_TEvent' are incompatible.
                Type 'EventObject' is not assignable to type 'AppEvents'.
                  Type 'EventObject' is not assignable to type '{ type: "SHUTDOWN_APP"; }'.
                    Types of property 'type' are incompatible.
                      Type 'string' is not assignable to type '"SHUTDOWN_APP"'.
src/lib/state/app-machine.ts(523,9): error TS2322: Type '{ target: string; actions: ActionFunction<MachineContext, AnyEventObject, EventObject, {}, ProvidedActor, never, never, never, never>[]; }' is not assignable to type 'SingleOrArray<TransitionConfigOrTarget<AppContext, ErrorActorEvent<unknown, string>, AppEvents, ProvidedActor, ParameterizedObject, ParameterizedObject, string, EventObject, MetaObject>>'.
  Types of property 'actions' are incompatible.
    Type 'ActionFunction<MachineContext, AnyEventObject, EventObject, {}, ProvidedActor, never, never, never, never>[]' is not assignable to type 'Actions<AppContext, ErrorActorEvent<unknown, string>, AppEvents, undefined, ProvidedActor, ParameterizedObject, ParameterizedObject, string, EventObject>'.
      Type 'ActionFunction<MachineContext, AnyEventObject, EventObject, {}, ProvidedActor, never, never, never, never>[]' is not assignable to type 'readonly Action<AppContext, ErrorActorEvent<unknown, string>, AppEvents, undefined, ProvidedActor, ParameterizedObject, ParameterizedObject, string, EventObject>[]'.
        Type 'ActionFunction<MachineContext, AnyEventObject, EventObject, {}, ProvidedActor, never, never, never, never>' is not assignable to type 'Action<AppContext, ErrorActorEvent<unknown, string>, AppEvents, undefined, ProvidedActor, ParameterizedObject, ParameterizedObject, string, EventObject>'.
          Type 'ActionFunction<MachineContext, AnyEventObject, EventObject, {}, ProvidedActor, never, never, never, never>' is not assignable to type 'ActionFunction<AppContext, ErrorActorEvent<unknown, string>, AppEvents, undefined, ProvidedActor, ParameterizedObject, ParameterizedObject, string, EventObject>'.
            Types of property '_out_TEvent' are incompatible.
              Type 'EventObject' is not assignable to type 'AppEvents'.
                Type 'EventObject' is not assignable to type '{ type: "SHUTDOWN_APP"; }'.
                  Types of property 'type' are incompatible.
                    Type 'string' is not assignable to type '"SHUTDOWN_APP"'.
src/lib/state/app-machine.ts(535,9): error TS2322: Type '{ target: string; actions: ActionFunction<MachineContext, AnyEventObject, EventObject, {}, ProvidedActor, never, never, never, never>; }' is not assignable to type 'TransitionConfigOrTarget<AppContext, { type: "RETRY_FAILED_ACTION"; }, AppEvents, ProvidedActor, ParameterizedObject, ParameterizedObject, string, EventObject, MetaObject>'.
  Types of property 'actions' are incompatible.
    Type 'ActionFunction<MachineContext, AnyEventObject, EventObject, {}, ProvidedActor, never, never, never, never>' is not assignable to type 'Actions<AppContext, { type: "RETRY_FAILED_ACTION"; }, AppEvents, undefined, ProvidedActor, ParameterizedObject, ParameterizedObject, string, EventObject>'.
      Type 'ActionFunction<MachineContext, AnyEventObject, EventObject, {}, ProvidedActor, never, never, never, never>' is not assignable to type 'ActionFunction<AppContext, { type: "RETRY_FAILED_ACTION"; }, AppEvents, undefined, ProvidedActor, ParameterizedObject, ParameterizedObject, string, EventObject>'.
        Types of property '_out_TEvent' are incompatible.
          Type 'EventObject' is not assignable to type 'AppEvents'.
            Type 'EventObject' is not assignable to type '{ type: "SHUTDOWN_APP"; }'.
              Types of property 'type' are incompatible.
                Type 'string' is not assignable to type '"SHUTDOWN_APP"'.
src/lib/state/app-machine.ts(539,9): error TS2322: Type '{ target: string; actions: ActionFunction<MachineContext, AnyEventObject, EventObject, {}, ProvidedActor, never, never, never, never>; }' is not assignable to type 'TransitionConfigOrTarget<AppContext, { type: "CLEAR_ERROR"; }, AppEvents, ProvidedActor, ParameterizedObject, ParameterizedObject, string, EventObject, MetaObject>'.
  Types of property 'actions' are incompatible.
    Type 'ActionFunction<MachineContext, AnyEventObject, EventObject, {}, ProvidedActor, never, never, never, never>' is not assignable to type 'Actions<AppContext, { type: "CLEAR_ERROR"; }, AppEvents, undefined, ProvidedActor, ParameterizedObject, ParameterizedObject, string, EventObject>'.
      Type 'ActionFunction<MachineContext, AnyEventObject, EventObject, {}, ProvidedActor, never, never, never, never>' is not assignable to type 'ActionFunction<AppContext, { type: "CLEAR_ERROR"; }, AppEvents, undefined, ProvidedActor, ParameterizedObject, ParameterizedObject, string, EventObject>'.
        Types of property '_out_TEvent' are incompatible.
          Type 'EventObject' is not assignable to type 'AppEvents'.
            Type 'EventObject' is not assignable to type '{ type: "SHUTDOWN_APP"; }'.
              Types of property 'type' are incompatible.
                Type 'string' is not assignable to type '"SHUTDOWN_APP"'.
src/lib/state/app-machine.ts(549,5): error TS2322: Type '{ actions: ActionFunction<MachineContext, any, EventObject, {}, ProvidedActor, never, never, never, never>; }' is not assignable to type 'TransitionConfigOrTarget<AppContext, { type: "SET_THEME"; theme: "auto" | "light" | "dark"; }, AppEvents, ProvidedActor, ParameterizedObject, ParameterizedObject, string, EventObject, MetaObject>'.
  Types of property 'actions' are incompatible.
    Type 'ActionFunction<MachineContext, any, EventObject, {}, ProvidedActor, never, never, never, never>' is not assignable to type 'Actions<AppContext, { type: "SET_THEME"; theme: "auto" | "light" | "dark"; }, AppEvents, undefined, ProvidedActor, ParameterizedObject, ParameterizedObject, string, EventObject>'.
      Type 'ActionFunction<MachineContext, any, EventObject, {}, ProvidedActor, never, never, never, never>' is not assignable to type 'ActionFunction<AppContext, { type: "SET_THEME"; theme: "auto" | "light" | "dark"; }, AppEvents, undefined, ProvidedActor, ParameterizedObject, ParameterizedObject, string, EventObject>'.
        Types of property '_out_TEvent' are incompatible.
          Type 'EventObject' is not assignable to type 'AppEvents'.
            Type 'EventObject' is not assignable to type '{ type: "SHUTDOWN_APP"; }'.
              Types of property 'type' are incompatible.
                Type 'string' is not assignable to type '"SHUTDOWN_APP"'.
src/lib/state/app-machine.ts(559,5): error TS2322: Type '{ actions: ActionFunction<MachineContext, any, EventObject, {}, ProvidedActor, never, never, never, never>; }' is not assignable to type 'TransitionConfigOrTarget<AppContext, { type: "SET_LAYOUT"; layout: "desktop" | "tablet" | "mobile"; }, AppEvents, ProvidedActor, ParameterizedObject, ParameterizedObject, string, EventObject, MetaObject>'.
  Types of property 'actions' are incompatible.
    Type 'ActionFunction<MachineContext, any, EventObject, {}, ProvidedActor, never, never, never, never>' is not assignable to type 'Actions<AppContext, { type: "SET_LAYOUT"; layout: "desktop" | "tablet" | "mobile"; }, AppEvents, undefined, ProvidedActor, ParameterizedObject, ParameterizedObject, string, EventObject>'.
      Type 'ActionFunction<MachineContext, any, EventObject, {}, ProvidedActor, never, never, never, never>' is not assignable to type 'ActionFunction<AppContext, { type: "SET_LAYOUT"; layout: "desktop" | "tablet" | "mobile"; }, AppEvents, undefined, ProvidedActor, ParameterizedObject, ParameterizedObject, string, EventObject>'.
        Types of property '_out_TEvent' are incompatible.
          Type 'EventObject' is not assignable to type 'AppEvents'.
            Type 'EventObject' is not assignable to type '{ type: "SHUTDOWN_APP"; }'.
              Types of property 'type' are incompatible.
                Type 'string' is not assignable to type '"SHUTDOWN_APP"'.
src/lib/state/app-machine.ts(563,5): error TS2322: Type '{ actions: ActionFunction<AppContext, any, EventObject, {}, ProvidedActor, never, never, never, never>; }' is not assignable to type 'TransitionConfigOrTarget<AppContext, { type: "ADD_NOTIFICATION"; notification: Omit<{ id: string; type: "error" | "success" | "info" | "warning"; title: string; message: string; timestamp: Date; persistent?: boolean; actions?: { ...; }[]; }, "id" | "timestamp">; }, ... 6 more ..., MetaObject>'.
  Types of property 'actions' are incompatible.
    Type 'ActionFunction<AppContext, any, EventObject, {}, ProvidedActor, never, never, never, never>' is not assignable to type 'Actions<AppContext, { type: "ADD_NOTIFICATION"; notification: Omit<{ id: string; type: "error" | "success" | "info" | "warning"; title: string; message: string; timestamp: Date; persistent?: boolean; actions?: { ...; }[]; }, "id" | "timestamp">; }, ... 6 more ..., EventObject>'.
      Type 'ActionFunction<AppContext, any, EventObject, {}, ProvidedActor, never, never, never, never>' is not assignable to type 'ActionFunction<AppContext, { type: "ADD_NOTIFICATION"; notification: Omit<{ id: string; type: "error" | "success" | "info" | "warning"; title: string; message: string; timestamp: Date; persistent?: boolean; actions?: { ...; }[]; }, "id" | "timestamp">; }, ... 6 more ..., EventObject>'.
        Types of property '_out_TEvent' are incompatible.
          Type 'EventObject' is not assignable to type 'AppEvents'.
            Type 'EventObject' is not assignable to type '{ type: "SHUTDOWN_APP"; }'.
              Types of property 'type' are incompatible.
                Type 'string' is not assignable to type '"SHUTDOWN_APP"'.
src/lib/state/app-machine.ts(567,5): error TS2322: Type '{ actions: ActionFunction<AppContext, any, EventObject, {}, ProvidedActor, never, never, never, never>; }' is not assignable to type 'TransitionConfigOrTarget<AppContext, { type: "DISMISS_NOTIFICATION"; id: string; }, AppEvents, ProvidedActor, ParameterizedObject, ParameterizedObject, string, EventObject, MetaObject>'.
  Types of property 'actions' are incompatible.
    Type 'ActionFunction<AppContext, any, EventObject, {}, ProvidedActor, never, never, never, never>' is not assignable to type 'Actions<AppContext, { type: "DISMISS_NOTIFICATION"; id: string; }, AppEvents, undefined, ProvidedActor, ParameterizedObject, ParameterizedObject, string, EventObject>'.
      Type 'ActionFunction<AppContext, any, EventObject, {}, ProvidedActor, never, never, never, never>' is not assignable to type 'ActionFunction<AppContext, { type: "DISMISS_NOTIFICATION"; id: string; }, AppEvents, undefined, ProvidedActor, ParameterizedObject, ParameterizedObject, string, EventObject>'.
        Types of property '_out_TEvent' are incompatible.
          Type 'EventObject' is not assignable to type 'AppEvents'.
            Type 'EventObject' is not assignable to type '{ type: "SHUTDOWN_APP"; }'.
              Types of property 'type' are incompatible.
                Type 'string' is not assignable to type '"SHUTDOWN_APP"'.
src/lib/state/app-machine.ts(571,5): error TS2322: Type '{ actions: ActionFunction<MachineContext, AnyEventObject, EventObject, {}, ProvidedActor, never, never, never, never>; }' is not assignable to type 'TransitionConfigOrTarget<AppContext, { type: "CLEAR_NOTIFICATIONS"; }, AppEvents, ProvidedActor, ParameterizedObject, ParameterizedObject, string, EventObject, MetaObject>'.
  Types of property 'actions' are incompatible.
    Type 'ActionFunction<MachineContext, AnyEventObject, EventObject, {}, ProvidedActor, never, never, never, never>' is not assignable to type 'Actions<AppContext, { type: "CLEAR_NOTIFICATIONS"; }, AppEvents, undefined, ProvidedActor, ParameterizedObject, ParameterizedObject, string, EventObject>'.
      Type 'ActionFunction<MachineContext, AnyEventObject, EventObject, {}, ProvidedActor, never, never, never, never>' is not assignable to type 'ActionFunction<AppContext, { type: "CLEAR_NOTIFICATIONS"; }, AppEvents, undefined, ProvidedActor, ParameterizedObject, ParameterizedObject, string, EventObject>'.
        Types of property '_out_TEvent' are incompatible.
          Type 'EventObject' is not assignable to type 'AppEvents'.
            Type 'EventObject' is not assignable to type '{ type: "SHUTDOWN_APP"; }'.
              Types of property 'type' are incompatible.
                Type 'string' is not assignable to type '"SHUTDOWN_APP"'.
src/lib/state/app-machine.ts(575,5): error TS2322: Type '{ actions: ActionFunction<MachineContext, any, EventObject, {}, ProvidedActor, never, never, never, never>; }' is not assignable to type 'TransitionConfigOrTarget<AppContext, { type: "SET_ERROR"; error: { code: string; message: string; details?: any; recoverable: boolean; }; }, AppEvents, ProvidedActor, ParameterizedObject, ParameterizedObject, string, EventObject, MetaObject>'.
  Types of property 'actions' are incompatible.
    Type 'ActionFunction<MachineContext, any, EventObject, {}, ProvidedActor, never, never, never, never>' is not assignable to type 'Actions<AppContext, { type: "SET_ERROR"; error: { code: string; message: string; details?: any; recoverable: boolean; }; }, AppEvents, undefined, ProvidedActor, ParameterizedObject, ParameterizedObject, string, EventObject>'.
      Type 'ActionFunction<MachineContext, any, EventObject, {}, ProvidedActor, never, never, never, never>' is not assignable to type 'ActionFunction<AppContext, { type: "SET_ERROR"; error: { code: string; message: string; details?: any; recoverable: boolean; }; }, AppEvents, undefined, ProvidedActor, ParameterizedObject, ParameterizedObject, string, EventObject>'.
        Types of property '_out_TEvent' are incompatible.
          Type 'EventObject' is not assignable to type 'AppEvents'.
            Type 'EventObject' is not assignable to type '{ type: "SHUTDOWN_APP"; }'.
              Types of property 'type' are incompatible.
                Type 'string' is not assignable to type '"SHUTDOWN_APP"'.
src/lib/state/app-machine.ts(579,5): error TS2322: Type '{ actions: ActionFunction<MachineContext, AnyEventObject, EventObject, {}, ProvidedActor, never, never, never, never>; }' is not assignable to type 'TransitionConfigOrTarget<AppContext, { type: "CLEAR_ERROR"; }, AppEvents, ProvidedActor, ParameterizedObject, ParameterizedObject, string, EventObject, MetaObject>'.
  Types of property 'actions' are incompatible.
    Type 'ActionFunction<MachineContext, AnyEventObject, EventObject, {}, ProvidedActor, never, never, never, never>' is not assignable to type 'Actions<AppContext, { type: "CLEAR_ERROR"; }, AppEvents, undefined, ProvidedActor, ParameterizedObject, ParameterizedObject, string, EventObject>'.
      Type 'ActionFunction<MachineContext, AnyEventObject, EventObject, {}, ProvidedActor, never, never, never, never>' is not assignable to type 'ActionFunction<AppContext, { type: "CLEAR_ERROR"; }, AppEvents, undefined, ProvidedActor, ParameterizedObject, ParameterizedObject, string, EventObject>'.
        Types of property '_out_TEvent' are incompatible.
          Type 'EventObject' is not assignable to type 'AppEvents'.
            Type 'EventObject' is not assignable to type '{ type: "SHUTDOWN_APP"; }'.
              Types of property 'type' are incompatible.
                Type 'string' is not assignable to type '"SHUTDOWN_APP"'.
src/lib/state/app-machine.ts(583,5): error TS2322: Type '{ actions: ActionFunction<AppContext, any, EventObject, {}, ProvidedActor, never, never, never, never>; }' is not assignable to type 'TransitionConfigOrTarget<AppContext, { type: "UPDATE_SETTINGS"; settings: Partial<{ autoSave: boolean; autoSaveInterval: number; enableAnalytics: boolean; enableNotifications: boolean; enableOfflineMode: boolean; maxFileUploadSize: number; defaultPageSize: number; }>; }, ... 6 more ..., MetaObject>'.
  Types of property 'actions' are incompatible.
    Type 'ActionFunction<AppContext, any, EventObject, {}, ProvidedActor, never, never, never, never>' is not assignable to type 'Actions<AppContext, { type: "UPDATE_SETTINGS"; settings: Partial<{ autoSave: boolean; autoSaveInterval: number; enableAnalytics: boolean; enableNotifications: boolean; enableOfflineMode: boolean; maxFileUploadSize: number; defaultPageSize: number; }>; }, ... 6 more ..., EventObject>'.
      Type 'ActionFunction<AppContext, any, EventObject, {}, ProvidedActor, never, never, never, never>' is not assignable to type 'ActionFunction<AppContext, { type: "UPDATE_SETTINGS"; settings: Partial<{ autoSave: boolean; autoSaveInterval: number; enableAnalytics: boolean; enableNotifications: boolean; enableOfflineMode: boolean; maxFileUploadSize: number; defaultPageSize: number; }>; }, ... 6 more ..., EventObject>'.
        Types of property '_out_TEvent' are incompatible.
          Type 'EventObject' is not assignable to type 'AppEvents'.
            Type 'EventObject' is not assignable to type '{ type: "SHUTDOWN_APP"; }'.
              Types of property 'type' are incompatible.
                Type 'string' is not assignable to type '"SHUTDOWN_APP"'.
src/lib/state/app-machine.ts(587,5): error TS2322: Type '{ actions: ActionFunction<MachineContext, AnyEventObject, EventObject, {}, ProvidedActor, never, never, never, never>; }' is not assignable to type 'TransitionConfigOrTarget<AppContext, { type: "ONLINE"; }, AppEvents, ProvidedActor, ParameterizedObject, ParameterizedObject, string, EventObject, MetaObject>'.
  Types of property 'actions' are incompatible.
    Type 'ActionFunction<MachineContext, AnyEventObject, EventObject, {}, ProvidedActor, never, never, never, never>' is not assignable to type 'Actions<AppContext, { type: "ONLINE"; }, AppEvents, undefined, ProvidedActor, ParameterizedObject, ParameterizedObject, string, EventObject>'.
      Type 'ActionFunction<MachineContext, AnyEventObject, EventObject, {}, ProvidedActor, never, never, never, never>' is not assignable to type 'ActionFunction<AppContext, { type: "ONLINE"; }, AppEvents, undefined, ProvidedActor, ParameterizedObject, ParameterizedObject, string, EventObject>'.
        Types of property '_out_TEvent' are incompatible.
          Type 'EventObject' is not assignable to type 'AppEvents'.
            Type 'EventObject' is not assignable to type '{ type: "SHUTDOWN_APP"; }'.
              Types of property 'type' are incompatible.
                Type 'string' is not assignable to type '"SHUTDOWN_APP"'.
src/lib/state/app-machine.ts(591,5): error TS2322: Type '{ actions: ActionFunction<MachineContext, AnyEventObject, EventObject, {}, ProvidedActor, never, never, never, never>; }' is not assignable to type 'TransitionConfigOrTarget<AppContext, { type: "OFFLINE"; }, AppEvents, ProvidedActor, ParameterizedObject, ParameterizedObject, string, EventObject, MetaObject>'.
  Types of property 'actions' are incompatible.
    Type 'ActionFunction<MachineContext, AnyEventObject, EventObject, {}, ProvidedActor, never, never, never, never>' is not assignable to type 'Actions<AppContext, { type: "OFFLINE"; }, AppEvents, undefined, ProvidedActor, ParameterizedObject, ParameterizedObject, string, EventObject>'.
      Type 'ActionFunction<MachineContext, AnyEventObject, EventObject, {}, ProvidedActor, never, never, never, never>' is not assignable to type 'ActionFunction<AppContext, { type: "OFFLINE"; }, AppEvents, undefined, ProvidedActor, ParameterizedObject, ParameterizedObject, string, EventObject>'.
        Types of property '_out_TEvent' are incompatible.
          Type 'EventObject' is not assignable to type 'AppEvents'.
            Type 'EventObject' is not assignable to type '{ type: "SHUTDOWN_APP"; }'.
              Types of property 'type' are incompatible.
                Type 'string' is not assignable to type '"SHUTDOWN_APP"'.
src/lib/state/app-machine.ts(595,5): error TS2322: Type '{ actions: ActionFunction<MachineContext, any, EventObject, {}, ProvidedActor, never, never, never, never>; }' is not assignable to type 'TransitionConfigOrTarget<AppContext, { type: "WEBSOCKET_CONNECTED"; connectionId: string; }, AppEvents, ProvidedActor, ParameterizedObject, ParameterizedObject, string, EventObject, MetaObject>'.
  Types of property 'actions' are incompatible.
    Type 'ActionFunction<MachineContext, any, EventObject, {}, ProvidedActor, never, never, never, never>' is not assignable to type 'Actions<AppContext, { type: "WEBSOCKET_CONNECTED"; connectionId: string; }, AppEvents, undefined, ProvidedActor, ParameterizedObject, ParameterizedObject, string, EventObject>'.
      Type 'ActionFunction<MachineContext, any, EventObject, {}, ProvidedActor, never, never, never, never>' is not assignable to type 'ActionFunction<AppContext, { type: "WEBSOCKET_CONNECTED"; connectionId: string; }, AppEvents, undefined, ProvidedActor, ParameterizedObject, ParameterizedObject, string, EventObject>'.
        Types of property '_out_TEvent' are incompatible.
          Type 'EventObject' is not assignable to type 'AppEvents'.
            Type 'EventObject' is not assignable to type '{ type: "SHUTDOWN_APP"; }'.
              Types of property 'type' are incompatible.
                Type 'string' is not assignable to type '"SHUTDOWN_APP"'.
src/lib/state/app-machine.ts(599,5): error TS2322: Type '{ actions: ActionFunction<MachineContext, AnyEventObject, EventObject, {}, ProvidedActor, never, never, never, never>; }' is not assignable to type 'TransitionConfigOrTarget<AppContext, { type: "WEBSOCKET_DISCONNECTED"; }, AppEvents, ProvidedActor, ParameterizedObject, ParameterizedObject, string, EventObject, MetaObject>'.
  Types of property 'actions' are incompatible.
    Type 'ActionFunction<MachineContext, AnyEventObject, EventObject, {}, ProvidedActor, never, never, never, never>' is not assignable to type 'Actions<AppContext, { type: "WEBSOCKET_DISCONNECTED"; }, AppEvents, undefined, ProvidedActor, ParameterizedObject, ParameterizedObject, string, EventObject>'.
      Type 'ActionFunction<MachineContext, AnyEventObject, EventObject, {}, ProvidedActor, never, never, never, never>' is not assignable to type 'ActionFunction<AppContext, { type: "WEBSOCKET_DISCONNECTED"; }, AppEvents, undefined, ProvidedActor, ParameterizedObject, ParameterizedObject, string, EventObject>'.
        Types of property '_out_TEvent' are incompatible.
          Type 'EventObject' is not assignable to type 'AppEvents'.
            Type 'EventObject' is not assignable to type '{ type: "SHUTDOWN_APP"; }'.
              Types of property 'type' are incompatible.
                Type 'string' is not assignable to type '"SHUTDOWN_APP"'.
src/lib/state/app-machine.ts(603,5): error TS2322: Type '{ target: string; actions: ActionFunction<MachineContext, AnyEventObject, EventObject, {}, ProvidedActor, never, never, never, never>[]; }' is not assignable to type 'TransitionConfigOrTarget<AppContext, { type: "SHUTDOWN_APP"; }, AppEvents, ProvidedActor, ParameterizedObject, ParameterizedObject, string, EventObject, MetaObject>'.
  Types of property 'actions' are incompatible.
    Type 'ActionFunction<MachineContext, AnyEventObject, EventObject, {}, ProvidedActor, never, never, never, never>[]' is not assignable to type 'Actions<AppContext, { type: "SHUTDOWN_APP"; }, AppEvents, undefined, ProvidedActor, ParameterizedObject, ParameterizedObject, string, EventObject>'.
      Type 'ActionFunction<MachineContext, AnyEventObject, EventObject, {}, ProvidedActor, never, never, never, never>[]' is not assignable to type 'readonly Action<AppContext, { type: "SHUTDOWN_APP"; }, AppEvents, undefined, ProvidedActor, ParameterizedObject, ParameterizedObject, string, EventObject>[]'.
        Type 'ActionFunction<MachineContext, AnyEventObject, EventObject, {}, ProvidedActor, never, never, never, never>' is not assignable to type 'Action<AppContext, { type: "SHUTDOWN_APP"; }, AppEvents, undefined, ProvidedActor, ParameterizedObject, ParameterizedObject, string, EventObject>'.
          Type 'ActionFunction<MachineContext, AnyEventObject, EventObject, {}, ProvidedActor, never, never, never, never>' is not assignable to type 'ActionFunction<AppContext, { type: "SHUTDOWN_APP"; }, AppEvents, undefined, ProvidedActor, ParameterizedObject, ParameterizedObject, string, EventObject>'.
            Types of property '_out_TEvent' are incompatible.
              Type 'EventObject' is not assignable to type 'AppEvents'.
                Type 'EventObject' is not assignable to type '{ type: "SHUTDOWN_APP"; }'.
                  Types of property 'type' are incompatible.
                    Type 'string' is not assignable to type '"SHUTDOWN_APP"'.
src/lib/state/legal-case-machine.ts(289,9): error TS2322: Type '{ target: string; actions: ActionFunction<MachineContext, AnyEventObject, EventObject, {}, ProvidedActor, never, never, never, never>; }' is not assignable to type 'TransitionConfigOrTarget<LegalCaseContext, { type: "LOAD_CASE"; caseId: string; }, LegalCaseEvents, ProvidedActor, ParameterizedObject, ParameterizedObject, string, EventObject, MetaObject>'.
  Types of property 'actions' are incompatible.
    Type 'ActionFunction<MachineContext, AnyEventObject, EventObject, {}, ProvidedActor, never, never, never, never>' is not assignable to type 'Actions<LegalCaseContext, { type: "LOAD_CASE"; caseId: string; }, LegalCaseEvents, undefined, ProvidedActor, ParameterizedObject, ParameterizedObject, string, EventObject>'.
      Type 'ActionFunction<MachineContext, AnyEventObject, EventObject, {}, ProvidedActor, never, never, never, never>' is not assignable to type 'ActionFunction<LegalCaseContext, { type: "LOAD_CASE"; caseId: string; }, LegalCaseEvents, undefined, ProvidedActor, ParameterizedObject, ParameterizedObject, string, EventObject>'.
        Types of property '_out_TEvent' are incompatible.
          Type 'EventObject' is not assignable to type 'LegalCaseEvents'.
            Type 'EventObject' is not assignable to type '{ type: "RESET"; }'.
              Types of property 'type' are incompatible.
                Type 'string' is not assignable to type '"RESET"'.
src/lib/state/legal-case-machine.ts(293,9): error TS2322: Type '{ target: string; actions: ActionFunction<MachineContext, AnyEventObject, EventObject, {}, ProvidedActor, never, never, never, never>; guard: ({ context }: { context: LegalCaseContext; }) => boolean; }' is not assignable to type 'TransitionConfigOrTarget<LegalCaseContext, { type: "CREATE_CASE"; caseData: { title: string; description: string; caseNumber: string; category: string; userId: string; status?: string; jurisdiction?: string; ... 14 more ...; updatedAt?: Date; }; }, ... 6 more ..., MetaObject>'.
  Types of property 'actions' are incompatible.
    Type 'ActionFunction<MachineContext, AnyEventObject, EventObject, {}, ProvidedActor, never, never, never, never>' is not assignable to type 'Actions<LegalCaseContext, { type: "CREATE_CASE"; caseData: { title: string; description: string; caseNumber: string; category: string; userId: string; status?: string; jurisdiction?: string; ... 14 more ...; updatedAt?: Date; }; }, ... 6 more ..., EventObject>'.
      Type 'ActionFunction<MachineContext, AnyEventObject, EventObject, {}, ProvidedActor, never, never, never, never>' is not assignable to type 'ActionFunction<LegalCaseContext, { type: "CREATE_CASE"; caseData: { title: string; description: string; caseNumber: string; category: string; userId: string; status?: string; jurisdiction?: string; ... 14 more ...; updatedAt?: Date; }; }, ... 6 more ..., EventObject>'.
        Types of property '_out_TEvent' are incompatible.
          Type 'EventObject' is not assignable to type 'LegalCaseEvents'.
            Type 'EventObject' is not assignable to type '{ type: "RESET"; }'.
              Types of property 'type' are incompatible.
                Type 'string' is not assignable to type '"RESET"'.
src/lib/state/legal-case-machine.ts(298,9): error TS2322: Type '{ target: string; actions: ActionFunction<MachineContext, AnyEventObject, EventObject, {}, ProvidedActor, never, never, never, never>; }' is not assignable to type 'TransitionConfigOrTarget<LegalCaseContext, { type: "SEARCH"; query: string; }, LegalCaseEvents, ProvidedActor, ParameterizedObject, ParameterizedObject, string, EventObject, MetaObject>'.
  Types of property 'actions' are incompatible.
    Type 'ActionFunction<MachineContext, AnyEventObject, EventObject, {}, ProvidedActor, never, never, never, never>' is not assignable to type 'Actions<LegalCaseContext, { type: "SEARCH"; query: string; }, LegalCaseEvents, undefined, ProvidedActor, ParameterizedObject, ParameterizedObject, string, EventObject>'.
      Type 'ActionFunction<MachineContext, AnyEventObject, EventObject, {}, ProvidedActor, never, never, never, never>' is not assignable to type 'ActionFunction<LegalCaseContext, { type: "SEARCH"; query: string; }, LegalCaseEvents, undefined, ProvidedActor, ParameterizedObject, ParameterizedObject, string, EventObject>'.
        Types of property '_out_TEvent' are incompatible.
          Type 'EventObject' is not assignable to type 'LegalCaseEvents'.
            Type 'EventObject' is not assignable to type '{ type: "RESET"; }'.
              Types of property 'type' are incompatible.
                Type 'string' is not assignable to type '"RESET"'.
src/lib/state/legal-case-machine.ts(302,9): error TS2322: Type '{ actions: ActionFunction<MachineContext, any, EventObject, {}, ProvidedActor, never, never, never, never>; }' is not assignable to type 'TransitionConfigOrTarget<LegalCaseContext, { type: "SWITCH_TAB"; tab: "evidence" | "search" | "overview" | "analysis"; }, LegalCaseEvents, ProvidedActor, ... 4 more ..., MetaObject>'.
  Types of property 'actions' are incompatible.
    Type 'ActionFunction<MachineContext, any, EventObject, {}, ProvidedActor, never, never, never, never>' is not assignable to type 'Actions<LegalCaseContext, { type: "SWITCH_TAB"; tab: "evidence" | "search" | "overview" | "analysis"; }, LegalCaseEvents, undefined, ProvidedActor, ParameterizedObject, ParameterizedObject, string, EventObject>'.
      Type 'ActionFunction<MachineContext, any, EventObject, {}, ProvidedActor, never, never, never, never>' is not assignable to type 'ActionFunction<LegalCaseContext, { type: "SWITCH_TAB"; tab: "evidence" | "search" | "overview" | "analysis"; }, LegalCaseEvents, undefined, ProvidedActor, ParameterizedObject, ParameterizedObject, string, EventObject>'.
        Types of property '_out_TEvent' are incompatible.
          Type 'EventObject' is not assignable to type 'LegalCaseEvents'.
            Type 'EventObject' is not assignable to type '{ type: "RESET"; }'.
              Types of property 'type' are incompatible.
                Type 'string' is not assignable to type '"RESET"'.
src/lib/state/legal-case-machine.ts(311,48): error TS2339: Property 'caseId' does not exist on type 'LegalCaseEvents'.
  Property 'caseId' does not exist on type '{ type: "CREATE_CASE"; caseData: { title: string; description: string; caseNumber: string; category: string; userId: string; status?: string; jurisdiction?: string; tags?: unknown; priority?: string; id?: string; ... 11 more ...; updatedAt?: Date; }; }'.
src/lib/state/legal-case-machine.ts(312,9): error TS2322: Type '{ target: string; actions: ActionFunction<MachineContext, any, EventObject, {}, ProvidedActor, never, never, never, never>; }' is not assignable to type 'SingleOrArray<TransitionConfigOrTarget<LegalCaseContext, DoneActorEvent<any, string>, LegalCaseEvents, ProvidedActor, ParameterizedObject, ParameterizedObject, string, EventObject, MetaObject>>'.
  Types of property 'actions' are incompatible.
    Type 'ActionFunction<MachineContext, any, EventObject, {}, ProvidedActor, never, never, never, never>' is not assignable to type 'Actions<LegalCaseContext, DoneActorEvent<any, string>, LegalCaseEvents, undefined, ProvidedActor, ParameterizedObject, ParameterizedObject, string, EventObject>'.
      Type 'ActionFunction<MachineContext, any, EventObject, {}, ProvidedActor, never, never, never, never>' is not assignable to type 'ActionFunction<LegalCaseContext, DoneActorEvent<any, string>, LegalCaseEvents, undefined, ProvidedActor, ParameterizedObject, ParameterizedObject, string, EventObject>'.
        Types of property '_out_TEvent' are incompatible.
          Type 'EventObject' is not assignable to type 'LegalCaseEvents'.
            Type 'EventObject' is not assignable to type '{ type: "RESET"; }'.
              Types of property 'type' are incompatible.
                Type 'string' is not assignable to type '"RESET"'.
src/lib/state/legal-case-machine.ts(316,9): error TS2322: Type '{ target: string; actions: ActionFunction<MachineContext, any, EventObject, {}, ProvidedActor, never, never, never, never>; }' is not assignable to type 'SingleOrArray<TransitionConfigOrTarget<LegalCaseContext, ErrorActorEvent<unknown, string>, LegalCaseEvents, ProvidedActor, ParameterizedObject, ParameterizedObject, string, EventObject, MetaObject>>'.
  Types of property 'actions' are incompatible.
    Type 'ActionFunction<MachineContext, any, EventObject, {}, ProvidedActor, never, never, never, never>' is not assignable to type 'Actions<LegalCaseContext, ErrorActorEvent<unknown, string>, LegalCaseEvents, undefined, ProvidedActor, ParameterizedObject, ParameterizedObject, string, EventObject>'.
      Type 'ActionFunction<MachineContext, any, EventObject, {}, ProvidedActor, never, never, never, never>' is not assignable to type 'ActionFunction<LegalCaseContext, ErrorActorEvent<unknown, string>, LegalCaseEvents, undefined, ProvidedActor, ParameterizedObject, ParameterizedObject, string, EventObject>'.
        Types of property '_out_TEvent' are incompatible.
          Type 'EventObject' is not assignable to type 'LegalCaseEvents'.
            Type 'EventObject' is not assignable to type '{ type: "RESET"; }'.
              Types of property 'type' are incompatible.
                Type 'string' is not assignable to type '"RESET"'.
src/lib/state/legal-case-machine.ts(327,9): error TS2322: Type '{ target: string; actions: (ActionFunction<MachineContext, any, EventObject, {}, ProvidedActor, never, never, never, never> | ActionFunction<...>)[]; }' is not assignable to type 'SingleOrArray<TransitionConfigOrTarget<LegalCaseContext, DoneActorEvent<any, string>, LegalCaseEvents, ProvidedActor, ParameterizedObject, ParameterizedObject, string, EventObject, MetaObject>>'.
  Types of property 'actions' are incompatible.
    Type '(ActionFunction<MachineContext, any, EventObject, {}, ProvidedActor, never, never, never, never> | ActionFunction<LegalCaseContext, ... 7 more ..., never>)[]' is not assignable to type 'Actions<LegalCaseContext, DoneActorEvent<any, string>, LegalCaseEvents, undefined, ProvidedActor, ParameterizedObject, ParameterizedObject, string, EventObject>'.
      Type '(ActionFunction<MachineContext, any, EventObject, {}, ProvidedActor, never, never, never, never> | ActionFunction<LegalCaseContext, ... 7 more ..., never>)[]' is not assignable to type 'readonly Action<LegalCaseContext, DoneActorEvent<any, string>, LegalCaseEvents, undefined, ProvidedActor, ParameterizedObject, ParameterizedObject, string, EventObject>[]'.
        Type 'ActionFunction<MachineContext, any, EventObject, {}, ProvidedActor, never, never, never, never> | ActionFunction<LegalCaseContext, ... 7 more ..., never>' is not assignable to type 'Action<LegalCaseContext, DoneActorEvent<any, string>, LegalCaseEvents, undefined, ProvidedActor, ParameterizedObject, ParameterizedObject, string, EventObject>'.
          Type 'ActionFunction<MachineContext, any, EventObject, {}, ProvidedActor, never, never, never, never>' is not assignable to type 'Action<LegalCaseContext, DoneActorEvent<any, string>, LegalCaseEvents, undefined, ProvidedActor, ParameterizedObject, ParameterizedObject, string, EventObject>'.
            Type 'ActionFunction<MachineContext, any, EventObject, {}, ProvidedActor, never, never, never, never>' is not assignable to type 'ActionFunction<LegalCaseContext, DoneActorEvent<any, string>, LegalCaseEvents, undefined, ProvidedActor, ParameterizedObject, ParameterizedObject, string, EventObject>'.
              Types of property '_out_TEvent' are incompatible.
                Type 'EventObject' is not assignable to type 'LegalCaseEvents'.
                  Type 'EventObject' is not assignable to type '{ type: "RESET"; }'.
                    Types of property 'type' are incompatible.
                      Type 'string' is not assignable to type '"RESET"'.
src/lib/state/legal-case-machine.ts(334,9): error TS2322: Type '{ target: string; actions: ActionFunction<MachineContext, any, EventObject, {}, ProvidedActor, never, never, never, never>; }' is not assignable to type 'SingleOrArray<TransitionConfigOrTarget<LegalCaseContext, ErrorActorEvent<unknown, string>, LegalCaseEvents, ProvidedActor, ParameterizedObject, ParameterizedObject, string, EventObject, MetaObject>>'.
  Types of property 'actions' are incompatible.
    Type 'ActionFunction<MachineContext, any, EventObject, {}, ProvidedActor, never, never, never, never>' is not assignable to type 'Actions<LegalCaseContext, ErrorActorEvent<unknown, string>, LegalCaseEvents, undefined, ProvidedActor, ParameterizedObject, ParameterizedObject, string, EventObject>'.
      Type 'ActionFunction<MachineContext, any, EventObject, {}, ProvidedActor, never, never, never, never>' is not assignable to type 'ActionFunction<LegalCaseContext, ErrorActorEvent<unknown, string>, LegalCaseEvents, undefined, ProvidedActor, ParameterizedObject, ParameterizedObject, string, EventObject>'.
        Types of property '_out_TEvent' are incompatible.
          Type 'EventObject' is not assignable to type 'LegalCaseEvents'.
            Type 'EventObject' is not assignable to type '{ type: "RESET"; }'.
              Types of property 'type' are incompatible.
                Type 'string' is not assignable to type '"RESET"'.
src/lib/state/legal-case-machine.ts(351,13): error TS2322: Type '{ target: string; actions: ActionFunction<LegalCaseContext, any, EventObject, {}, ProvidedActor, never, never, never, never>; }' is not assignable to type 'SingleOrArray<TransitionConfigOrTarget<LegalCaseContext, DoneActorEvent<any, string>, LegalCaseEvents, ProvidedActor, ParameterizedObject, ParameterizedObject, string, EventObject, MetaObject>>'.
  Types of property 'actions' are incompatible.
    Type 'ActionFunction<LegalCaseContext, any, EventObject, {}, ProvidedActor, never, never, never, never>' is not assignable to type 'Actions<LegalCaseContext, DoneActorEvent<any, string>, LegalCaseEvents, undefined, ProvidedActor, ParameterizedObject, ParameterizedObject, string, EventObject>'.
      Type 'ActionFunction<LegalCaseContext, any, EventObject, {}, ProvidedActor, never, never, never, never>' is not assignable to type 'ActionFunction<LegalCaseContext, DoneActorEvent<any, string>, LegalCaseEvents, undefined, ProvidedActor, ParameterizedObject, ParameterizedObject, string, EventObject>'.
        Types of property '_out_TEvent' are incompatible.
          Type 'EventObject' is not assignable to type 'LegalCaseEvents'.
            Type 'EventObject' is not assignable to type '{ type: "RESET"; }'.
              Types of property 'type' are incompatible.
                Type 'string' is not assignable to type '"RESET"'.
src/lib/state/legal-case-machine.ts(355,13): error TS2322: Type '{ target: string; actions: ActionFunction<MachineContext, any, EventObject, {}, ProvidedActor, never, never, never, never>; }' is not assignable to type 'SingleOrArray<TransitionConfigOrTarget<LegalCaseContext, ErrorActorEvent<unknown, string>, LegalCaseEvents, ProvidedActor, ParameterizedObject, ParameterizedObject, string, EventObject, MetaObject>>'.
  Types of property 'actions' are incompatible.
    Type 'ActionFunction<MachineContext, any, EventObject, {}, ProvidedActor, never, never, never, never>' is not assignable to type 'Actions<LegalCaseContext, ErrorActorEvent<unknown, string>, LegalCaseEvents, undefined, ProvidedActor, ParameterizedObject, ParameterizedObject, string, EventObject>'.
      Type 'ActionFunction<MachineContext, any, EventObject, {}, ProvidedActor, never, never, never, never>' is not assignable to type 'ActionFunction<LegalCaseContext, ErrorActorEvent<unknown, string>, LegalCaseEvents, undefined, ProvidedActor, ParameterizedObject, ParameterizedObject, string, EventObject>'.
        Types of property '_out_TEvent' are incompatible.
          Type 'EventObject' is not assignable to type 'LegalCaseEvents'.
            Type 'EventObject' is not assignable to type '{ type: "RESET"; }'.
              Types of property 'type' are incompatible.
                Type 'string' is not assignable to type '"RESET"'.
src/lib/state/legal-case-machine.ts(364,13): error TS2322: Type '{ target: string; actions: (ActionFunction<MachineContext, AnyEventObject, EventObject, {}, ProvidedActor, never, never, never, never> | ActionFunction<...>)[]; }' is not assignable to type 'TransitionConfigOrTarget<LegalCaseContext, { type: "ADD_EVIDENCE"; files: File[]; }, LegalCaseEvents, ProvidedActor, ParameterizedObject, ParameterizedObject, string, EventObject, MetaObject>'.
  Types of property 'actions' are incompatible.
    Type '(ActionFunction<MachineContext, AnyEventObject, EventObject, {}, ProvidedActor, never, never, never, never> | ActionFunction<...>)[]' is not assignable to type 'Actions<LegalCaseContext, { type: "ADD_EVIDENCE"; files: File[]; }, LegalCaseEvents, undefined, ProvidedActor, ParameterizedObject, ParameterizedObject, string, EventObject>'.
      Type '(ActionFunction<MachineContext, AnyEventObject, EventObject, {}, ProvidedActor, never, never, never, never> | ActionFunction<...>)[]' is not assignable to type 'readonly Action<LegalCaseContext, { type: "ADD_EVIDENCE"; files: File[]; }, LegalCaseEvents, undefined, ProvidedActor, ParameterizedObject, ParameterizedObject, string, EventObject>[]'.
        Type 'ActionFunction<MachineContext, AnyEventObject, EventObject, {}, ProvidedActor, never, never, never, never> | ActionFunction<...>' is not assignable to type 'Action<LegalCaseContext, { type: "ADD_EVIDENCE"; files: File[]; }, LegalCaseEvents, undefined, ProvidedActor, ParameterizedObject, ParameterizedObject, string, EventObject>'.
          Type 'ActionFunction<MachineContext, AnyEventObject, EventObject, {}, ProvidedActor, never, never, never, never>' is not assignable to type 'Action<LegalCaseContext, { type: "ADD_EVIDENCE"; files: File[]; }, LegalCaseEvents, undefined, ProvidedActor, ParameterizedObject, ParameterizedObject, string, EventObject>'.
            Type 'ActionFunction<MachineContext, AnyEventObject, EventObject, {}, ProvidedActor, never, never, never, never>' is not assignable to type 'ActionFunction<LegalCaseContext, { type: "ADD_EVIDENCE"; files: File[]; }, LegalCaseEvents, undefined, ProvidedActor, ParameterizedObject, ParameterizedObject, string, EventObject>'.
              Types of property '_out_TEvent' are incompatible.
                Type 'EventObject' is not assignable to type 'LegalCaseEvents'.
                  Type 'EventObject' is not assignable to type '{ type: "RESET"; }'.
                    Types of property 'type' are incompatible.
                      Type 'string' is not assignable to type '"RESET"'.
src/lib/state/legal-case-machine.ts(373,13): error TS2322: Type '{ target: string; actions: ActionFunction<MachineContext, AnyEventObject, EventObject, {}, ProvidedActor, never, never, never, never>; }' is not assignable to type 'TransitionConfigOrTarget<LegalCaseContext, { type: "PROCESS_EVIDENCE"; evidenceId: string; }, LegalCaseEvents, ProvidedActor, ParameterizedObject, ParameterizedObject, string, EventObject, MetaObject>'.
  Types of property 'actions' are incompatible.
    Type 'ActionFunction<MachineContext, AnyEventObject, EventObject, {}, ProvidedActor, never, never, never, never>' is not assignable to type 'Actions<LegalCaseContext, { type: "PROCESS_EVIDENCE"; evidenceId: string; }, LegalCaseEvents, undefined, ProvidedActor, ParameterizedObject, ParameterizedObject, string, EventObject>'.
      Type 'ActionFunction<MachineContext, AnyEventObject, EventObject, {}, ProvidedActor, never, never, never, never>' is not assignable to type 'ActionFunction<LegalCaseContext, { type: "PROCESS_EVIDENCE"; evidenceId: string; }, LegalCaseEvents, undefined, ProvidedActor, ParameterizedObject, ParameterizedObject, string, EventObject>'.
        Types of property '_out_TEvent' are incompatible.
          Type 'EventObject' is not assignable to type 'LegalCaseEvents'.
            Type 'EventObject' is not assignable to type '{ type: "RESET"; }'.
              Types of property 'type' are incompatible.
                Type 'string' is not assignable to type '"RESET"'.
src/lib/state/legal-case-machine.ts(377,13): error TS2322: Type '{ target: string; actions: ActionFunction<MachineContext, AnyEventObject, EventObject, {}, ProvidedActor, never, never, never, never>; guard: ({ context }: { context: LegalCaseContext; }) => boolean; }' is not assignable to type 'TransitionConfigOrTarget<LegalCaseContext, { type: "START_AI_ANALYSIS"; }, LegalCaseEvents, ProvidedActor, ParameterizedObject, ParameterizedObject, string, EventObject, MetaObject>'.
  Types of property 'actions' are incompatible.
    Type 'ActionFunction<MachineContext, AnyEventObject, EventObject, {}, ProvidedActor, never, never, never, never>' is not assignable to type 'Actions<LegalCaseContext, { type: "START_AI_ANALYSIS"; }, LegalCaseEvents, undefined, ProvidedActor, ParameterizedObject, ParameterizedObject, string, EventObject>'.
      Type 'ActionFunction<MachineContext, AnyEventObject, EventObject, {}, ProvidedActor, never, never, never, never>' is not assignable to type 'ActionFunction<LegalCaseContext, { type: "START_AI_ANALYSIS"; }, LegalCaseEvents, undefined, ProvidedActor, ParameterizedObject, ParameterizedObject, string, EventObject>'.
        Types of property '_out_TEvent' are incompatible.
          Type 'EventObject' is not assignable to type 'LegalCaseEvents'.
            Type 'EventObject' is not assignable to type '{ type: "RESET"; }'.
              Types of property 'type' are incompatible.
                Type 'string' is not assignable to type '"RESET"'.
src/lib/state/legal-case-machine.ts(382,13): error TS2322: Type '{ target: string; actions: ActionFunction<MachineContext, AnyEventObject, EventObject, {}, ProvidedActor, never, never, never, never>; }' is not assignable to type 'TransitionConfigOrTarget<LegalCaseContext, { type: "FIND_SIMILAR_CASES"; }, LegalCaseEvents, ProvidedActor, ParameterizedObject, ParameterizedObject, string, EventObject, MetaObject>'.
  Types of property 'actions' are incompatible.
    Type 'ActionFunction<MachineContext, AnyEventObject, EventObject, {}, ProvidedActor, never, never, never, never>' is not assignable to type 'Actions<LegalCaseContext, { type: "FIND_SIMILAR_CASES"; }, LegalCaseEvents, undefined, ProvidedActor, ParameterizedObject, ParameterizedObject, string, EventObject>'.
      Type 'ActionFunction<MachineContext, AnyEventObject, EventObject, {}, ProvidedActor, never, never, never, never>' is not assignable to type 'ActionFunction<LegalCaseContext, { type: "FIND_SIMILAR_CASES"; }, LegalCaseEvents, undefined, ProvidedActor, ParameterizedObject, ParameterizedObject, string, EventObject>'.
        Types of property '_out_TEvent' are incompatible.
          Type 'EventObject' is not assignable to type 'LegalCaseEvents'.
            Type 'EventObject' is not assignable to type '{ type: "RESET"; }'.
              Types of property 'type' are incompatible.
                Type 'string' is not assignable to type '"RESET"'.
src/lib/state/legal-case-machine.ts(386,13): error TS2322: Type '{ target: string; actions: ActionFunction<MachineContext, AnyEventObject, EventObject, {}, ProvidedActor, never, never, never, never>; }' is not assignable to type 'TransitionConfigOrTarget<LegalCaseContext, { type: "UPDATE_CASE"; updates: Partial<{ title: string; description: string; status: string; jurisdiction: string; tags: unknown; caseNumber: string; priority: string; ... 14 more ...; updatedAt: Date; }>; }, ... 6 more ..., MetaObject>'.
  Types of property 'actions' are incompatible.
    Type 'ActionFunction<MachineContext, AnyEventObject, EventObject, {}, ProvidedActor, never, never, never, never>' is not assignable to type 'Actions<LegalCaseContext, { type: "UPDATE_CASE"; updates: Partial<{ title: string; description: string; status: string; jurisdiction: string; tags: unknown; caseNumber: string; priority: string; ... 14 more ...; updatedAt: Date; }>; }, ... 6 more ..., EventObject>'.
      Type 'ActionFunction<MachineContext, AnyEventObject, EventObject, {}, ProvidedActor, never, never, never, never>' is not assignable to type 'ActionFunction<LegalCaseContext, { type: "UPDATE_CASE"; updates: Partial<{ title: string; description: string; status: string; jurisdiction: string; tags: unknown; caseNumber: string; priority: string; ... 14 more ...; updatedAt: Date; }>; }, ... 6 more ..., EventObject>'.
        Types of property '_out_TEvent' are incompatible.
          Type 'EventObject' is not assignable to type 'LegalCaseEvents'.
            Type 'EventObject' is not assignable to type '{ type: "RESET"; }'.
              Types of property 'type' are incompatible.
                Type 'string' is not assignable to type '"RESET"'.
src/lib/state/legal-case-machine.ts(390,13): error TS2322: Type '{ target: string; actions: ActionFunction<MachineContext, AnyEventObject, EventObject, {}, ProvidedActor, never, never, never, never>; }' is not assignable to type 'TransitionConfigOrTarget<LegalCaseContext, { type: "DELETE_CASE"; }, LegalCaseEvents, ProvidedActor, ParameterizedObject, ParameterizedObject, string, EventObject, MetaObject>'.
  Types of property 'actions' are incompatible.
    Type 'ActionFunction<MachineContext, AnyEventObject, EventObject, {}, ProvidedActor, never, never, never, never>' is not assignable to type 'Actions<LegalCaseContext, { type: "DELETE_CASE"; }, LegalCaseEvents, undefined, ProvidedActor, ParameterizedObject, ParameterizedObject, string, EventObject>'.
      Type 'ActionFunction<MachineContext, AnyEventObject, EventObject, {}, ProvidedActor, never, never, never, never>' is not assignable to type 'ActionFunction<LegalCaseContext, { type: "DELETE_CASE"; }, LegalCaseEvents, undefined, ProvidedActor, ParameterizedObject, ParameterizedObject, string, EventObject>'.
        Types of property '_out_TEvent' are incompatible.
          Type 'EventObject' is not assignable to type 'LegalCaseEvents'.
            Type 'EventObject' is not assignable to type '{ type: "RESET"; }'.
              Types of property 'type' are incompatible.
                Type 'string' is not assignable to type '"RESET"'.
src/lib/state/legal-case-machine.ts(430,13): error TS2322: Type '{ target: string; actions: ActionFunction<MachineContext, any, EventObject, {}, ProvidedActor, never, never, never, never>; }' is not assignable to type 'SingleOrArray<TransitionConfigOrTarget<LegalCaseContext, ErrorActorEvent<unknown, string>, LegalCaseEvents, ProvidedActor, ParameterizedObject, ParameterizedObject, string, EventObject, MetaObject>>'.
  Types of property 'actions' are incompatible.
    Type 'ActionFunction<MachineContext, any, EventObject, {}, ProvidedActor, never, never, never, never>' is not assignable to type 'Actions<LegalCaseContext, ErrorActorEvent<unknown, string>, LegalCaseEvents, undefined, ProvidedActor, ParameterizedObject, ParameterizedObject, string, EventObject>'.
      Type 'ActionFunction<MachineContext, any, EventObject, {}, ProvidedActor, never, never, never, never>' is not assignable to type 'ActionFunction<LegalCaseContext, ErrorActorEvent<unknown, string>, LegalCaseEvents, undefined, ProvidedActor, ParameterizedObject, ParameterizedObject, string, EventObject>'.
        Types of property '_out_TEvent' are incompatible.
          Type 'EventObject' is not assignable to type 'LegalCaseEvents'.
            Type 'EventObject' is not assignable to type '{ type: "RESET"; }'.
              Types of property 'type' are incompatible.
                Type 'string' is not assignable to type '"RESET"'.
src/lib/state/legal-case-machine.ts(455,13): error TS2322: Type '{ target: string; actions: ActionFunction<MachineContext, any, EventObject, {}, ProvidedActor, never, never, never, never>; }' is not assignable to type 'SingleOrArray<TransitionConfigOrTarget<LegalCaseContext, ErrorActorEvent<unknown, string>, LegalCaseEvents, ProvidedActor, ParameterizedObject, ParameterizedObject, string, EventObject, MetaObject>>'.
  Types of property 'actions' are incompatible.
    Type 'ActionFunction<MachineContext, any, EventObject, {}, ProvidedActor, never, never, never, never>' is not assignable to type 'Actions<LegalCaseContext, ErrorActorEvent<unknown, string>, LegalCaseEvents, undefined, ProvidedActor, ParameterizedObject, ParameterizedObject, string, EventObject>'.
      Type 'ActionFunction<MachineContext, any, EventObject, {}, ProvidedActor, never, never, never, never>' is not assignable to type 'ActionFunction<LegalCaseContext, ErrorActorEvent<unknown, string>, LegalCaseEvents, undefined, ProvidedActor, ParameterizedObject, ParameterizedObject, string, EventObject>'.
        Types of property '_out_TEvent' are incompatible.
          Type 'EventObject' is not assignable to type 'LegalCaseEvents'.
            Type 'EventObject' is not assignable to type '{ type: "RESET"; }'.
              Types of property 'type' are incompatible.
                Type 'string' is not assignable to type '"RESET"'.
src/lib/state/legal-case-machine.ts(471,17): error TS2322: Type '{ target: string; actions: ActionFunction<LegalCaseContext, any, EventObject, {}, ProvidedActor, never, never, never, never>; }' is not assignable to type 'SingleOrArray<TransitionConfigOrTarget<LegalCaseContext, DoneActorEvent<any, string>, LegalCaseEvents, ProvidedActor, ParameterizedObject, ParameterizedObject, string, EventObject, MetaObject>>'.
  Types of property 'actions' are incompatible.
    Type 'ActionFunction<LegalCaseContext, any, EventObject, {}, ProvidedActor, never, never, never, never>' is not assignable to type 'Actions<LegalCaseContext, DoneActorEvent<any, string>, LegalCaseEvents, undefined, ProvidedActor, ParameterizedObject, ParameterizedObject, string, EventObject>'.
      Type 'ActionFunction<LegalCaseContext, any, EventObject, {}, ProvidedActor, never, never, never, never>' is not assignable to type 'ActionFunction<LegalCaseContext, DoneActorEvent<any, string>, LegalCaseEvents, undefined, ProvidedActor, ParameterizedObject, ParameterizedObject, string, EventObject>'.
        Types of property '_out_TEvent' are incompatible.
          Type 'EventObject' is not assignable to type 'LegalCaseEvents'.
            Type 'EventObject' is not assignable to type '{ type: "RESET"; }'.
              Types of property 'type' are incompatible.
                Type 'string' is not assignable to type '"RESET"'.
src/lib/state/legal-case-machine.ts(475,17): error TS2322: Type '{ target: string; actions: ActionFunction<MachineContext, any, EventObject, {}, ProvidedActor, never, never, never, never>; }' is not assignable to type 'SingleOrArray<TransitionConfigOrTarget<LegalCaseContext, ErrorActorEvent<unknown, string>, LegalCaseEvents, ProvidedActor, ParameterizedObject, ParameterizedObject, string, EventObject, MetaObject>>'.
  Types of property 'actions' are incompatible.
    Type 'ActionFunction<MachineContext, any, EventObject, {}, ProvidedActor, never, never, never, never>' is not assignable to type 'Actions<LegalCaseContext, ErrorActorEvent<unknown, string>, LegalCaseEvents, undefined, ProvidedActor, ParameterizedObject, ParameterizedObject, string, EventObject>'.
      Type 'ActionFunction<MachineContext, any, EventObject, {}, ProvidedActor, never, never, never, never>' is not assignable to type 'ActionFunction<LegalCaseContext, ErrorActorEvent<unknown, string>, LegalCaseEvents, undefined, ProvidedActor, ParameterizedObject, ParameterizedObject, string, EventObject>'.
        Types of property '_out_TEvent' are incompatible.
          Type 'EventObject' is not assignable to type 'LegalCaseEvents'.
            Type 'EventObject' is not assignable to type '{ type: "RESET"; }'.
              Types of property 'type' are incompatible.
                Type 'string' is not assignable to type '"RESET"'.
src/lib/state/legal-case-machine.ts(481,17): error TS2322: Type '{ actions: ActionFunction<MachineContext, any, EventObject, {}, ProvidedActor, never, never, never, never>; }' is not assignable to type 'TransitionConfigOrTarget<LegalCaseContext, { type: "AI_ANALYSIS_PROGRESS"; progress: number; }, LegalCaseEvents, ProvidedActor, ParameterizedObject, ParameterizedObject, string, EventObject, MetaObject>'.
  Types of property 'actions' are incompatible.
    Type 'ActionFunction<MachineContext, any, EventObject, {}, ProvidedActor, never, never, never, never>' is not assignable to type 'Actions<LegalCaseContext, { type: "AI_ANALYSIS_PROGRESS"; progress: number; }, LegalCaseEvents, undefined, ProvidedActor, ParameterizedObject, ParameterizedObject, string, EventObject>'.
      Type 'ActionFunction<MachineContext, any, EventObject, {}, ProvidedActor, never, never, never, never>' is not assignable to type 'ActionFunction<LegalCaseContext, { type: "AI_ANALYSIS_PROGRESS"; progress: number; }, LegalCaseEvents, undefined, ProvidedActor, ParameterizedObject, ParameterizedObject, string, EventObject>'.
        Types of property '_out_TEvent' are incompatible.
          Type 'EventObject' is not assignable to type 'LegalCaseEvents'.
            Type 'EventObject' is not assignable to type '{ type: "RESET"; }'.
              Types of property 'type' are incompatible.
                Type 'string' is not assignable to type '"RESET"'.
src/lib/state/legal-case-machine.ts(514,13): error TS2322: Type '{ target: string; actions: (ActionFunction<MachineContext, any, EventObject, {}, ProvidedActor, never, never, never, never> | ActionFunction<...>)[]; }' is not assignable to type 'SingleOrArray<TransitionConfigOrTarget<LegalCaseContext, DoneActorEvent<any, string>, LegalCaseEvents, ProvidedActor, ParameterizedObject, ParameterizedObject, string, EventObject, MetaObject>>'.
  Types of property 'actions' are incompatible.
    Type '(ActionFunction<MachineContext, any, EventObject, {}, ProvidedActor, never, never, never, never> | ActionFunction<LegalCaseContext, ... 7 more ..., never>)[]' is not assignable to type 'Actions<LegalCaseContext, DoneActorEvent<any, string>, LegalCaseEvents, undefined, ProvidedActor, ParameterizedObject, ParameterizedObject, string, EventObject>'.
      Type '(ActionFunction<MachineContext, any, EventObject, {}, ProvidedActor, never, never, never, never> | ActionFunction<LegalCaseContext, ... 7 more ..., never>)[]' is not assignable to type 'readonly Action<LegalCaseContext, DoneActorEvent<any, string>, LegalCaseEvents, undefined, ProvidedActor, ParameterizedObject, ParameterizedObject, string, EventObject>[]'.
        Type 'ActionFunction<MachineContext, any, EventObject, {}, ProvidedActor, never, never, never, never> | ActionFunction<LegalCaseContext, ... 7 more ..., never>' is not assignable to type 'Action<LegalCaseContext, DoneActorEvent<any, string>, LegalCaseEvents, undefined, ProvidedActor, ParameterizedObject, ParameterizedObject, string, EventObject>'.
          Type 'ActionFunction<MachineContext, any, EventObject, {}, ProvidedActor, never, never, never, never>' is not assignable to type 'Action<LegalCaseContext, DoneActorEvent<any, string>, LegalCaseEvents, undefined, ProvidedActor, ParameterizedObject, ParameterizedObject, string, EventObject>'.
            Type 'ActionFunction<MachineContext, any, EventObject, {}, ProvidedActor, never, never, never, never>' is not assignable to type 'ActionFunction<LegalCaseContext, DoneActorEvent<any, string>, LegalCaseEvents, undefined, ProvidedActor, ParameterizedObject, ParameterizedObject, string, EventObject>'.
              Types of property '_out_TEvent' are incompatible.
                Type 'EventObject' is not assignable to type 'LegalCaseEvents'.
                  Type 'EventObject' is not assignable to type '{ type: "RESET"; }'.
                    Types of property 'type' are incompatible.
                      Type 'string' is not assignable to type '"RESET"'.
src/lib/state/legal-case-machine.ts(521,13): error TS2322: Type '{ target: string; actions: ActionFunction<MachineContext, any, EventObject, {}, ProvidedActor, never, never, never, never>; }' is not assignable to type 'SingleOrArray<TransitionConfigOrTarget<LegalCaseContext, ErrorActorEvent<unknown, string>, LegalCaseEvents, ProvidedActor, ParameterizedObject, ParameterizedObject, string, EventObject, MetaObject>>'.
  Types of property 'actions' are incompatible.
    Type 'ActionFunction<MachineContext, any, EventObject, {}, ProvidedActor, never, never, never, never>' is not assignable to type 'Actions<LegalCaseContext, ErrorActorEvent<unknown, string>, LegalCaseEvents, undefined, ProvidedActor, ParameterizedObject, ParameterizedObject, string, EventObject>'.
      Type 'ActionFunction<MachineContext, any, EventObject, {}, ProvidedActor, never, never, never, never>' is not assignable to type 'ActionFunction<LegalCaseContext, ErrorActorEvent<unknown, string>, LegalCaseEvents, undefined, ProvidedActor, ParameterizedObject, ParameterizedObject, string, EventObject>'.
        Types of property '_out_TEvent' are incompatible.
          Type 'EventObject' is not assignable to type 'LegalCaseEvents'.
            Type 'EventObject' is not assignable to type '{ type: "RESET"; }'.
              Types of property 'type' are incompatible.
                Type 'string' is not assignable to type '"RESET"'.
src/lib/state/legal-case-machine.ts(541,30): error TS2339: Property 'updates' does not exist on type 'LegalCaseEvents'.
  Property 'updates' does not exist on type '{ type: "LOAD_CASE"; caseId: string; }'.
src/lib/state/legal-case-machine.ts(543,13): error TS2322: Type '{ target: string; actions: (ActionFunction<MachineContext, any, EventObject, {}, ProvidedActor, never, never, never, never> | ActionFunction<...>)[]; }' is not assignable to type 'SingleOrArray<TransitionConfigOrTarget<LegalCaseContext, DoneActorEvent<any, string>, LegalCaseEvents, ProvidedActor, ParameterizedObject, ParameterizedObject, string, EventObject, MetaObject>>'.
  Types of property 'actions' are incompatible.
    Type '(ActionFunction<MachineContext, any, EventObject, {}, ProvidedActor, never, never, never, never> | ActionFunction<LegalCaseContext, ... 7 more ..., never>)[]' is not assignable to type 'Actions<LegalCaseContext, DoneActorEvent<any, string>, LegalCaseEvents, undefined, ProvidedActor, ParameterizedObject, ParameterizedObject, string, EventObject>'.
      Type '(ActionFunction<MachineContext, any, EventObject, {}, ProvidedActor, never, never, never, never> | ActionFunction<LegalCaseContext, ... 7 more ..., never>)[]' is not assignable to type 'readonly Action<LegalCaseContext, DoneActorEvent<any, string>, LegalCaseEvents, undefined, ProvidedActor, ParameterizedObject, ParameterizedObject, string, EventObject>[]'.
        Type 'ActionFunction<MachineContext, any, EventObject, {}, ProvidedActor, never, never, never, never> | ActionFunction<LegalCaseContext, ... 7 more ..., never>' is not assignable to type 'Action<LegalCaseContext, DoneActorEvent<any, string>, LegalCaseEvents, undefined, ProvidedActor, ParameterizedObject, ParameterizedObject, string, EventObject>'.
          Type 'ActionFunction<MachineContext, any, EventObject, {}, ProvidedActor, never, never, never, never>' is not assignable to type 'Action<LegalCaseContext, DoneActorEvent<any, string>, LegalCaseEvents, undefined, ProvidedActor, ParameterizedObject, ParameterizedObject, string, EventObject>'.
            Type 'ActionFunction<MachineContext, any, EventObject, {}, ProvidedActor, never, never, never, never>' is not assignable to type 'ActionFunction<LegalCaseContext, DoneActorEvent<any, string>, LegalCaseEvents, undefined, ProvidedActor, ParameterizedObject, ParameterizedObject, string, EventObject>'.
              Types of property '_out_TEvent' are incompatible.
                Type 'EventObject' is not assignable to type 'LegalCaseEvents'.
                  Type 'EventObject' is not assignable to type '{ type: "RESET"; }'.
                    Types of property 'type' are incompatible.
                      Type 'string' is not assignable to type '"RESET"'.
src/lib/state/legal-case-machine.ts(550,13): error TS2322: Type '{ target: string; actions: ActionFunction<MachineContext, any, EventObject, {}, ProvidedActor, never, never, never, never>; }' is not assignable to type 'SingleOrArray<TransitionConfigOrTarget<LegalCaseContext, ErrorActorEvent<unknown, string>, LegalCaseEvents, ProvidedActor, ParameterizedObject, ParameterizedObject, string, EventObject, MetaObject>>'.
  Types of property 'actions' are incompatible.
    Type 'ActionFunction<MachineContext, any, EventObject, {}, ProvidedActor, never, never, never, never>' is not assignable to type 'Actions<LegalCaseContext, ErrorActorEvent<unknown, string>, LegalCaseEvents, undefined, ProvidedActor, ParameterizedObject, ParameterizedObject, string, EventObject>'.
      Type 'ActionFunction<MachineContext, any, EventObject, {}, ProvidedActor, never, never, never, never>' is not assignable to type 'ActionFunction<LegalCaseContext, ErrorActorEvent<unknown, string>, LegalCaseEvents, undefined, ProvidedActor, ParameterizedObject, ParameterizedObject, string, EventObject>'.
        Types of property '_out_TEvent' are incompatible.
          Type 'EventObject' is not assignable to type 'LegalCaseEvents'.
            Type 'EventObject' is not assignable to type '{ type: "RESET"; }'.
              Types of property 'type' are incompatible.
                Type 'string' is not assignable to type '"RESET"'.
src/lib/state/legal-case-machine.ts(581,13): error TS2322: Type '{ target: string; actions: ActionFunction<MachineContext, any, EventObject, {}, ProvidedActor, never, never, never, never>; }' is not assignable to type 'SingleOrArray<TransitionConfigOrTarget<LegalCaseContext, ErrorActorEvent<unknown, string>, LegalCaseEvents, ProvidedActor, ParameterizedObject, ParameterizedObject, string, EventObject, MetaObject>>'.
  Types of property 'actions' are incompatible.
    Type 'ActionFunction<MachineContext, any, EventObject, {}, ProvidedActor, never, never, never, never>' is not assignable to type 'Actions<LegalCaseContext, ErrorActorEvent<unknown, string>, LegalCaseEvents, undefined, ProvidedActor, ParameterizedObject, ParameterizedObject, string, EventObject>'.
      Type 'ActionFunction<MachineContext, any, EventObject, {}, ProvidedActor, never, never, never, never>' is not assignable to type 'ActionFunction<LegalCaseContext, ErrorActorEvent<unknown, string>, LegalCaseEvents, undefined, ProvidedActor, ParameterizedObject, ParameterizedObject, string, EventObject>'.
        Types of property '_out_TEvent' are incompatible.
          Type 'EventObject' is not assignable to type 'LegalCaseEvents'.
            Type 'EventObject' is not assignable to type '{ type: "RESET"; }'.
              Types of property 'type' are incompatible.
                Type 'string' is not assignable to type '"RESET"'.
src/lib/state/legal-case-machine.ts(590,9): error TS2322: Type '{ actions: ActionFunction<MachineContext, any, EventObject, {}, ProvidedActor, never, never, never, never>; }' is not assignable to type 'TransitionConfigOrTarget<LegalCaseContext, { type: "SWITCH_TAB"; tab: "evidence" | "search" | "overview" | "analysis"; }, LegalCaseEvents, ProvidedActor, ... 4 more ..., MetaObject>'.
  Types of property 'actions' are incompatible.
    Type 'ActionFunction<MachineContext, any, EventObject, {}, ProvidedActor, never, never, never, never>' is not assignable to type 'Actions<LegalCaseContext, { type: "SWITCH_TAB"; tab: "evidence" | "search" | "overview" | "analysis"; }, LegalCaseEvents, undefined, ProvidedActor, ParameterizedObject, ParameterizedObject, string, EventObject>'.
      Type 'ActionFunction<MachineContext, any, EventObject, {}, ProvidedActor, never, never, never, never>' is not assignable to type 'ActionFunction<LegalCaseContext, { type: "SWITCH_TAB"; tab: "evidence" | "search" | "overview" | "analysis"; }, LegalCaseEvents, undefined, ProvidedActor, ParameterizedObject, ParameterizedObject, string, EventObject>'.
        Types of property '_out_TEvent' are incompatible.
          Type 'EventObject' is not assignable to type 'LegalCaseEvents'.
            Type 'EventObject' is not assignable to type '{ type: "RESET"; }'.
              Types of property 'type' are incompatible.
                Type 'string' is not assignable to type '"RESET"'.
src/lib/state/legal-case-machine.ts(593,9): error TS2322: Type '{ actions: ActionFunction<MachineContext, any, EventObject, {}, ProvidedActor, never, never, never, never>; }' is not assignable to type 'TransitionConfigOrTarget<LegalCaseContext, { type: "SET_WORKFLOW_STAGE"; stage: "closed" | "investigation" | "analysis" | "preparation" | "review"; }, LegalCaseEvents, ... 5 more ..., MetaObject>'.
  Types of property 'actions' are incompatible.
    Type 'ActionFunction<MachineContext, any, EventObject, {}, ProvidedActor, never, never, never, never>' is not assignable to type 'Actions<LegalCaseContext, { type: "SET_WORKFLOW_STAGE"; stage: "closed" | "investigation" | "analysis" | "preparation" | "review"; }, LegalCaseEvents, ... 5 more ..., EventObject>'.
      Type 'ActionFunction<MachineContext, any, EventObject, {}, ProvidedActor, never, never, never, never>' is not assignable to type 'ActionFunction<LegalCaseContext, { type: "SET_WORKFLOW_STAGE"; stage: "closed" | "investigation" | "analysis" | "preparation" | "review"; }, LegalCaseEvents, ... 5 more ..., EventObject>'.
        Types of property '_out_TEvent' are incompatible.
          Type 'EventObject' is not assignable to type 'LegalCaseEvents'.
            Type 'EventObject' is not assignable to type '{ type: "RESET"; }'.
              Types of property 'type' are incompatible.
                Type 'string' is not assignable to type '"RESET"'.
src/lib/state/legal-case-machine.ts(596,9): error TS2322: Type '{ actions: ActionFunction<LegalCaseContext, any, EventObject, {}, ProvidedActor, never, never, never, never>; }' is not assignable to type 'TransitionConfigOrTarget<LegalCaseContext, { type: "UPDATE_CASE_FORM"; data: Partial<{ title: string; description: string; caseNumber: string; category: string; userId: string; status?: string; jurisdiction?: string; ... 14 more ...; updatedAt?: Date; }>; }, ... 6 more ..., MetaObject>'.
  Types of property 'actions' are incompatible.
    Type 'ActionFunction<LegalCaseContext, any, EventObject, {}, ProvidedActor, never, never, never, never>' is not assignable to type 'Actions<LegalCaseContext, { type: "UPDATE_CASE_FORM"; data: Partial<{ title: string; description: string; caseNumber: string; category: string; userId: string; status?: string; jurisdiction?: string; ... 14 more ...; updatedAt?: Date; }>; }, ... 6 more ..., EventObject>'.
      Type 'ActionFunction<LegalCaseContext, any, EventObject, {}, ProvidedActor, never, never, never, never>' is not assignable to type 'ActionFunction<LegalCaseContext, { type: "UPDATE_CASE_FORM"; data: Partial<{ title: string; description: string; caseNumber: string; category: string; userId: string; status?: string; jurisdiction?: string; ... 14 more ...; updatedAt?: Date; }>; }, ... 6 more ..., EventObject>'.
        Types of property '_out_TEvent' are incompatible.
          Type 'EventObject' is not assignable to type 'LegalCaseEvents'.
            Type 'EventObject' is not assignable to type '{ type: "RESET"; }'.
              Types of property 'type' are incompatible.
                Type 'string' is not assignable to type '"RESET"'.
src/lib/state/legal-case-machine.ts(619,24): error TS2339: Property 'query' does not exist on type 'LegalCaseEvents'.
  Property 'query' does not exist on type '{ type: "LOAD_CASE"; caseId: string; }'.
src/lib/state/legal-case-machine.ts(622,9): error TS2322: Type '{ target: string; actions: (ActionFunction<MachineContext, any, EventObject, {}, ProvidedActor, never, never, never, never> | ActionFunction<...>)[]; }' is not assignable to type 'SingleOrArray<TransitionConfigOrTarget<LegalCaseContext, DoneActorEvent<any, string>, LegalCaseEvents, ProvidedActor, ParameterizedObject, ParameterizedObject, string, EventObject, MetaObject>>'.
  Types of property 'actions' are incompatible.
    Type '(ActionFunction<MachineContext, any, EventObject, {}, ProvidedActor, never, never, never, never> | ActionFunction<LegalCaseContext, ... 7 more ..., never>)[]' is not assignable to type 'Actions<LegalCaseContext, DoneActorEvent<any, string>, LegalCaseEvents, undefined, ProvidedActor, ParameterizedObject, ParameterizedObject, string, EventObject>'.
      Type '(ActionFunction<MachineContext, any, EventObject, {}, ProvidedActor, never, never, never, never> | ActionFunction<LegalCaseContext, ... 7 more ..., never>)[]' is not assignable to type 'readonly Action<LegalCaseContext, DoneActorEvent<any, string>, LegalCaseEvents, undefined, ProvidedActor, ParameterizedObject, ParameterizedObject, string, EventObject>[]'.
        Type 'ActionFunction<MachineContext, any, EventObject, {}, ProvidedActor, never, never, never, never> | ActionFunction<LegalCaseContext, ... 7 more ..., never>' is not assignable to type 'Action<LegalCaseContext, DoneActorEvent<any, string>, LegalCaseEvents, undefined, ProvidedActor, ParameterizedObject, ParameterizedObject, string, EventObject>'.
          Type 'ActionFunction<MachineContext, any, EventObject, {}, ProvidedActor, never, never, never, never>' is not assignable to type 'Action<LegalCaseContext, DoneActorEvent<any, string>, LegalCaseEvents, undefined, ProvidedActor, ParameterizedObject, ParameterizedObject, string, EventObject>'.
            Type 'ActionFunction<MachineContext, any, EventObject, {}, ProvidedActor, never, never, never, never>' is not assignable to type 'ActionFunction<LegalCaseContext, DoneActorEvent<any, string>, LegalCaseEvents, undefined, ProvidedActor, ParameterizedObject, ParameterizedObject, string, EventObject>'.
              Types of property '_out_TEvent' are incompatible.
                Type 'EventObject' is not assignable to type 'LegalCaseEvents'.
                  Type 'EventObject' is not assignable to type '{ type: "RESET"; }'.
                    Types of property 'type' are incompatible.
                      Type 'string' is not assignable to type '"RESET"'.
src/lib/state/legal-case-machine.ts(629,9): error TS2322: Type '{ target: string; actions: ActionFunction<MachineContext, any, EventObject, {}, ProvidedActor, never, never, never, never>; }' is not assignable to type 'SingleOrArray<TransitionConfigOrTarget<LegalCaseContext, ErrorActorEvent<unknown, string>, LegalCaseEvents, ProvidedActor, ParameterizedObject, ParameterizedObject, string, EventObject, MetaObject>>'.
  Types of property 'actions' are incompatible.
    Type 'ActionFunction<MachineContext, any, EventObject, {}, ProvidedActor, never, never, never, never>' is not assignable to type 'Actions<LegalCaseContext, ErrorActorEvent<unknown, string>, LegalCaseEvents, undefined, ProvidedActor, ParameterizedObject, ParameterizedObject, string, EventObject>'.
      Type 'ActionFunction<MachineContext, any, EventObject, {}, ProvidedActor, never, never, never, never>' is not assignable to type 'ActionFunction<LegalCaseContext, ErrorActorEvent<unknown, string>, LegalCaseEvents, undefined, ProvidedActor, ParameterizedObject, ParameterizedObject, string, EventObject>'.
        Types of property '_out_TEvent' are incompatible.
          Type 'EventObject' is not assignable to type 'LegalCaseEvents'.
            Type 'EventObject' is not assignable to type '{ type: "RESET"; }'.
              Types of property 'type' are incompatible.
                Type 'string' is not assignable to type '"RESET"'.
src/lib/state/legal-case-machine.ts(639,9): error TS2322: Type '{ target: string; actions: ActionFunction<MachineContext, AnyEventObject, EventObject, {}, ProvidedActor, never, never, never, never>; }' is not assignable to type 'TransitionConfigOrTarget<LegalCaseContext, { type: "RETRY"; }, LegalCaseEvents, ProvidedActor, ParameterizedObject, ParameterizedObject, string, EventObject, MetaObject>'.
  Types of property 'actions' are incompatible.
    Type 'ActionFunction<MachineContext, AnyEventObject, EventObject, {}, ProvidedActor, never, never, never, never>' is not assignable to type 'Actions<LegalCaseContext, { type: "RETRY"; }, LegalCaseEvents, undefined, ProvidedActor, ParameterizedObject, ParameterizedObject, string, EventObject>'.
      Type 'ActionFunction<MachineContext, AnyEventObject, EventObject, {}, ProvidedActor, never, never, never, never>' is not assignable to type 'ActionFunction<LegalCaseContext, { type: "RETRY"; }, LegalCaseEvents, undefined, ProvidedActor, ParameterizedObject, ParameterizedObject, string, EventObject>'.
        Types of property '_out_TEvent' are incompatible.
          Type 'EventObject' is not assignable to type 'LegalCaseEvents'.
            Type 'EventObject' is not assignable to type '{ type: "RESET"; }'.
              Types of property 'type' are incompatible.
                Type 'string' is not assignable to type '"RESET"'.
src/lib/state/legal-case-machine.ts(643,9): error TS2322: Type '{ actions: ActionFunction<MachineContext, AnyEventObject, EventObject, {}, ProvidedActor, never, never, never, never>; }' is not assignable to type 'TransitionConfigOrTarget<LegalCaseContext, { type: "DISMISS_ERROR"; }, LegalCaseEvents, ProvidedActor, ParameterizedObject, ParameterizedObject, string, EventObject, MetaObject>'.
  Types of property 'actions' are incompatible.
    Type 'ActionFunction<MachineContext, AnyEventObject, EventObject, {}, ProvidedActor, never, never, never, never>' is not assignable to type 'Actions<LegalCaseContext, { type: "DISMISS_ERROR"; }, LegalCaseEvents, undefined, ProvidedActor, ParameterizedObject, ParameterizedObject, string, EventObject>'.
      Type 'ActionFunction<MachineContext, AnyEventObject, EventObject, {}, ProvidedActor, never, never, never, never>' is not assignable to type 'ActionFunction<LegalCaseContext, { type: "DISMISS_ERROR"; }, LegalCaseEvents, undefined, ProvidedActor, ParameterizedObject, ParameterizedObject, string, EventObject>'.
        Types of property '_out_TEvent' are incompatible.
          Type 'EventObject' is not assignable to type 'LegalCaseEvents'.
            Type 'EventObject' is not assignable to type '{ type: "RESET"; }'.
              Types of property 'type' are incompatible.
                Type 'string' is not assignable to type '"RESET"'.
src/lib/state/legal-form-machines.ts(11,14): error TS2323: Cannot redeclare exported variable 'DocumentUploadSchema'.
src/lib/state/legal-form-machines.ts(26,14): error TS2323: Cannot redeclare exported variable 'CaseCreationSchema'.
src/lib/state/legal-form-machines.ts(39,14): error TS2323: Cannot redeclare exported variable 'SearchQuerySchema'.
src/lib/state/legal-form-machines.ts(56,14): error TS2323: Cannot redeclare exported variable 'AIAnalysisSchema'.
src/lib/state/legal-form-machines.ts(171,13): error TS2322: Type '({ event }: AssignArgs<DocumentUploadContext, ErrorActorEvent<unknown, string>, AnyEventObject, ProvidedActor>) => unknown' is not assignable to type 'Record<string, string[]> | PartialAssigner<DocumentUploadContext, ErrorActorEvent<unknown, string>, undefined, AnyEventObject, ProvidedActor, "validationErrors">'.
  Type '({ event }: AssignArgs<DocumentUploadContext, ErrorActorEvent<unknown, string>, AnyEventObject, ProvidedActor>) => unknown' is not assignable to type 'PartialAssigner<DocumentUploadContext, ErrorActorEvent<unknown, string>, undefined, AnyEventObject, ProvidedActor, "validationErrors">'.
    Type 'unknown' is not assignable to type 'Record<string, string[]>'.
      Index signature for type 'string' is missing in type '{}'.
src/lib/state/legal-form-machines.ts(213,47): error TS2339: Property 'message' does not exist on type 'unknown'.
src/lib/state/legal-form-machines.ts(254,47): error TS2339: Property 'message' does not exist on type 'unknown'.
src/lib/state/legal-form-machines.ts(313,5): error TS2322: Type '({ input }: { input: any; }) => Promise<boolean>' is not assignable to type 'UnknownActorLogic'.
src/lib/state/legal-form-machines.ts(324,5): error TS2322: Type '({ input }: { input: any; }) => Promise<any>' is not assignable to type 'UnknownActorLogic'.
src/lib/state/legal-form-machines.ts(329,35): error TS2769: No overload matches this call.
  The last overload gave the following error.
    Argument of type 'unknown' is not assignable to parameter of type 'Blob'.
      Type '{}' is missing the following properties from type 'Blob': size, type, arrayBuffer, bytes, and 3 more.
src/lib/state/legal-form-machines.ts(348,5): error TS2322: Type '({ input }: { input: any; }) => Promise<any>' is not assignable to type 'UnknownActorLogic'.
src/lib/state/legal-form-machines.ts(457,13): error TS2322: Type '({ event }: AssignArgs<CaseCreationContext, ErrorActorEvent<unknown, string>, AnyEventObject, ProvidedActor>) => unknown' is not assignable to type 'Record<string, string[]> | PartialAssigner<CaseCreationContext, ErrorActorEvent<unknown, string>, undefined, AnyEventObject, ProvidedActor, "validationErrors">'.
  Type '({ event }: AssignArgs<CaseCreationContext, ErrorActorEvent<unknown, string>, AnyEventObject, ProvidedActor>) => unknown' is not assignable to type 'PartialAssigner<CaseCreationContext, ErrorActorEvent<unknown, string>, undefined, AnyEventObject, ProvidedActor, "validationErrors">'.
    Type 'unknown' is not assignable to type 'Record<string, string[]>'.
      Index signature for type 'string' is missing in type '{}'.
src/lib/state/legal-form-machines.ts(476,47): error TS2339: Property 'message' does not exist on type 'unknown'.
src/lib/state/legal-form-machines.ts(490,5): error TS2322: Type '() => Promise<any>' is not assignable to type 'UnknownActorLogic'.
src/lib/state/legal-form-machines.ts(495,5): error TS2322: Type '({ input }: { input: any; }) => Promise<boolean>' is not assignable to type 'UnknownActorLogic'.
src/lib/state/legal-form-machines.ts(500,5): error TS2322: Type '({ input }: { input: any; }) => Promise<boolean>' is not assignable to type 'UnknownActorLogic'.
src/lib/state/legal-form-machines.ts(511,5): error TS2322: Type '({ input }: { input: any; }) => Promise<any>' is not assignable to type 'UnknownActorLogic'.
src/lib/state/legal-form-machines.ts(578,13): error TS2322: Type '({ event }: AssignArgs<SearchContext, ErrorActorEvent<unknown, string>, AnyEventObject, ProvidedActor>) => unknown' is not assignable to type 'Record<string, string[]> | PartialAssigner<SearchContext, ErrorActorEvent<unknown, string>, undefined, AnyEventObject, ProvidedActor, "validationErrors">'.
  Type '({ event }: AssignArgs<SearchContext, ErrorActorEvent<unknown, string>, AnyEventObject, ProvidedActor>) => unknown' is not assignable to type 'PartialAssigner<SearchContext, ErrorActorEvent<unknown, string>, undefined, AnyEventObject, ProvidedActor, "validationErrors">'.
    Type 'unknown' is not assignable to type 'Record<string, string[]>'.
      Index signature for type 'string' is missing in type '{}'.
src/lib/state/legal-form-machines.ts(603,47): error TS2339: Property 'message' does not exist on type 'unknown'.
src/lib/state/legal-form-machines.ts(655,5): error TS2322: Type '() => Promise<any>' is not assignable to type 'UnknownActorLogic'.
src/lib/state/legal-form-machines.ts(659,5): error TS2322: Type '({ input }: { input: any; }) => Promise<boolean>' is not assignable to type 'UnknownActorLogic'.
src/lib/state/legal-form-machines.ts(670,5): error TS2322: Type '({ input }: { input: any; }) => Promise<any>' is not assignable to type 'UnknownActorLogic'.
src/lib/state/legal-form-machines.ts(690,5): error TS2322: Type '({ input }: { input: any; }) => Promise<any>' is not assignable to type 'UnknownActorLogic'.
src/lib/state/legal-form-machines.ts(743,13): error TS2322: Type '({ event }: AssignArgs<AIAnalysisContext, ErrorActorEvent<unknown, string>, AnyEventObject, ProvidedActor>) => unknown' is not assignable to type 'Record<string, string[]> | PartialAssigner<AIAnalysisContext, ErrorActorEvent<unknown, string>, undefined, AnyEventObject, ProvidedActor, "validationErrors">'.
  Type '({ event }: AssignArgs<AIAnalysisContext, ErrorActorEvent<unknown, string>, AnyEventObject, ProvidedActor>) => unknown' is not assignable to type 'PartialAssigner<AIAnalysisContext, ErrorActorEvent<unknown, string>, undefined, AnyEventObject, ProvidedActor, "validationErrors">'.
    Type 'unknown' is not assignable to type 'Record<string, string[]>'.
      Index signature for type 'string' is missing in type '{}'.
src/lib/state/legal-form-machines.ts(765,47): error TS2339: Property 'message' does not exist on type 'unknown'.
src/lib/state/legal-form-machines.ts(793,5): error TS2322: Type '({ input }: { input: any; }) => Promise<boolean>' is not assignable to type 'UnknownActorLogic'.
src/lib/state/legal-form-machines.ts(804,5): error TS2322: Type '({ input }: { input: any; }) => Promise<any>' is not assignable to type 'UnknownActorLogic'.
src/lib/state/legal-form-machines.ts(843,3): error TS2323: Cannot redeclare exported variable 'DocumentUploadSchema'.
src/lib/state/legal-form-machines.ts(843,3): error TS2484: Export declaration conflicts with exported declaration of 'DocumentUploadSchema'.
src/lib/state/legal-form-machines.ts(844,3): error TS2323: Cannot redeclare exported variable 'CaseCreationSchema'.
src/lib/state/legal-form-machines.ts(844,3): error TS2484: Export declaration conflicts with exported declaration of 'CaseCreationSchema'.
src/lib/state/legal-form-machines.ts(845,3): error TS2323: Cannot redeclare exported variable 'SearchQuerySchema'.
src/lib/state/legal-form-machines.ts(845,3): error TS2484: Export declaration conflicts with exported declaration of 'SearchQuerySchema'.
src/lib/state/legal-form-machines.ts(846,3): error TS2323: Cannot redeclare exported variable 'AIAnalysisSchema'.
src/lib/state/legal-form-machines.ts(846,3): error TS2484: Export declaration conflicts with exported declaration of 'AIAnalysisSchema'.
src/lib/state/xstate-store.ts(31,21): error TS2707: Generic type 'ActorRef<TSnapshot, TEvent, TEmitted>' requires between 2 and 3 type arguments.
src/lib/state/xstate-store.ts(32,27): error TS2707: Generic type 'ActorRef<TSnapshot, TEvent, TEmitted>' requires between 2 and 3 type arguments.
src/lib/state/xstate-store.ts(109,15): error TS2707: Generic type 'ActorRef<TSnapshot, TEvent, TEmitted>' requires between 2 and 3 type arguments.
src/lib/state/xstate-store.ts(176,21): error TS2707: Generic type 'ActorRef<TSnapshot, TEvent, TEmitted>' requires between 2 and 3 type arguments.
src/lib/types/langchain-ollama-types.ts(2368,3): error TS1194: Export declarations are not permitted in a namespace.
src/lib/types/langchain-ollama-types.ts(2369,5): error TS2303: Circular definition of import alias 'AIModel'.
src/lib/types/langchain-ollama-types.ts(2370,5): error TS2303: Circular definition of import alias 'ModelParameters'.
src/lib/types/langchain-ollama-types.ts(2371,5): error TS2303: Circular definition of import alias 'ModelCapabilities'.
src/lib/types/langchain-ollama-types.ts(2372,5): error TS2303: Circular definition of import alias 'ModelMetadata'.
src/lib/types/langchain-ollama-types.ts(2373,5): error TS2303: Circular definition of import alias 'EmbeddingModel'.
src/lib/types/langchain-ollama-types.ts(2374,5): error TS2303: Circular definition of import alias 'EmbeddingVector'.
src/lib/types/langchain-ollama-types.ts(2375,5): error TS2303: Circular definition of import alias 'EmbeddingMetadata'.
src/lib/types/langchain-ollama-types.ts(2376,5): error TS2303: Circular definition of import alias 'SimilarityResult'.
src/lib/types/langchain-ollama-types.ts(2377,5): error TS2303: Circular definition of import alias 'VectorDatabase'.
src/lib/types/langchain-ollama-types.ts(2378,5): error TS2303: Circular definition of import alias 'VectorDBConnection'.
src/lib/types/langchain-ollama-types.ts(2379,5): error TS2303: Circular definition of import alias 'VectorCollection'.
src/lib/types/langchain-ollama-types.ts(2380,5): error TS2303: Circular definition of import alias 'VectorIndex'.
src/lib/types/langchain-ollama-types.ts(2381,5): error TS2303: Circular definition of import alias 'IndexPerformance'.
src/lib/types/langchain-ollama-types.ts(2382,5): error TS2303: Circular definition of import alias 'VectorDBConfig'.
src/lib/types/langchain-ollama-types.ts(2383,5): error TS2303: Circular definition of import alias 'LangChainChain'.
src/lib/types/langchain-ollama-types.ts(2384,5): error TS2303: Circular definition of import alias 'ChainType'.
src/lib/types/langchain-ollama-types.ts(2385,5): error TS2303: Circular definition of import alias 'ChainComponent'.
src/lib/types/langchain-ollama-types.ts(2386,5): error TS2303: Circular definition of import alias 'ChainConfig'.
src/lib/types/langchain-ollama-types.ts(2387,5): error TS2303: Circular definition of import alias 'ChainMemory'.
src/lib/types/langchain-ollama-types.ts(2388,5): error TS2303: Circular definition of import alias 'ChainTool'.
src/lib/types/langchain-ollama-types.ts(2389,5): error TS2303: Circular definition of import alias 'ToolParameters'.
src/lib/types/langchain-ollama-types.ts(2390,5): error TS2303: Circular definition of import alias 'ParameterProperty'.
src/lib/types/langchain-ollama-types.ts(2391,5): error TS2303: Circular definition of import alias 'ChainStatus'.
src/lib/types/langchain-ollama-types.ts(2392,5): error TS2303: Circular definition of import alias 'RetryOptions'.
src/lib/types/langchain-ollama-types.ts(2393,5): error TS2303: Circular definition of import alias 'LegalDocument'.
src/lib/types/langchain-ollama-types.ts(2394,5): error TS2303: Circular definition of import alias 'DocumentType'.
src/lib/types/langchain-ollama-types.ts(2395,5): error TS2303: Circular definition of import alias 'DocumentClassification'.
src/lib/types/langchain-ollama-types.ts(2396,5): error TS2303: Circular definition of import alias 'LegalDocumentMetadata'.
src/lib/types/langchain-ollama-types.ts(2397,5): error TS2303: Circular definition of import alias 'Party'.
src/lib/types/langchain-ollama-types.ts(2398,5): error TS2303: Circular definition of import alias 'Attorney'.
src/lib/types/langchain-ollama-types.ts(2399,5): error TS2303: Circular definition of import alias 'ContactInfo'.
src/lib/types/langchain-ollama-types.ts(2400,5): error TS2303: Circular definition of import alias 'Address'.
src/lib/types/langchain-ollama-types.ts(2401,5): error TS2303: Circular definition of import alias 'ImportantDates'.
src/lib/types/langchain-ollama-types.ts(2402,5): error TS2303: Circular definition of import alias 'Deadline'.
src/lib/types/langchain-ollama-types.ts(2403,5): error TS2303: Circular definition of import alias 'Hearing'.
src/lib/types/langchain-ollama-types.ts(2404,5): error TS2303: Circular definition of import alias 'StatuteOfLimitation'.
src/lib/types/langchain-ollama-types.ts(2405,5): error TS2303: Circular definition of import alias 'Citation'.
src/lib/types/langchain-ollama-types.ts(2406,5): error TS2303: Circular definition of import alias 'Precedent'.
src/lib/types/langchain-ollama-types.ts(2407,5): error TS2303: Circular definition of import alias 'StatuteReference'.
src/lib/types/langchain-ollama-types.ts(2408,5): error TS2303: Circular definition of import alias 'RuleReference'.
src/lib/types/langchain-ollama-types.ts(2409,5): error TS2303: Circular definition of import alias 'DocumentProcessing'.
src/lib/types/langchain-ollama-types.ts(2410,5): error TS2303: Circular definition of import alias 'ProcessingStatus'.
src/lib/types/langchain-ollama-types.ts(2411,5): error TS2303: Circular definition of import alias 'DocumentChunk'.
src/lib/types/langchain-ollama-types.ts(2412,5): error TS2303: Circular definition of import alias 'ChunkMetadata'.
src/lib/types/langchain-ollama-types.ts(2413,5): error TS2303: Circular definition of import alias 'NamedEntity'.
src/lib/types/langchain-ollama-types.ts(2414,5): error TS2303: Circular definition of import alias 'EntityLabel'.
src/lib/types/langchain-ollama-types.ts(2415,5): error TS2303: Circular definition of import alias 'ChunkRelationship'.
src/lib/types/langchain-ollama-types.ts(2416,5): error TS2303: Circular definition of import alias 'IndexingStatus'.
src/lib/types/langchain-ollama-types.ts(2417,5): error TS2303: Circular definition of import alias 'ProcessingError'.
src/lib/types/langchain-ollama-types.ts(2418,5): error TS2303: Circular definition of import alias 'LegalAnalysis'.
src/lib/types/langchain-ollama-types.ts(2419,5): error TS2303: Circular definition of import alias 'KeyFinding'.
src/lib/types/langchain-ollama-types.ts(2420,5): error TS2303: Circular definition of import alias 'FindingCategory'.
src/lib/types/langchain-ollama-types.ts(2421,5): error TS2303: Circular definition of import alias 'EvidenceReference'.
src/lib/types/langchain-ollama-types.ts(2422,5): error TS2303: Circular definition of import alias 'LegalIssue'.
src/lib/types/langchain-ollama-types.ts(2423,5): error TS2303: Circular definition of import alias 'IssueCategory'.
src/lib/types/langchain-ollama-types.ts(2424,5): error TS2303: Circular definition of import alias 'ApplicableLaw'.
src/lib/types/langchain-ollama-types.ts(2425,5): error TS2303: Circular definition of import alias 'LegalElement'.
src/lib/types/langchain-ollama-types.ts(2426,5): error TS2303: Circular definition of import alias 'IssueStrength'.
src/lib/types/langchain-ollama-types.ts(2427,5): error TS2303: Circular definition of import alias 'Counterargument'.
src/lib/types/langchain-ollama-types.ts(2428,5): error TS2303: Circular definition of import alias 'RiskAssessment'.
src/lib/types/langchain-ollama-types.ts(2429,5): error TS2303: Circular definition of import alias 'RiskLevel'.
src/lib/types/langchain-ollama-types.ts(2430,5): error TS2303: Circular definition of import alias 'RiskCategory'.
src/lib/types/langchain-ollama-types.ts(2431,5): error TS2303: Circular definition of import alias 'RiskType'.
src/lib/types/langchain-ollama-types.ts(2432,5): error TS2303: Circular definition of import alias 'RiskFactor'.
src/lib/types/langchain-ollama-types.ts(2433,5): error TS2303: Circular definition of import alias 'MitigationStrategy'.
src/lib/types/langchain-ollama-types.ts(2434,5): error TS2303: Circular definition of import alias 'CostEstimate'.
src/lib/types/langchain-ollama-types.ts(2435,5): error TS2303: Circular definition of import alias 'Contingency'.
src/lib/types/langchain-ollama-types.ts(2436,5): error TS2303: Circular definition of import alias 'ProbabilityAnalysis'.
src/lib/types/langchain-ollama-types.ts(2437,5): error TS2303: Circular definition of import alias 'ProbabilityFactor'.
src/lib/types/langchain-ollama-types.ts(2438,5): error TS2303: Circular definition of import alias 'Recommendation'.
src/lib/types/langchain-ollama-types.ts(2439,5): error TS2303: Circular definition of import alias 'RecommendationCategory'.
src/lib/types/langchain-ollama-types.ts(2440,5): error TS2303: Circular definition of import alias 'Priority'.
src/lib/types/langchain-ollama-types.ts(2441,5): error TS2303: Circular definition of import alias 'ActionStep'.
src/lib/types/langchain-ollama-types.ts(2442,5): error TS2303: Circular definition of import alias 'ActionStatus'.
src/lib/types/langchain-ollama-types.ts(2443,5): error TS2303: Circular definition of import alias 'RequiredResource'.
src/lib/types/langchain-ollama-types.ts(2444,5): error TS2303: Circular definition of import alias 'Alternative'.
src/lib/types/langchain-ollama-types.ts(2445,5): error TS2303: Circular definition of import alias 'PrecedentAnalysis'.
src/lib/types/langchain-ollama-types.ts(2446,5): error TS2303: Circular definition of import alias 'AnalyzedPrecedent'.
src/lib/types/langchain-ollama-types.ts(2447,5): error TS2303: Circular definition of import alias 'KeyQuote'.
src/lib/types/langchain-ollama-types.ts(2448,5): error TS2303: Circular definition of import alias 'LegalTrend'.
src/lib/types/langchain-ollama-types.ts(2449,5): error TS2303: Circular definition of import alias 'JurisdictionalDifference'.
src/lib/types/langchain-ollama-types.ts(2450,5): error TS2303: Circular definition of import alias 'EvolutionAnalysis'.
src/lib/types/langchain-ollama-types.ts(2451,5): error TS2303: Circular definition of import alias 'LegalChange'.
src/lib/types/langchain-ollama-types.ts(2452,5): error TS2303: Circular definition of import alias 'ChangeReason'.
src/lib/types/langchain-ollama-types.ts(2453,5): error TS2303: Circular definition of import alias 'PredictiveInsight'.
src/lib/types/langchain-ollama-types.ts(2454,5): error TS2303: Circular definition of import alias 'AnalysisTimeline'.
src/lib/types/langchain-ollama-types.ts(2455,5): error TS2303: Circular definition of import alias 'TimelineCategory'.
src/lib/types/langchain-ollama-types.ts(2456,5): error TS2303: Circular definition of import alias 'DocumentRelationship'.
src/lib/types/langchain-ollama-types.ts(2457,5): error TS2303: Circular definition of import alias 'RelationshipType'.
src/lib/types/langchain-ollama-types.ts(2458,5): error TS2303: Circular definition of import alias 'SystemMetrics'.
src/lib/types/langchain-ollama-types.ts(2459,5): error TS2303: Circular definition of import alias 'PerformanceMetrics'.
src/lib/types/langchain-ollama-types.ts(2460,5): error TS2303: Circular definition of import alias 'TimeMetrics'.
src/lib/types/langchain-ollama-types.ts(2461,5): error TS2303: Circular definition of import alias 'ThroughputMetrics'.
src/lib/types/langchain-ollama-types.ts(2462,5): error TS2303: Circular definition of import alias 'LatencyMetrics'.
src/lib/types/langchain-ollama-types.ts(2463,5): error TS2303: Circular definition of import alias 'EfficiencyMetrics'.
src/lib/types/langchain-ollama-types.ts(2464,5): error TS2303: Circular definition of import alias 'ResourceMetrics'.
src/lib/types/langchain-ollama-types.ts(2465,5): error TS2303: Circular definition of import alias 'ResourceUsage'.
src/lib/types/langchain-ollama-types.ts(2466,5): error TS2303: Circular definition of import alias 'GPUMetrics'.
src/lib/types/langchain-ollama-types.ts(2467,5): error TS2303: Circular definition of import alias 'StorageMetrics'.
src/lib/types/langchain-ollama-types.ts(2468,5): error TS2303: Circular definition of import alias 'NetworkMetrics'.
src/lib/types/langchain-ollama-types.ts(2469,5): error TS2303: Circular definition of import alias 'ErrorMetrics'.
src/lib/types/langchain-ollama-types.ts(2470,5): error TS2303: Circular definition of import alias 'ErrorEvent'.
src/lib/types/langchain-ollama-types.ts(2471,5): error TS2303: Circular definition of import alias 'UsageMetrics'.
src/lib/types/langchain-ollama-types.ts(2472,5): error TS2303: Circular definition of import alias 'HealthMetrics'.
src/lib/types/langchain-ollama-types.ts(2473,5): error TS2303: Circular definition of import alias 'HealthStatus'.
src/lib/types/langchain-ollama-types.ts(2474,5): error TS2303: Circular definition of import alias 'ServiceHealth'.
src/lib/types/langchain-ollama-types.ts(2475,5): error TS2303: Circular definition of import alias 'DependencyHealth'.
src/lib/types/langchain-ollama-types.ts(2476,5): error TS2303: Circular definition of import alias 'Alert'.
src/lib/types/langchain-ollama-types.ts(2477,5): error TS2303: Circular definition of import alias 'AlertSeverity'.
src/lib/types/langchain-ollama-types.ts(2478,5): error TS2303: Circular definition of import alias 'SystemConfiguration'.
src/lib/types/langchain-ollama-types.ts(2479,5): error TS2303: Circular definition of import alias 'AIConfiguration'.
src/lib/types/langchain-ollama-types.ts(2480,5): error TS2303: Circular definition of import alias 'ModelConfiguration'.
src/lib/types/langchain-ollama-types.ts(2481,5): error TS2303: Circular definition of import alias 'EmbeddingConfiguration'.
src/lib/types/langchain-ollama-types.ts(2482,5): error TS2303: Circular definition of import alias 'LangChainConfiguration'.
src/lib/types/langchain-ollama-types.ts(2483,5): error TS2303: Circular definition of import alias 'ChainConfiguration'.
src/lib/types/langchain-ollama-types.ts(2484,5): error TS2303: Circular definition of import alias 'MemoryConfiguration'.
src/lib/types/langchain-ollama-types.ts(2485,5): error TS2303: Circular definition of import alias 'ToolConfiguration'.
src/lib/types/langchain-ollama-types.ts(2486,5): error TS2303: Circular definition of import alias 'CallbackConfiguration'.
src/lib/types/langchain-ollama-types.ts(2487,5): error TS2303: Circular definition of import alias 'AIPerformanceConfiguration'.
src/lib/types/langchain-ollama-types.ts(2488,5): error TS2303: Circular definition of import alias 'GPUConfiguration'.
src/lib/types/langchain-ollama-types.ts(2489,5): error TS2303: Circular definition of import alias 'CUDAConfiguration'.
src/lib/types/langchain-ollama-types.ts(2490,5): error TS2303: Circular definition of import alias 'OptimizationConfiguration'.
src/lib/types/langchain-ollama-types.ts(2491,5): error TS2303: Circular definition of import alias 'ScalingConfiguration'.
src/lib/types/langchain-ollama-types.ts(2492,5): error TS2303: Circular definition of import alias 'DatabaseConfiguration'.
src/lib/types/langchain-ollama-types.ts(2493,5): error TS2303: Circular definition of import alias 'DatabaseConnection'.
src/lib/types/langchain-ollama-types.ts(2494,5): error TS2303: Circular definition of import alias 'PoolConfiguration'.
src/lib/types/langchain-ollama-types.ts(2495,5): error TS2303: Circular definition of import alias 'VectorDBConfiguration'.
src/lib/types/langchain-ollama-types.ts(2496,5): error TS2303: Circular definition of import alias 'IndexingConfiguration'.
src/lib/types/langchain-ollama-types.ts(2497,5): error TS2303: Circular definition of import alias 'QuantizationConfig'.
src/lib/types/langchain-ollama-types.ts(2498,5): error TS2303: Circular definition of import alias 'VectorPerformanceConfiguration'.
src/lib/types/langchain-ollama-types.ts(2499,5): error TS2303: Circular definition of import alias 'ApproximationConfig'.
src/lib/types/langchain-ollama-types.ts(2500,5): error TS2303: Circular definition of import alias 'DatabaseCacheConfiguration'.
src/lib/types/langchain-ollama-types.ts(2501,5): error TS2303: Circular definition of import alias 'BackupConfiguration'.
src/lib/types/langchain-ollama-types.ts(2502,5): error TS2303: Circular definition of import alias 'BackupDestination'.
src/lib/types/langchain-ollama-types.ts(2503,5): error TS2303: Circular definition of import alias 'CacheConfiguration'.
src/lib/types/langchain-ollama-types.ts(2504,5): error TS2303: Circular definition of import alias 'CacheLayerConfig'.
src/lib/types/langchain-ollama-types.ts(2505,5): error TS2303: Circular definition of import alias 'CacheStrategyConfig'.
src/lib/types/langchain-ollama-types.ts(2506,5): error TS2303: Circular definition of import alias 'CachePolicyConfig'.
src/lib/types/langchain-ollama-types.ts(2507,5): error TS2303: Circular definition of import alias 'InvalidationPolicy'.
src/lib/types/langchain-ollama-types.ts(2508,5): error TS2303: Circular definition of import alias 'CacheMonitoringConfig'.
src/lib/types/langchain-ollama-types.ts(2509,5): error TS2303: Circular definition of import alias 'CacheAlert'.
src/lib/types/langchain-ollama-types.ts(2510,5): error TS2303: Circular definition of import alias 'ReportingConfig'.
src/lib/types/langchain-ollama-types.ts(2511,5): error TS2303: Circular definition of import alias 'SecurityConfiguration'.
src/lib/types/langchain-ollama-types.ts(2512,5): error TS2303: Circular definition of import alias 'AuthenticationConfig'.
src/lib/types/langchain-ollama-types.ts(2513,5): error TS2303: Circular definition of import alias 'AuthProvider'.
src/lib/types/langchain-ollama-types.ts(2514,5): error TS2303: Circular definition of import alias 'SessionConfig'.
src/lib/types/langchain-ollama-types.ts(2515,5): error TS2303: Circular definition of import alias 'MFAConfig'.
src/lib/types/langchain-ollama-types.ts(2516,5): error TS2303: Circular definition of import alias 'MFAMethod'.
src/lib/types/langchain-ollama-types.ts(2517,5): error TS2303: Circular definition of import alias 'PasswordPolicy'.
src/lib/types/langchain-ollama-types.ts(2518,5): error TS2303: Circular definition of import alias 'AuthorizationConfig'.
src/lib/types/langchain-ollama-types.ts(2519,5): error TS2303: Circular definition of import alias 'Role'.
src/lib/types/langchain-ollama-types.ts(2520,5): error TS2303: Circular definition of import alias 'Permission'.
src/lib/types/langchain-ollama-types.ts(2521,5): error TS2303: Circular definition of import alias 'Policy'.
src/lib/types/langchain-ollama-types.ts(2522,5): error TS2303: Circular definition of import alias 'PolicyRule'.
src/lib/types/langchain-ollama-types.ts(2523,5): error TS2303: Circular definition of import alias 'Condition'.
src/lib/types/langchain-ollama-types.ts(2524,5): error TS2303: Circular definition of import alias 'EncryptionConfig'.
src/lib/types/langchain-ollama-types.ts(2525,5): error TS2303: Circular definition of import alias 'EncryptionSettings'.
src/lib/types/langchain-ollama-types.ts(2526,5): error TS2303: Circular definition of import alias 'KeyManagementConfig'.
src/lib/types/langchain-ollama-types.ts(2527,5): error TS2303: Circular definition of import alias 'AuditConfig'.
src/lib/types/langchain-ollama-types.ts(2528,5): error TS2303: Circular definition of import alias 'AuditEvent'.
src/lib/types/langchain-ollama-types.ts(2529,5): error TS2303: Circular definition of import alias 'AuditStorage'.
src/lib/types/langchain-ollama-types.ts(2530,5): error TS2303: Circular definition of import alias 'ComplianceConfig'.
src/lib/types/langchain-ollama-types.ts(2531,5): error TS2303: Circular definition of import alias 'ComplianceStandard'.
src/lib/types/langchain-ollama-types.ts(2532,5): error TS2303: Circular definition of import alias 'Requirement'.
src/lib/types/langchain-ollama-types.ts(2533,5): error TS2303: Circular definition of import alias 'Control'.
src/lib/types/langchain-ollama-types.ts(2534,5): error TS2303: Circular definition of import alias 'ComplianceReport'.
src/lib/types/langchain-ollama-types.ts(2535,5): error TS2303: Circular definition of import alias 'ValidationRule'.
src/lib/types/langchain-ollama-types.ts(2536,5): error TS2303: Circular definition of import alias 'MonitoringConfiguration'.
src/lib/types/langchain-ollama-types.ts(2537,5): error TS2303: Circular definition of import alias 'MetricsConfig'.
src/lib/types/langchain-ollama-types.ts(2538,5): error TS2303: Circular definition of import alias 'LoggingConfig'.
src/lib/types/langchain-ollama-types.ts(2539,5): error TS2303: Circular definition of import alias 'LogOutput'.
src/lib/types/langchain-ollama-types.ts(2540,5): error TS2303: Circular definition of import alias 'LogFilter'.
src/lib/types/langchain-ollama-types.ts(2541,5): error TS2303: Circular definition of import alias 'SamplingConfig'.
src/lib/types/langchain-ollama-types.ts(2542,5): error TS2303: Circular definition of import alias 'SamplingRule'.
src/lib/types/langchain-ollama-types.ts(2543,5): error TS2303: Circular definition of import alias 'AlertingConfig'.
src/lib/types/langchain-ollama-types.ts(2544,5): error TS2303: Circular definition of import alias 'AlertChannel'.
src/lib/types/langchain-ollama-types.ts(2545,5): error TS2303: Circular definition of import alias 'AlertRule'.
src/lib/types/langchain-ollama-types.ts(2546,5): error TS2303: Circular definition of import alias 'EscalationPolicy'.
src/lib/types/langchain-ollama-types.ts(2547,5): error TS2303: Circular definition of import alias 'EscalationLevel'.
src/lib/types/langchain-ollama-types.ts(2548,5): error TS2303: Circular definition of import alias 'DashboardConfig'.
src/lib/types/langchain-ollama-types.ts(2549,5): error TS2303: Circular definition of import alias 'DashboardPanel'.
src/lib/types/langchain-ollama-types.ts(2550,5): error TS2303: Circular definition of import alias 'PanelPosition'.
src/lib/types/langchain-ollama-types.ts(2551,5): error TS2303: Circular definition of import alias 'DashboardVariable'.
src/lib/types/langchain-ollama-types.ts(2552,5): error TS2303: Circular definition of import alias 'VariableOption'.
src/lib/types/langchain-ollama-types.ts(2553,5): error TS2303: Circular definition of import alias 'DeploymentConfiguration'.
src/lib/types/langchain-ollama-types.ts(2554,5): error TS2303: Circular definition of import alias 'InfrastructureConfig'.
src/lib/types/langchain-ollama-types.ts(2555,5): error TS2303: Circular definition of import alias 'InstanceConfig'.
src/lib/types/langchain-ollama-types.ts(2556,5): error TS2303: Circular definition of import alias 'InstanceStorage'.
src/lib/types/langchain-ollama-types.ts(2557,5): error TS2303: Circular definition of import alias 'NetworkInterface'.
src/lib/types/langchain-ollama-types.ts(2558,5): error TS2303: Circular definition of import alias 'LoadBalancerConfig'.
src/lib/types/langchain-ollama-types.ts(2559,5): error TS2303: Circular definition of import alias 'Listener'.
src/lib/types/langchain-ollama-types.ts(2560,5): error TS2303: Circular definition of import alias 'RoutingRule'.
src/lib/types/langchain-ollama-types.ts(2561,5): error TS2303: Circular definition of import alias 'HealthCheck'.
src/lib/types/langchain-ollama-types.ts(2562,5): error TS2303: Circular definition of import alias 'SSLConfig'.
src/lib/types/langchain-ollama-types.ts(2563,5): error TS2303: Circular definition of import alias 'ScalingConfig'.
src/lib/types/langchain-ollama-types.ts(2564,5): error TS2303: Circular definition of import alias 'HorizontalScalingConfig'.
src/lib/types/langchain-ollama-types.ts(2565,5): error TS2303: Circular definition of import alias 'ScalingMetric'.
src/lib/types/langchain-ollama-types.ts(2566,5): error TS2303: Circular definition of import alias 'VerticalScalingConfig'.
src/lib/types/langchain-ollama-types.ts(2567,5): error TS2303: Circular definition of import alias 'ResourceLimits'.
src/lib/types/langchain-ollama-types.ts(2568,5): error TS2303: Circular definition of import alias 'PredictiveScalingConfig'.
src/lib/types/langchain-ollama-types.ts(2569,5): error TS2303: Circular definition of import alias 'NetworkingConfig'.
src/lib/types/langchain-ollama-types.ts(2570,5): error TS2303: Circular definition of import alias 'VPCConfig'.
src/lib/types/langchain-ollama-types.ts(2571,5): error TS2303: Circular definition of import alias 'SubnetConfig'.
src/lib/types/langchain-ollama-types.ts(2572,5): error TS2303: Circular definition of import alias 'NetworkSecurityConfig'.
src/lib/types/langchain-ollama-types.ts(2573,5): error TS2303: Circular definition of import alias 'SecurityGroup'.
src/lib/types/langchain-ollama-types.ts(2574,5): error TS2303: Circular definition of import alias 'SecurityRule'.
src/lib/types/langchain-ollama-types.ts(2575,5): error TS2303: Circular definition of import alias 'NetworkACL'.
src/lib/types/langchain-ollama-types.ts(2576,5): error TS2303: Circular definition of import alias 'ACLRule'.
src/lib/types/langchain-ollama-types.ts(2577,5): error TS2303: Circular definition of import alias 'WAFConfig'.
src/lib/types/langchain-ollama-types.ts(2578,5): error TS2303: Circular definition of import alias 'WAFRule'.
src/lib/types/langchain-ollama-types.ts(2579,5): error TS2303: Circular definition of import alias 'WAFCondition'.
src/lib/types/langchain-ollama-types.ts(2580,5): error TS2303: Circular definition of import alias 'DDoSProtectionConfig'.
src/lib/types/langchain-ollama-types.ts(2581,5): error TS2303: Circular definition of import alias 'CDNConfig'.
src/lib/types/langchain-ollama-types.ts(2582,5): error TS2303: Circular definition of import alias 'CDNOrigin'.
src/lib/types/langchain-ollama-types.ts(2583,5): error TS2303: Circular definition of import alias 'CDNBehavior'.
src/lib/types/langchain-ollama-types.ts(2584,5): error TS2303: Circular definition of import alias 'CachingBehavior'.
src/lib/types/langchain-ollama-types.ts(2585,5): error TS2303: Circular definition of import alias 'CDNSecurityConfig'.
src/lib/types/langchain-ollama-types.ts(2586,5): error TS2303: Circular definition of import alias 'HTTPSConfig'.
src/lib/types/langchain-ollama-types.ts(2587,5): error TS2303: Circular definition of import alias 'SecurityHeaders'.
src/lib/types/langchain-ollama-types.ts(2588,5): error TS2303: Circular definition of import alias 'DNSConfig'.
src/lib/types/langchain-ollama-types.ts(2589,5): error TS2303: Circular definition of import alias 'DNSRecord'.
src/lib/types/langchain-ollama-types.ts(2590,5): error TS2303: Circular definition of import alias 'DNSHealthCheck'.
src/lib/types/langchain-ollama-types.ts(2591,5): error TS2303: Circular definition of import alias 'StorageConfig'.
src/lib/types/langchain-ollama-types.ts(2592,5): error TS2303: Circular definition of import alias 'StorageTypeConfig'.
src/lib/types/langchain-ollama-types.ts(2593,5): error TS2303: Circular definition of import alias 'StoragePerformanceConfig'.
src/lib/types/langchain-ollama-types.ts(2594,5): error TS2303: Circular definition of import alias 'RedundancyConfig'.
src/lib/types/langchain-ollama-types.ts(2595,5): error TS2303: Circular definition of import alias 'StorageBackupConfig'.
src/lib/types/langchain-ollama-types.ts(2596,5): error TS2303: Circular definition of import alias 'RetentionPolicy'.
src/lib/types/langchain-ollama-types.ts(2597,5): error TS2303: Circular definition of import alias 'ArchivalConfig'.
src/lib/types/langchain-ollama-types.ts(2598,5): error TS2303: Circular definition of import alias 'ArchivalCriteria'.
src/lib/types/langchain-ollama-types.ts(2599,5): error TS2303: Circular definition of import alias 'StorageEncryptionConfig'.
src/lib/types/langchain-ollama-types.ts(2600,5): error TS2303: Circular definition of import alias 'RateLimit'.
src/lib/types/langchain-ollama-types.ts(2601,5): error TS2303: Circular definition of import alias 'CachingPolicy'.
src/lib/types/langchain-ollama-types.ts(2602,5): error TS2303: Circular definition of import alias 'MonitoringPolicy'.
src/lib/types/langchain-ollama-types.ts(2603,5): error TS2303: Circular definition of import alias 'APIResponse'.
src/lib/types/langchain-ollama-types.ts(2604,5): error TS2303: Circular definition of import alias 'APIError'.
src/lib/types/langchain-ollama-types.ts(2605,5): error TS2303: Circular definition of import alias 'ResponseMetadata'.
src/lib/types/langchain-ollama-types.ts(2606,5): error TS2303: Circular definition of import alias 'RateLimitInfo'.
src/lib/types/langchain-ollama-types.ts(2607,5): error TS2303: Circular definition of import alias 'PaginationInfo'.
src/lib/types/langchain-ollama-types.ts(2608,5): error TS2303: Circular definition of import alias 'SearchQuery'.
src/lib/types/langchain-ollama-types.ts(2609,5): error TS2303: Circular definition of import alias 'SearchFilter'.
src/lib/types/langchain-ollama-types.ts(2610,5): error TS2303: Circular definition of import alias 'SortOption'.
src/lib/types/langchain-ollama-types.ts(2611,5): error TS2303: Circular definition of import alias 'PaginationOptions'.
src/lib/types/langchain-ollama-types.ts(2612,5): error TS2303: Circular definition of import alias 'AggregationOption'.
src/lib/types/langchain-ollama-types.ts(2613,5): error TS2303: Circular definition of import alias 'Range'.
src/lib/types/langchain-ollama-types.ts(2614,5): error TS2303: Circular definition of import alias 'HighlightOptions'.
src/lib/types/langchain-ollama-types.ts(2615,5): error TS2303: Circular definition of import alias 'SearchResult'.
src/lib/types/langchain-ollama-types.ts(2616,5): error TS2303: Circular definition of import alias 'SearchHit'.
src/lib/types/langchain-ollama-types.ts(2617,5): error TS2303: Circular definition of import alias 'AggregationResult'.
src/lib/types/langchain-ollama-types.ts(2618,5): error TS2303: Circular definition of import alias 'AggregationBucket'.
src/lib/types/langchain-ollama-types.ts(2619,5): error TS2303: Circular definition of import alias 'Suggestion'.
src/lib/types/langchain-ollama-types.ts(2620,5): error TS2303: Circular definition of import alias 'SuggestionOption'.
src/lib/types/langchain-ollama-types.ts(2621,5): error TS2303: Circular definition of import alias 'ScoreExplanation'.
src/lib/types/langchain-ollama-types.ts(2622,5): error TS2303: Circular definition of import alias 'Workflow'.
src/lib/types/langchain-ollama-types.ts(2623,5): error TS2303: Circular definition of import alias 'WorkflowStatus'.
src/lib/types/langchain-ollama-types.ts(2624,5): error TS2303: Circular definition of import alias 'WorkflowTrigger'.
src/lib/types/langchain-ollama-types.ts(2625,5): error TS2303: Circular definition of import alias 'TriggerConfig'.
src/lib/types/langchain-ollama-types.ts(2626,5): error TS2303: Circular definition of import alias 'WebhookConfig'.
src/lib/types/langchain-ollama-types.ts(2627,5): error TS2303: Circular definition of import alias 'APITriggerConfig'.
src/lib/types/langchain-ollama-types.ts(2628,5): error TS2303: Circular definition of import alias 'ValidationConfig'.
src/lib/types/langchain-ollama-types.ts(2629,5): error TS2303: Circular definition of import alias 'SignatureConfig'.
src/lib/types/langchain-ollama-types.ts(2630,5): error TS2303: Circular definition of import alias 'TriggerCondition'.
src/lib/types/langchain-ollama-types.ts(2631,5): error TS2303: Circular definition of import alias 'WorkflowStep'.
src/lib/types/langchain-ollama-types.ts(2632,5): error TS2303: Circular definition of import alias 'StepType'.
src/lib/types/langchain-ollama-types.ts(2633,5): error TS2303: Circular definition of import alias 'StepConfig'.
src/lib/types/langchain-ollama-types.ts(2634,5): error TS2303: Circular definition of import alias 'ResourceRequirement'.
src/lib/types/langchain-ollama-types.ts(2635,5): error TS2303: Circular definition of import alias 'StepInput'.
src/lib/types/langchain-ollama-types.ts(2636,5): error TS2303: Circular definition of import alias 'StepOutput'.
src/lib/types/langchain-ollama-types.ts(2637,5): error TS2303: Circular definition of import alias 'TransformationRule'.
src/lib/types/langchain-ollama-types.ts(2638,5): error TS2303: Circular definition of import alias 'StepCondition'.
src/lib/types/langchain-ollama-types.ts(2639,5): error TS2303: Circular definition of import alias 'RetryPolicy'.
src/lib/types/langchain-ollama-types.ts(2640,5): error TS2303: Circular definition of import alias 'WorkflowConfig'.
src/lib/types/langchain-ollama-types.ts(2641,5): error TS2303: Circular definition of import alias 'ErrorHandlingConfig'.
src/lib/types/langchain-ollama-types.ts(2642,5): error TS2303: Circular definition of import alias 'ErrorHandler'.
src/lib/types/langchain-ollama-types.ts(2643,5): error TS2303: Circular definition of import alias 'WorkflowLoggingConfig'.
src/lib/types/langchain-ollama-types.ts(2644,5): error TS2303: Circular definition of import alias 'NotificationConfig'.
src/lib/types/langchain-ollama-types.ts(2645,5): error TS2303: Circular definition of import alias 'WorkflowMetadata'.
src/lib/types/langchain-ollama-types.ts(2646,5): error TS2303: Circular definition of import alias 'WorkflowExecution'.
src/lib/types/langchain-ollama-types.ts(2647,5): error TS2303: Circular definition of import alias 'ExecutionStatus'.
src/lib/types/langchain-ollama-types.ts(2648,5): error TS2303: Circular definition of import alias 'ExecutionTrigger'.
src/lib/types/langchain-ollama-types.ts(2649,5): error TS2303: Circular definition of import alias 'StepExecution'.
src/lib/types/langchain-ollama-types.ts(2650,5): error TS2303: Circular definition of import alias 'StepError'.
src/lib/types/langchain-ollama-types.ts(2651,5): error TS2303: Circular definition of import alias 'ExecutionContext'.
src/lib/types/langchain-ollama-types.ts(2652,5): error TS2303: Circular definition of import alias 'ResourceAllocation'.
src/lib/types/langchain-ollama-types.ts(2653,5): error TS2303: Circular definition of import alias 'ExecutionError'.
src/lib/types/langchain-ollama-types.ts(2654,5): error TS2303: Circular definition of import alias 'LogEntry'.
src/lib/workers/embedding-worker.ts(166,11): error TS2741: Property 'source' is missing in type '{ chunkIndex: number; totalChunks: number; startIndex: number; endIndex: number; }' but required in type '{ [key: string]: any; source: string; chunkIndex: number; totalChunks: number; startIndex: number; endIndex: number; }'.
src/lib/workers/embedding-worker.ts(639,3): error TS2484: Export declaration conflicts with exported declaration of 'WorkerMessage'.
src/lib/workers/embedding-worker.ts(640,3): error TS2484: Export declaration conflicts with exported declaration of 'WorkerResponse'.
src/lib/workers/embedding-worker.ts(641,3): error TS2484: Export declaration conflicts with exported declaration of 'EmbeddingTask'.
src/lib/workers/embedding-worker.ts(642,3): error TS2484: Export declaration conflicts with exported declaration of 'ChunkingTask'.
src/lib/workers/embedding-worker.ts(643,3): error TS2484: Export declaration conflicts with exported declaration of 'SimilarityTask'.
src/routes/api/ai/process-document/+server.ts(8,21): error TS2305: Module '"$lib/database/enhanced-schema"' has no exported member 'aiProcessingJobs'.
src/routes/api/ai/process-document/+server.ts(11,27): error TS2307: Cannot find module '$lib/utils/rate-limit' or its corresponding type declarations.
src/routes/api/ai/process-document/+server.ts(12,10): error TS2305: Module '"$lib/server/auth"' has no exported member 'authenticateUser'.
src/routes/api/evidence/upload/+server.ts(81,16): error TS2339: Property 'userId' does not exist on type 'Partial<{ title?: string; description?: string; tags?: string[]; file?: File; location?: string; caseId?: string; evidenceType?: "physical_evidence" | "digital_evidence" | "witness_testimony" | ... 6 more ... | "chain_of_custody"; ... 10 more ...; metadata?: Record<...>; }>'.
src/routes/api/evidence/upload/+server.ts(158,54): error TS2769: No overload matches this call.
  Overload 1 of 2, '(value: { title: string | SQL<unknown> | Placeholder<string, any>; evidenceType: string | SQL<unknown> | Placeholder<string, any>; userId: string | SQL<unknown> | Placeholder<...>; ... 23 more ...; boardPosition?: unknown; }): PgInsertBase<...>', gave the following error.
    Object literal may only specify known properties, and 'metadata' does not exist in type '{ title: string | SQL<unknown> | Placeholder<string, any>; evidenceType: string | SQL<unknown> | Placeholder<string, any>; userId: string | SQL<unknown> | Placeholder<...>; ... 23 more ...; boardPosition?: unknown; }'.
  Overload 2 of 2, '(values: { title: string | SQL<unknown> | Placeholder<string, any>; evidenceType: string | SQL<unknown> | Placeholder<string, any>; userId: string | SQL<unknown> | Placeholder<...>; ... 23 more ...; boardPosition?: unknown; }[]): PgInsertBase<...>', gave the following error.
    Object literal may only specify known properties, and 'id' does not exist in type '{ title: string | SQL<unknown> | Placeholder<string, any>; evidenceType: string | SQL<unknown> | Placeholder<string, any>; userId: string | SQL<unknown> | Placeholder<...>; ... 23 more ...; boardPosition?: unknown; }[]'.
src/routes/api/evidence/upload/+server.ts(161,26): error TS2339: Property 'userId' does not exist on type 'Partial<{ title?: string; description?: string; tags?: string[]; file?: File; location?: string; caseId?: string; evidenceType?: "physical_evidence" | "digital_evidence" | "witness_testimony" | ... 6 more ... | "chain_of_custody"; ... 10 more ...; metadata?: Record<...>; }>'.
src/routes/api/evidence/upload/+server.ts(215,31): error TS2769: No overload matches this call.
  Overload 1 of 2, '(value: { title: string | SQL<unknown> | Placeholder<string, any>; evidenceType: string | SQL<unknown> | Placeholder<string, any>; userId: string | SQL<unknown> | Placeholder<...>; ... 23 more ...; boardPosition?: unknown; }): PgInsertBase<...>', gave the following error.
    Object literal may only specify known properties, and 'metadata' does not exist in type '{ title: string | SQL<unknown> | Placeholder<string, any>; evidenceType: string | SQL<unknown> | Placeholder<string, any>; userId: string | SQL<unknown> | Placeholder<...>; ... 23 more ...; boardPosition?: unknown; }'.
  Overload 2 of 2, '(values: { title: string | SQL<unknown> | Placeholder<string, any>; evidenceType: string | SQL<unknown> | Placeholder<string, any>; userId: string | SQL<unknown> | Placeholder<...>; ... 23 more ...; boardPosition?: unknown; }[]): PgInsertBase<...>', gave the following error.
    Object literal may only specify known properties, and 'id' does not exist in type '{ title: string | SQL<unknown> | Placeholder<string, any>; evidenceType: string | SQL<unknown> | Placeholder<string, any>; userId: string | SQL<unknown> | Placeholder<...>; ... 23 more ...; boardPosition?: unknown; }[]'.
src/routes/api/evidence/upload/+server.ts(218,26): error TS2339: Property 'userId' does not exist on type 'Partial<{ title?: string; description?: string; tags?: string[]; file?: File; location?: string; caseId?: string; evidenceType?: "physical_evidence" | "digital_evidence" | "witness_testimony" | ... 6 more ... | "chain_of_custody"; ... 10 more ...; metadata?: Record<...>; }>'.
src/routes/api/evidence/upload/+server.ts(350,13): error TS2353: Object literal may only specify known properties, and 'role' does not exist in type 'BaseMessage'.
src/routes/api/evidence/upload/+server.ts(351,13): error TS2353: Object literal may only specify known properties, and 'role' does not exist in type 'BaseMessage'.
src/routes/api/evidence/upload/+server.ts(405,25): error TS2339: Property 'fileId' does not exist on type 'RouteParams'.
src/routes/api/evidence/upload/+server.ts(426,42): error TS2339: Property 'metadata' does not exist on type '{ id: string; caseId: string; userId: string; title: string; description: string; evidenceType: string; subType: string; fileName: string; fileSize: number; mimeType: string; hash: string; collectedAt: Date; ... 14 more ...; updatedAt: Date; }'.
src/routes/api/evidence/upload/+server.ts(429,53): error TS2339: Property 'metadata' does not exist on type '{ id: string; caseId: string; userId: string; title: string; description: string; evidenceType: string; subType: string; fileName: string; fileSize: number; mimeType: string; hash: string; collectedAt: Date; ... 14 more ...; updatedAt: Date; }'.
src/routes/api/evidence/upload/+server.ts(458,25): error TS2339: Property 'fileId' does not exist on type 'RouteParams'.
src/routes/api/evidence/upload/+server.ts(482,18): error TS2339: Property 'metadata' does not exist on type '{ title: string; description: string; tags: unknown; summary: string; id: string; aiAnalysis: unknown; location: string; mimeType: string; hash: string; caseId: string; evidenceType: string; confidentialityLevel: string; ... 14 more ...; boardPosition: unknown; }'.
src/routes/api/evidence/upload/+server.ts(483,29): error TS2339: Property 'metadata' does not exist on type '{ title: string; description: string; tags: unknown; summary: string; id: string; aiAnalysis: unknown; location: string; mimeType: string; hash: string; caseId: string; evidenceType: string; confidentialityLevel: string; ... 14 more ...; boardPosition: unknown; }'.
âŒ Check failed: Command failed with code 2: