
> yorha-legal-ai-frontend@1.0.0 check
> npm run check:base && npm run post-check


> yorha-legal-ai-frontend@1.0.0 check:base
> node check-incremental.mjs

ðŸš€ Starting incremental TypeScript checking...

ðŸ“‹ Phase 1: SvelteKit sync
ðŸ”„ Running: npx svelte-kit sync
âœ… SvelteKit sync completed

ðŸ“‹ Phase 2: TypeScript files check
ðŸ”„ Running: npx tsc --noEmit --skipLibCheck --incremental
src/lib/llm/tauri-llm.ts(6,38): error TS2307: Cannot find module '@tauri-apps/api/tauri' or its corresponding type declarations.
src/lib/services/ai-service.ts(14,21): error TS2307: Cannot find module '$env/dynamic/private' or its corresponding type declarations.
src/lib/services/autonomous-engineering-system.ts(51,16): error TS2552: Cannot find name 'EngineeringProblem'. Did you mean 'EngineringProblem'?
src/lib/services/autonomous-engineering-system.ts(150,14): error TS2552: Cannot find name 'EngineeringProblem'. Did you mean 'EngineringProblem'?
src/lib/services/autonomous-engineering-system.ts(153,24): error TS2552: Cannot find name 'EngineeringProblem'. Did you mean 'EngineringProblem'?
src/lib/services/autonomous-engineering-system.ts(299,15): error TS2552: Cannot find name 'EngineeringProblem'. Did you mean 'EngineringProblem'?
src/lib/services/autonomous-engineering-system.ts(463,18): error TS2552: Cannot find name 'EngineeringProblem'. Did you mean 'EngineringProblem'?
src/lib/services/autonomous-engineering-system.ts(665,47): error TS2552: Cannot find name 'EngineeringProblem'. Did you mean 'EngineringProblem'?
src/lib/services/autonomous-engineering-system.ts(673,14): error TS2552: Cannot find name 'EngineeringProblem'. Did you mean 'EngineringProblem'?
src/lib/services/autonomous-engineering-system.ts(705,14): error TS2552: Cannot find name 'EngineeringProblem'. Did you mean 'EngineringProblem'?
src/lib/services/autonomous-engineering-system.ts(737,15): error TS2552: Cannot find name 'EngineeringProblem'. Did you mean 'EngineringProblem'?
src/lib/services/autonomous-engineering-system.ts(738,18): error TS2552: Cannot find name 'EngineeringProblem'. Did you mean 'EngineringProblem'?
src/lib/services/autonomous-engineering-system.ts(739,36): error TS2304: Cannot find name 'EngineeringProblem'.
src/lib/services/kmeans-clustering.ts(11,8): error TS2307: Cannot find module '$lib/api/enhanced-rest-architecture' or its corresponding type declarations.
src/lib/services/legal-document.service.ts(57,9): error TS2741: Property 'factors' is missing in type '{ score: number; level: "LOW" | "MEDIUM" | "HIGH" | "CRITICAL"; recommendations: string[]; }' but required in type 'RiskAssessment'.
src/lib/services/local-llm-manager.ts(11,8): error TS2307: Cannot find module '@tauri-apps/api/fs' or its corresponding type declarations.
src/lib/services/local-llm-manager.ts(109,51): error TS2339: Property '__TAURI__' does not exist on type 'Window & typeof globalThis'.
src/lib/services/local-llm-manager.ts(120,51): error TS2339: Property '__TAURI__' does not exist on type 'Window & typeof globalThis'.
src/lib/services/local-llm-manager.ts(158,51): error TS2339: Property '__TAURI__' does not exist on type 'Window & typeof globalThis'.
src/lib/services/local-llm-manager.ts(183,51): error TS2339: Property '__TAURI__' does not exist on type 'Window & typeof globalThis'.
src/lib/services/local-llm-manager.ts(235,60): error TS2339: Property '__TAURI__' does not exist on type 'Window & typeof globalThis'.
src/lib/services/ollamaChatStream.ts(2,28): error TS2307: Cannot find module '@langchain/ollama' or its corresponding type declarations.
src/lib/services/som-clustering.ts(10,8): error TS2307: Cannot find module '$lib/api/enhanced-rest-architecture' or its corresponding type declarations.
src/lib/services/tauri-llm.ts(69,19): error TS2339: Property '__TAURI__' does not exist on type 'Window & typeof globalThis'.
src/lib/services/tauri-llm.ts(196,9): error TS2554: Expected 2 arguments, but got 3.
src/lib/services/tauri-llm.ts(303,18): error TS2339: Property '__TAURI__' does not exist on type 'Window & typeof globalThis'.
src/lib/services/tauri-llm.ts(327,63): error TS2554: Expected 0-1 arguments, but got 2.
src/lib/services/tauri-llm.ts(429,43): error TS2339: Property '__TAURI__' does not exist on type 'Window & typeof globalThis'.
src/lib/services/vector-intelligence-service.ts(394,28): error TS2339: Property 'embedding' does not exist on type 'AIResponse'.
src/lib/services/vector-intelligence-service.ts(395,60): error TS2339: Property 'embedding' does not exist on type 'AIResponse'.
src/lib/services/vector-intelligence-service.ts(509,5): error TS2322: Type '{ confidence: number; priority: string; description: string; id: string; type: "warning" | "action" | "insight" | "opportunity"; title: string; category: "workflow" | "investigation" | "legal_analysis" | "evidence_review" | "case_strategy"; supportingEvidence: VectorSearchResult[]; actionItems: { ...; }; estimatedIm...' is not assignable to type 'IntelligenceRecommendation[]'.
  Type '{ confidence: number; priority: string; description: string; id: string; type: "action" | "insight" | "warning" | "opportunity"; title: string; category: "investigation" | "legal_analysis" | "evidence_review" | "case_strategy" | "workflow"; supportingEvidence: VectorSearchResult[]; actionItems: { immediate: string[]...' is not assignable to type 'IntelligenceRecommendation'.
    Types of property 'priority' are incompatible.
      Type 'string' is not assignable to type '"high" | "medium" | "low" | "critical"'.
src/lib/state/legalFormMachine.ts(42,47): error TS2558: Expected 11-12 type arguments, but got 2.
src/lib/state/legalFormMachine.ts(186,41): error TS2339: Property 'description' does not exist on type 'Event'.
src/lib/stores/ai-store.ts(371,32): error TS2345: Argument of type '(history: ConversationHistory[]) => (ConversationHistory | { id: string; title: string; messages: { id: string; role: "system" | "user" | "assistant"; content: string; timestamp: Date; sources?: { ...; }[]; metadata?: { ...; }; }[]; timestamp: Date; metadata: { ...; }; })[]' is not assignable to parameter of type '(value: ConversationHistory[]) => ConversationHistory[]'.
  Type '(ConversationHistory | { id: string; title: string; messages: { id: string; role: "system" | "user" | "assistant"; content: string; timestamp: Date; sources?: { ...; }[]; metadata?: { ...; }; }[]; timestamp: Date; metadata: { ...; }; })[]' is not assignable to type 'ConversationHistory[]'.
    Type 'ConversationHistory | { id: string; title: string; messages: { id: string; role: "system" | "user" | "assistant"; content: string; timestamp: Date; sources?: { ...; }[]; metadata?: { ...; }; }[]; timestamp: Date; metadata: { ...; }; }' is not assignable to type 'ConversationHistory'.
      Type '{ id: string; title: string; messages: { id: string; role: "user" | "assistant" | "system"; content: string; timestamp: Date; sources?: Array<{ id: string; title: string; content: string; score: number; type: string; }>; metadata?: { provider: "local" | "cloud" | "hybrid"; model: string; confidence: number; executio...' is not assignable to type 'ConversationHistory'.
        Types of property 'messages' are incompatible.
          Type '{ id: string; role: "system" | "user" | "assistant"; content: string; timestamp: Date; sources?: { id: string; title: string; content: string; score: number; type: string; }[]; metadata?: { provider: "local" | ... 1 more ... | "cloud"; model: string; confidence: number; executionTime: number; fromCache: boolean; }; ...' is not assignable to type 'ChatMessage[]'.
            Type '{ id: string; role: "system" | "user" | "assistant"; content: string; timestamp: Date; sources?: { id: string; title: string; content: string; score: number; type: string; }[]; metadata?: { provider: "local" | ... 1 more ... | "cloud"; model: string; confidence: number; executionTime: number; fromCache: boolean; }; }' is not assignable to type 'ChatMessage'.
              Types of property 'sources' are incompatible.
                Type '{ id: string; title: string; content: string; score: number; type: string; }[]' is not assignable to type 'VectorSearchResult[]'.
                  Type '{ id: string; title: string; content: string; score: number; type: string; }' is not assignable to type 'VectorSearchResult'.
                    Types of property 'type' are incompatible.
                      Type 'string' is not assignable to type '"document" | "case" | "evidence" | "statute"'.
src/lib/stores/ai.ts(47,11): error TS2367: This comparison appears to be unintentional because the types '"RESET" | "RETRY" | "SUMMARIZE"' and '"xstate.done.actor.summarizeEvidence"' have no overlap.
src/lib/stores/ai.ts(48,26): error TS2339: Property 'output' does not exist on type 'never'.
src/lib/stores/ai.ts(58,11): error TS2367: This comparison appears to be unintentional because the types '"RESET" | "RETRY" | "SUMMARIZE"' and '"xstate.error.actor.summarizeEvidence"' have no overlap.
src/lib/stores/ai.ts(60,23): error TS2339: Property 'error' does not exist on type 'never'.
src/lib/stores/ai.ts(171,28): error TS2339: Property 'initialState' does not exist on type 'StateMachine<AIContext, AIEvent, { [x: string]: ActorRefFromLogic<PromiseActorLogic<{ summary: any; sources: any; }, AIContext, EventObject>>; }, ... 10 more ..., { ...; }>'.
src/lib/stores/chatMachine.ts(277,40): error TS2339: Property 'message' does not exist on type 'unknown'.
src/lib/stores/chatMachine.ts(348,40): error TS2339: Property 'message' does not exist on type 'unknown'.
src/lib/stores/evidence-store.ts(119,39): error TS2339: Property '_docs' does not exist on type 'Fuse<Evidence>'.
src/lib/stores/legal-case.store.svelte.ts(42,27): error TS2339: Property 'filter' does not exist on type '() => LegalCase[]'.
src/lib/stores/legal-case.store.svelte.ts(43,28): error TS2339: Property 'filter' does not exist on type '() => LegalCase[]'.
src/lib/stores/legal-case.store.svelte.ts(44,27): error TS2339: Property 'filter' does not exist on type '() => LegalCase[]'.
src/lib/stores/legal-case.store.svelte.ts(45,33): error TS2339: Property 'filter' does not exist on type '() => LegalCase[]'.
src/lib/stores/legal-case.store.svelte.ts(75,5): error TS2588: Cannot assign to 'selectedCase' because it is a constant.
src/lib/stores/legal-case.store.svelte.ts(192,5): error TS2322: Type 'string' is not assignable to type '"pending" | "active" | "closed" | "archived"'.
src/lib/stores/legal-case.store.svelte.ts(216,5): error TS2588: Cannot assign to 'currentUser' because it is a constant.
src/lib/stores/legal-case.store.svelte.ts(222,26): error TS2339: Property 'filter' does not exist on type '() => LegalCase[]'.
src/lib/types/ai-worker.ts(133,18): error TS2430: Interface 'LegalAnalysisTask' incorrectly extends interface 'AITask'.
  Types of property 'type' are incompatible.
    Type '"legal_analysis"' is not assignable to type '"embed" | "analyze" | "chat" | "generate" | "agent_workflow"'.
src/lib/ui/matrix-compiler.ts(4,22): error TS2307: Cannot find module 'gl-matrix' or its corresponding type declarations.
src/lib/ui/matrix-compiler.ts(124,33): error TS2339: Property 'optimizeNodeTree' does not exist on type 'MatrixUICompiler'.
src/lib/ui/matrix-compiler.ts(127,27): error TS2551: Property 'calculateLODLevel' does not exist on type 'MatrixUICompiler'. Did you mean 'calculateLOD'?
src/lib/ui/matrix-compiler.ts(138,30): error TS2339: Property 'generateEnhancedWebGLBuffers' does not exist on type 'MatrixUICompiler'.
src/lib/ui/matrix-compiler.ts(144,34): error TS2339: Property 'generateEnhancedCSS' does not exist on type 'MatrixUICompiler'.
src/lib/ui/matrix-compiler.ts(150,32): error TS2339: Property 'generateEventMappings' does not exist on type 'MatrixUICompiler'.
src/lib/utils/copilot-self-prompt.ts(15,10): error TS2305: Module '"$lib/server/db"' has no exported member 'pool'.
src/lib/utils/copilot-self-prompt.ts(375,46): error TS2339: Property 'analyzeLegalCaseWithCrew' does not exist on type 'CrewAIService'.
src/lib/utils/copilot-self-prompt.ts(710,7): error TS2353: Object literal may only specify known properties, and 'baseURL' does not exist in type 'Partial<OpenAIEmbeddingsParams> & { verbose?: boolean; openAIApiKey?: string; apiKey?: string; configuration?: ClientOptions; }'.
src/lib/utils/focus-mode.ts(33,14): error TS2300: Duplicate identifier 'focusMode'.
src/lib/utils/focus-mode.ts(302,17): error TS2300: Duplicate identifier 'focusMode'.
src/lib/utils/fuzzy.ts(1,18): error TS2307: Cannot find module 'fuse' or its corresponding type declarations.
src/lib/utils/loki-evidence.ts(22,31): error TS2304: Cannot find name 'Collection'.
src/lib/utils/loki-evidence.ts(23,22): error TS2304: Cannot find name 'Collection'.
src/lib/utils/loki-evidence.ts(388,44): error TS2698: Spread types may only be created from object types.
src/lib/utils/loki-evidence.ts(399,26): error TS2345: Argument of type 'unknown' is not assignable to parameter of type 'string'.
src/lib/utils/tauri-notes.ts(2,24): error TS2307: Cannot find module '@tauri-apps/api/tauri' or its corresponding type declarations.
src/lib/utils/tauri-notes.ts(4,53): error TS2307: Cannot find module '@tauri-apps/api/fs' or its corresponding type declarations.
src/lib/workers/predictive-prefetch.ts(149,14): error TS2339: Property 'predictUserIntentEnhanced' does not exist on type 'PredictivePrefetcher'.
src/lib/workers/predictive-prefetch.ts(172,53): error TS2345: Argument of type '{ routes: string[]; assets: string[]; priority: "high"; conditions: { viewport: "desktop"; connection: "fast"; }; }' is not assignable to parameter of type 'PrefetchStrategy'.
  Property 'uiBuffers' is missing in type '{ routes: string[]; assets: string[]; priority: "high"; conditions: { viewport: "desktop"; connection: "fast"; }; }' but required in type 'PrefetchStrategy'.
src/lib/workers/predictive-prefetch.ts(191,48): error TS2345: Argument of type '{ routes: string[]; assets: string[]; priority: "medium"; conditions: {}; }' is not assignable to parameter of type 'PrefetchStrategy'.
  Property 'uiBuffers' is missing in type '{ routes: string[]; assets: string[]; priority: "medium"; conditions: {}; }' but required in type 'PrefetchStrategy'.
src/lib/workers/predictive-prefetch.ts(203,52): error TS2345: Argument of type '{ routes: string[]; assets: string[]; priority: "high"; conditions: { connection: "fast"; }; }' is not assignable to parameter of type 'PrefetchStrategy'.
  Property 'uiBuffers' is missing in type '{ routes: string[]; assets: string[]; priority: "high"; conditions: { connection: "fast"; }; }' but required in type 'PrefetchStrategy'.
src/lib/workers/predictive-prefetch.ts(417,7): error TS2741: Property 'userProfile' is missing in type '{ action: UserIntent["action"]; confidence: number; context: { currentPage: string; focusedElement?: string; recentActions: string[]; caseId?: string; timeOnPage: number; scrollPosition: number; mouseActivity: MouseEvent[]; keyboardActivity: KeyboardEvent[]; eyeTracking?: { x: number; y: number; timestamp: number; }...' but required in type 'UserIntent'.
src/lib/workers/predictive-prefetch.ts(636,8): error TS2339: Property 'skipWaiting' does not exist on type 'Window & typeof globalThis'.
src/routes/api/activities/+server.ts(62,7): error TS2740: Type 'Omit<PgSelectBase<"case_activities", { id: PgColumn<{ name: "id"; tableName: "case_activities"; dataType: "string"; columnType: "PgUUID"; data: string; driverParam: string; notNull: true; hasDefault: true; enumValues: undefined; baseColumn: never; }, {}, {}>; ... 14 more ...; updatedAt: PgColumn<...>; }, ... 5 more ...' is missing the following properties from type 'PgSelectBase<"case_activities", { id: PgColumn<{ name: "id"; tableName: "case_activities"; dataType: "string"; columnType: "PgUUID"; data: string; driverParam: string; notNull: true; hasDefault: true; enumValues: undefined; baseColumn: never; }, {}, {}>; ... 14 more ...; updatedAt: PgColumn<...>; }, ... 5 more ..., ...': config, joinsNotNullableMap, tableName, isPartialSelect, and 5 more.
src/routes/api/activities/+server.ts(80,5): error TS2740: Type 'Omit<PgSelectBase<"case_activities", { id: PgColumn<{ name: "id"; tableName: "case_activities"; dataType: "string"; columnType: "PgUUID"; data: string; driverParam: string; notNull: true; hasDefault: true; enumValues: undefined; baseColumn: never; }, {}, {}>; ... 14 more ...; updatedAt: PgColumn<...>; }, ... 5 more ...' is missing the following properties from type 'PgSelectBase<"case_activities", { id: PgColumn<{ name: "id"; tableName: "case_activities"; dataType: "string"; columnType: "PgUUID"; data: string; driverParam: string; notNull: true; hasDefault: true; enumValues: undefined; baseColumn: never; }, {}, {}>; ... 14 more ...; updatedAt: PgColumn<...>; }, ... 5 more ..., ...': config, joinsNotNullableMap, tableName, isPartialSelect, and 5 more.
src/routes/api/activities/+server.ts(85,5): error TS2740: Type 'Omit<PgSelectBase<"case_activities", { id: PgColumn<{ name: "id"; tableName: "case_activities"; dataType: "string"; columnType: "PgUUID"; data: string; driverParam: string; notNull: true; hasDefault: true; enumValues: undefined; baseColumn: never; }, {}, {}>; ... 14 more ...; updatedAt: PgColumn<...>; }, ... 5 more ...' is missing the following properties from type 'PgSelectBase<"case_activities", { id: PgColumn<{ name: "id"; tableName: "case_activities"; dataType: "string"; columnType: "PgUUID"; data: string; driverParam: string; notNull: true; hasDefault: true; enumValues: undefined; baseColumn: never; }, {}, {}>; ... 14 more ...; updatedAt: PgColumn<...>; }, ... 5 more ..., ...': config, joinsNotNullableMap, tableName, isPartialSelect, and 6 more.
src/routes/api/activities/+server.ts(94,7): error TS2740: Type 'Omit<PgSelectBase<"case_activities", { count: SQL<number>; }, "partial", Record<"case_activities", "not-null">, false, "where", { count: number; }[], { count: DrizzleTypeError<"You cannot reference this field without assigning it an alias first - use `.as(<alias>)`">; }>, "where">' is missing the following properties from type 'PgSelectBase<"case_activities", { count: SQL<number>; }, "partial", Record<"case_activities", "not-null">, false, never, { count: number; }[], { count: DrizzleTypeError<"You cannot reference this field without assigning it an alias first - use `.as(<alias>)`">; }>': config, joinsNotNullableMap, tableName, isPartialSelect, and 5 more.
src/routes/api/ai/ask/+server.ts(439,34): error TS2307: Cannot find module '$env/dynamic/private' or its corresponding type declarations.
src/routes/api/ai/context/+server.ts(3,21): error TS2307: Cannot find module '$env/dynamic/private' or its corresponding type declarations.
src/routes/api/ai/context/+server.ts(76,23): error TS2339: Property 'documentation' does not exist on type '{ application: { pageType: string; entityId: any; userActivity: any[]; recentActions: any[]; complexity: number; urgency: number; }; aiModel: { name: string; endpoint: any; type: string; capabilities: string[]; configuration: { ...; }; }; architecture: { ...; }; guidelines: { ...; }; }'.
src/routes/api/ai/context/+server.ts(85,23): error TS2339: Property 'legalDomain' does not exist on type '{ application: { pageType: string; entityId: any; userActivity: any[]; recentActions: any[]; complexity: number; urgency: number; }; aiModel: { name: string; endpoint: any; type: string; capabilities: string[]; configuration: { ...; }; }; architecture: { ...; }; guidelines: { ...; }; }'.
src/routes/api/ai/context/+server.ts(126,28): error TS2339: Property 'updateChatContext' does not exist on type 'typeof ContextService'.
src/routes/api/ai/context/+server.ts(128,28): error TS2339: Property 'updateCaseContext' does not exist on type 'typeof ContextService'.
src/routes/api/ai/multi-agent/+server.ts(217,5): error TS2322: Type '"high" | "medium" | "low" | "critical"' is not assignable to type '"high" | "medium" | "low" | "urgent"'.
  Type '"critical"' is not assignable to type '"high" | "medium" | "low" | "urgent"'.
src/routes/api/ai/multi-agent/+server.ts(443,58): error TS2339: Property 'low_memory_profiles' does not exist on type '{ ultra_low_memory: { max_tokens: number; batch_size: number; }; low_memory: { max_tokens: number; batch_size: number; }; }'.
src/routes/api/ai/multi-agent/+server.ts(453,36): error TS2339: Property 'low_memory_profiles' does not exist on type '{ ultra_low_memory: { max_tokens: number; batch_size: number; }; low_memory: { max_tokens: number; batch_size: number; }; }'.
src/routes/api/analyze/+server.ts(462,30): error TS2339: Property 'limit' does not exist on type 'Omit<PgSelectBase<"ai_reports", { id: PgColumn<{ name: "id"; tableName: "ai_reports"; dataType: "string"; columnType: "PgUUID"; data: string; driverParam: string; notNull: true; hasDefault: true; enumValues: undefined; baseColumn: never; }, {}, {}>; ... 12 more ...; updatedAt: PgColumn<...>; }, ... 5 more ..., { ......'.
  Property 'limit' does not exist on type 'Omit<PgSelectBase<"ai_reports", { id: PgColumn<{ name: "id"; tableName: "ai_reports"; dataType: "string"; columnType: "PgUUID"; data: string; driverParam: string; notNull: true; hasDefault: true; enumValues: undefined; baseColumn: never; }, {}, {}>; ... 12 more ...; updatedAt: PgColumn<...>; }, ... 5 more ..., { ......'.
src/routes/api/auth/me/+server.ts(16,20): error TS2339: Property 'name' does not exist on type '{ id: string; email: string; role: string; }'.
src/routes/api/canvas-states/+server.ts(56,9): error TS2740: Type 'Omit<PgSelectBase<"canvas_states", { id: PgColumn<{ name: "id"; tableName: "canvas_states"; dataType: "string"; columnType: "PgUUID"; data: string; driverParam: string; notNull: true; hasDefault: true; enumValues: undefined; baseColumn: never; }, {}, {}>; ... 7 more ...; updatedAt: PgColumn<...>; }, ... 5 more ..., ...' is missing the following properties from type 'PgSelectBase<"canvas_states", { id: PgColumn<{ name: "id"; tableName: "canvas_states"; dataType: "string"; columnType: "PgUUID"; data: string; driverParam: string; notNull: true; hasDefault: true; enumValues: undefined; baseColumn: never; }, {}, {}>; ... 7 more ...; updatedAt: PgColumn<...>; }, ... 5 more ..., { ......': config, joinsNotNullableMap, tableName, isPartialSelect, and 5 more.
src/routes/api/canvas-states/+server.ts(68,7): error TS2740: Type 'Omit<PgSelectBase<"canvas_states", { id: PgColumn<{ name: "id"; tableName: "canvas_states"; dataType: "string"; columnType: "PgUUID"; data: string; driverParam: string; notNull: true; hasDefault: true; enumValues: undefined; baseColumn: never; }, {}, {}>; ... 7 more ...; updatedAt: PgColumn<...>; }, ... 5 more ..., ...' is missing the following properties from type 'PgSelectBase<"canvas_states", { id: PgColumn<{ name: "id"; tableName: "canvas_states"; dataType: "string"; columnType: "PgUUID"; data: string; driverParam: string; notNull: true; hasDefault: true; enumValues: undefined; baseColumn: never; }, {}, {}>; ... 7 more ...; updatedAt: PgColumn<...>; }, ... 5 more ..., { ......': config, joinsNotNullableMap, tableName, isPartialSelect, and 5 more.
src/routes/api/canvas-states/+server.ts(73,7): error TS2740: Type 'Omit<PgSelectBase<"canvas_states", { id: PgColumn<{ name: "id"; tableName: "canvas_states"; dataType: "string"; columnType: "PgUUID"; data: string; driverParam: string; notNull: true; hasDefault: true; enumValues: undefined; baseColumn: never; }, {}, {}>; ... 7 more ...; updatedAt: PgColumn<...>; }, ... 5 more ..., ...' is missing the following properties from type 'PgSelectBase<"canvas_states", { id: PgColumn<{ name: "id"; tableName: "canvas_states"; dataType: "string"; columnType: "PgUUID"; data: string; driverParam: string; notNull: true; hasDefault: true; enumValues: undefined; baseColumn: never; }, {}, {}>; ... 7 more ...; updatedAt: PgColumn<...>; }, ... 5 more ..., { ......': config, joinsNotNullableMap, tableName, isPartialSelect, and 6 more.
src/routes/api/canvas-states/+server.ts(82,9): error TS2740: Type 'Omit<PgSelectBase<"canvas_states", { count: SQL<number>; }, "partial", Record<"canvas_states", "not-null">, false, "where", { count: number; }[], { count: DrizzleTypeError<"You cannot reference this field without assigning it an alias first - use `.as(<alias>)`">; }>, "where">' is missing the following properties from type 'PgSelectBase<"canvas_states", { count: SQL<number>; }, "partial", Record<"canvas_states", "not-null">, false, never, { count: number; }[], { count: DrizzleTypeError<"You cannot reference this field without assigning it an alias first - use `.as(<alias>)`">; }>': config, joinsNotNullableMap, tableName, isPartialSelect, and 5 more.
src/routes/api/cases/+server.ts(48,7): error TS2740: Type 'Omit<PgSelectBase<"cases", { id: PgColumn<{ name: "id"; tableName: "cases"; dataType: "string"; columnType: "PgUUID"; data: string; driverParam: string; notNull: true; hasDefault: true; enumValues: undefined; baseColumn: never; }, {}, {}>; ... 21 more ...; closedAt: PgColumn<...>; }, ... 5 more ..., { ...; }>, "wher...' is missing the following properties from type 'PgSelectBase<"cases", { id: PgColumn<{ name: "id"; tableName: "cases"; dataType: "string"; columnType: "PgUUID"; data: string; driverParam: string; notNull: true; hasDefault: true; enumValues: undefined; baseColumn: never; }, {}, {}>; ... 21 more ...; closedAt: PgColumn<...>; }, ... 5 more ..., { ...; }>': config, joinsNotNullableMap, tableName, isPartialSelect, and 5 more.
src/routes/api/cases/+server.ts(65,5): error TS2740: Type 'Omit<PgSelectBase<"cases", { id: PgColumn<{ name: "id"; tableName: "cases"; dataType: "string"; columnType: "PgUUID"; data: string; driverParam: string; notNull: true; hasDefault: true; enumValues: undefined; baseColumn: never; }, {}, {}>; ... 21 more ...; closedAt: PgColumn<...>; }, ... 5 more ..., { ...; }>, "orde...' is missing the following properties from type 'PgSelectBase<"cases", { id: PgColumn<{ name: "id"; tableName: "cases"; dataType: "string"; columnType: "PgUUID"; data: string; driverParam: string; notNull: true; hasDefault: true; enumValues: undefined; baseColumn: never; }, {}, {}>; ... 21 more ...; closedAt: PgColumn<...>; }, ... 5 more ..., { ...; }>': config, joinsNotNullableMap, tableName, isPartialSelect, and 5 more.
src/routes/api/cases/+server.ts(70,5): error TS2740: Type 'Omit<PgSelectBase<"cases", { id: PgColumn<{ name: "id"; tableName: "cases"; dataType: "string"; columnType: "PgUUID"; data: string; driverParam: string; notNull: true; hasDefault: true; enumValues: undefined; baseColumn: never; }, {}, {}>; ... 21 more ...; closedAt: PgColumn<...>; }, ... 5 more ..., { ...; }>, "limi...' is missing the following properties from type 'PgSelectBase<"cases", { id: PgColumn<{ name: "id"; tableName: "cases"; dataType: "string"; columnType: "PgUUID"; data: string; driverParam: string; notNull: true; hasDefault: true; enumValues: undefined; baseColumn: never; }, {}, {}>; ... 21 more ...; closedAt: PgColumn<...>; }, ... 5 more ..., { ...; }>': config, joinsNotNullableMap, tableName, isPartialSelect, and 6 more.
src/routes/api/cases/[caseId]/analysis/+server.ts(1,21): error TS2307: Cannot find module '$env/dynamic/private' or its corresponding type declarations.
src/routes/api/cases/[caseId]/deep-analysis/+server.ts(1,21): error TS2307: Cannot find module '$env/dynamic/private' or its corresponding type declarations.
src/routes/api/cases/[caseId]/pois/+server.ts(33,8): error TS2769: No overload matches this call.
  Overload 1 of 2, '(value: { name: string | SQL<unknown> | Placeholder<string, any>; status?: string | SQL<unknown> | Placeholder<string, any>; position?: unknown; id?: string | SQL<unknown> | Placeholder<...>; ... 8 more ...; profileData?: unknown; }): PgInsertBase<...>', gave the following error.
    Object literal may only specify known properties, and 'posX' does not exist in type '{ name: string | SQL<unknown> | Placeholder<string, any>; status?: string | SQL<unknown> | Placeholder<string, any>; position?: unknown; id?: string | SQL<unknown> | Placeholder<...>; ... 8 more ...; profileData?: unknown; }'.
  Overload 2 of 2, '(values: { name: string | SQL<unknown> | Placeholder<string, any>; status?: string | SQL<unknown> | Placeholder<string, any>; position?: unknown; id?: string | SQL<unknown> | Placeholder<...>; ... 8 more ...; profileData?: unknown; }[]): PgInsertBase<...>', gave the following error.
    Object literal may only specify known properties, and 'caseId' does not exist in type '{ name: string | SQL<unknown> | Placeholder<string, any>; status?: string | SQL<unknown> | Placeholder<string, any>; position?: unknown; id?: string | SQL<unknown> | Placeholder<...>; ... 8 more ...; profileData?: unknown; }[]'.
src/routes/api/cases/[caseId]/recommendations/+server.ts(1,21): error TS2307: Cannot find module '$env/dynamic/private' or its corresponding type declarations.
src/routes/api/cases/summary/+server.ts(224,18): error TS2448: Block-scoped variable 'evidence' used before its declaration.
src/routes/api/cases/summary/+server.ts(224,59): error TS2448: Block-scoped variable 'evidence' used before its declaration.
src/routes/api/cases/summary/+server.ts(225,17): error TS2448: Block-scoped variable 'evidence' used before its declaration.
src/routes/api/cases/summary/+server.ts(315,5): error TS2353: Object literal may only specify known properties, and 'model' does not exist in type '{ system?: string; temperature?: number; maxTokens?: number; topP?: number; topK?: number; repeatPenalty?: number; stream?: boolean; }'.
src/routes/api/cases/summary/+server.ts(320,16): error TS2339: Property 'success' does not exist on type 'string'.
src/routes/api/cases/summary/+server.ts(322,43): error TS2339: Property 'content' does not exist on type 'string'.
src/routes/api/cases/summary/+server.ts(385,16): error TS2448: Block-scoped variable 'evidence' used before its declaration.
src/routes/api/cases/summary/+server.ts(385,57): error TS2448: Block-scoped variable 'evidence' used before its declaration.
src/routes/api/cases/summary/+server.ts(386,15): error TS2448: Block-scoped variable 'evidence' used before its declaration.
src/routes/api/citations/+server.ts(1,32): error TS5097: An import path can only end with a '.ts' extension when 'allowImportingTsExtensions' is enabled.
src/routes/api/clustering/kmeans/cluster/+server.ts(12,10): error TS2305: Module '"$lib/server/db/schema-postgres"' has no exported member 'documents'.
src/routes/api/clustering/kmeans/cluster/+server.ts(106,40): error TS2339: Property 'result' does not exist on type '{ id: string | number; payload?: Record<string, unknown> | { [key: string]: unknown; }; vector?: number[] | Record<string, unknown> | number[][] | { [key: string]: number[] | number[][] | { indices: number[]; values: number[]; }; }; shard_key?: string | ... 1 more ... | Record<...>; order_value?: number | Record<......'.
src/routes/api/clustering/kmeans/cluster/+server.ts(236,44): error TS2341: Property 'silhouetteScore' is private and only accessible within class 'LegalKMeansClusterer'.
src/routes/api/clustering/kmeans/cluster/+server.ts(236,44): error TS2349: This expression is not callable.
  Type 'Number' has no call signatures.
src/routes/api/clustering/som/train/+server.ts(11,10): error TS2305: Module '"$lib/server/db/schema-postgres"' has no exported member 'documents'.
src/routes/api/clustering/som/train/+server.ts(16,19): error TS2769: No overload matches this call.
  Overload 1 of 8, '(options: RedisOptions): Redis', gave the following error.
    Object literal may only specify known properties, and 'retryDelayOnFailover' does not exist in type 'RedisOptions'.
  Overload 2 of 8, '(port: number): Redis', gave the following error.
    Argument of type '{ host: string; port: number; retryDelayOnFailover: number; maxRetriesPerRequest: number; }' is not assignable to parameter of type 'number'.
  Overload 3 of 8, '(path: string): Redis', gave the following error.
    Argument of type '{ host: string; port: number; retryDelayOnFailover: number; maxRetriesPerRequest: number; }' is not assignable to parameter of type 'string'.
src/routes/api/criminals/+server.ts(65,5): error TS2741: Property 'orderBy' is missing in type 'Omit<import("C:/Users/james/Desktop/deeds-web/deeds-web-app/sveltekit-frontend/node_modules/drizzle-orm/pg-core/query-builders/select").PgSelectBase<"criminals", { id: import("C:/Users/james/Desktop/deeds-web/deeds-web-app/sveltekit-frontend/node_modules/drizzle-orm/pg-core/columns/common").PgColumn<{ name: "id"; ta...' but required in type 'Omit<import("C:/Users/james/Desktop/deeds-web/deeds-web-app/sveltekit-frontend/node_modules/drizzle-orm/pg-core/query-builders/select").PgSelectBase<"criminals", { id: import("C:/Users/james/Desktop/deeds-web/deeds-web-app/sveltekit-frontend/node_modules/drizzle-orm/pg-core/columns/common").PgColumn<{ name: "id"; ta...'.
src/routes/api/criminals/+server.ts(70,5): error TS2739: Type 'Omit<PgSelectBase<"criminals", { id: PgColumn<{ name: "id"; tableName: "criminals"; dataType: "string"; columnType: "PgUUID"; data: string; driverParam: string; notNull: true; hasDefault: true; enumValues: undefined; baseColumn: never; }, {}, {}>; ... 25 more ...; updatedAt: PgColumn<...>; }, ... 5 more ..., { ...; ...' is missing the following properties from type 'Omit<PgSelectBase<"criminals", { id: PgColumn<{ name: "id"; tableName: "criminals"; dataType: "string"; columnType: "PgUUID"; data: string; driverParam: string; notNull: true; hasDefault: true; enumValues: undefined; baseColumn: never; }, {}, {}>; ... 25 more ...; updatedAt: PgColumn<...>; }, ... 5 more ..., { ...; ...': limit, offset
src/routes/api/criminals/+server.ts(79,7): error TS2740: Type 'Omit<PgSelectBase<"criminals", { count: SQL<number>; }, "partial", Record<"criminals", "not-null">, false, "where", { count: number; }[], { count: DrizzleTypeError<"You cannot reference this field without assigning it an alias first - use `.as(<alias>)`">; }>, "where">' is missing the following properties from type 'PgSelectBase<"criminals", { count: SQL<number>; }, "partial", Record<"criminals", "not-null">, false, never, { count: number; }[], { count: DrizzleTypeError<"You cannot reference this field without assigning it an alias first - use `.as(<alias>)`">; }>': config, joinsNotNullableMap, tableName, isPartialSelect, and 5 more.
src/routes/api/documents/+server.ts(201,10): error TS2769: No overload matches this call.
  Overload 1 of 2, '(value: { title: string | SQL<unknown> | Placeholder<string, any>; content: string | SQL<unknown> | Placeholder<string, any>; status?: string | SQL<unknown> | Placeholder<...>; ... 18 more ...; readingTime?: number | ... 1 more ... | Placeholder<...>; }): PgInsertBase<...>', gave the following error.
    Type 'string' is not assignable to type 'SQL<unknown> | Placeholder<string, any> | { type?: "case" | "statute" | "regulation"; source?: string; text?: string; id?: string; relevanceScore?: number; page?: number; }[]'.
  Overload 2 of 2, '(values: { title: string | SQL<unknown> | Placeholder<string, any>; content: string | SQL<unknown> | Placeholder<string, any>; status?: string | SQL<unknown> | Placeholder<...>; ... 18 more ...; readingTime?: number | ... 1 more ... | Placeholder<...>; }[]): PgInsertBase<...>', gave the following error.
    Object literal may only specify known properties, and 'title' does not exist in type '{ title: string | SQL<unknown> | Placeholder<string, any>; content: string | SQL<unknown> | Placeholder<string, any>; status?: string | SQL<unknown> | Placeholder<...>; ... 18 more ...; readingTime?: number | ... 1 more ... | Placeholder<...>; }[]'.
src/routes/api/documents/[id]/auto-save/+server.ts(77,43): error TS2339: Property 'lastSavedAt' does not exist on type '{ status: string; title: string; metadata: { template?: string; jurisdiction?: string; keywords?: string[]; confidentialityLevel?: "public" | "restricted" | "confidential"; courtLevel?: string; customFields?: Record<...>; }; ... 18 more ...; readingTime: number; }'.
src/routes/api/documents/[id]/auto-save/+server.ts(79,39): error TS2339: Property 'isDirty' does not exist on type '{ status: string; title: string; metadata: { template?: string; jurisdiction?: string; keywords?: string[]; confidentialityLevel?: "public" | "restricted" | "confidential"; courtLevel?: string; customFields?: Record<...>; }; ... 18 more ...; readingTime: number; }'.
src/routes/api/documents/[id]/auto-save/+server.ts(129,35): error TS2339: Property 'isDirty' does not exist on type 'PgTableWithColumns<{ name: "legal_documents"; schema: undefined; columns: { id: PgColumn<{ name: "id"; tableName: "legal_documents"; dataType: "string"; columnType: "PgText"; data: string; driverParam: string; notNull: true; hasDefault: true; enumValues: [...]; baseColumn: never; }, {}, {}>; ... 20 more ...; archive...'.
src/routes/api/documents/[id]/auto-save/+server.ts(130,39): error TS2339: Property 'lastSavedAt' does not exist on type 'PgTableWithColumns<{ name: "legal_documents"; schema: undefined; columns: { id: PgColumn<{ name: "id"; tableName: "legal_documents"; dataType: "string"; columnType: "PgText"; data: string; driverParam: string; notNull: true; hasDefault: true; enumValues: [...]; baseColumn: never; }, {}, {}>; ... 20 more ...; archive...'.
src/routes/api/documents/upload/+server.ts(8,10): error TS2305: Module '"$lib/server/db/schema"' has no exported member 'legalDocs'.
src/routes/api/embed/+server.ts(78,48): error TS2554: Expected 3-4 arguments, but got 1.
src/routes/api/embed/+server.ts(85,31): error TS2339: Property 'id' does not exist on type 'string'.
src/routes/api/embed/+server.ts(106,31): error TS2339: Property 'id' does not exist on type 'void'.
src/routes/api/embed/+server.ts(127,35): error TS2339: Property 'id' does not exist on type 'void'.
src/routes/api/embed/+server.ts(147,31): error TS2339: Property 'id' does not exist on type 'void'.
src/routes/api/embeddings/+server.ts(54,55): error TS2322: Type 'string' is not assignable to type '"local" | "openai"'.
src/routes/api/embeddings/+server.ts(102,7): error TS2322: Type 'string' is not assignable to type '"local" | "openai"'.
src/routes/api/evidence/+server.ts(84,7): error TS2740: Type 'Omit<PgSelectBase<"evidence", { id: PgColumn<{ name: "id"; tableName: "evidence"; dataType: "string"; columnType: "PgUUID"; data: string; driverParam: string; notNull: true; hasDefault: true; enumValues: undefined; baseColumn: never; }, {}, {}>; ... 27 more ...; updatedAt: PgColumn<...>; }, ... 5 more ..., { ...; }>...' is missing the following properties from type 'PgSelectBase<"evidence", { id: PgColumn<{ name: "id"; tableName: "evidence"; dataType: "string"; columnType: "PgUUID"; data: string; driverParam: string; notNull: true; hasDefault: true; enumValues: undefined; baseColumn: never; }, {}, {}>; ... 27 more ...; updatedAt: PgColumn<...>; }, ... 5 more ..., { ...; }>': config, joinsNotNullableMap, tableName, isPartialSelect, and 5 more.
src/routes/api/evidence/+server.ts(98,5): error TS2740: Type 'Omit<PgSelectBase<"evidence", { id: PgColumn<{ name: "id"; tableName: "evidence"; dataType: "string"; columnType: "PgUUID"; data: string; driverParam: string; notNull: true; hasDefault: true; enumValues: undefined; baseColumn: never; }, {}, {}>; ... 27 more ...; updatedAt: PgColumn<...>; }, ... 5 more ..., { ...; }>...' is missing the following properties from type 'PgSelectBase<"evidence", { id: PgColumn<{ name: "id"; tableName: "evidence"; dataType: "string"; columnType: "PgUUID"; data: string; driverParam: string; notNull: true; hasDefault: true; enumValues: undefined; baseColumn: never; }, {}, {}>; ... 27 more ...; updatedAt: PgColumn<...>; }, ... 5 more ..., { ...; }>': config, joinsNotNullableMap, tableName, isPartialSelect, and 5 more.
src/routes/api/evidence/+server.ts(103,5): error TS2740: Type 'Omit<PgSelectBase<"evidence", { id: PgColumn<{ name: "id"; tableName: "evidence"; dataType: "string"; columnType: "PgUUID"; data: string; driverParam: string; notNull: true; hasDefault: true; enumValues: undefined; baseColumn: never; }, {}, {}>; ... 27 more ...; updatedAt: PgColumn<...>; }, ... 5 more ..., { ...; }>...' is missing the following properties from type 'PgSelectBase<"evidence", { id: PgColumn<{ name: "id"; tableName: "evidence"; dataType: "string"; columnType: "PgUUID"; data: string; driverParam: string; notNull: true; hasDefault: true; enumValues: undefined; baseColumn: never; }, {}, {}>; ... 27 more ...; updatedAt: PgColumn<...>; }, ... 5 more ..., { ...; }>': config, joinsNotNullableMap, tableName, isPartialSelect, and 6 more.
src/routes/api/evidence/+server.ts(110,7): error TS2740: Type 'Omit<PgSelectBase<"evidence", { count: SQL<number>; }, "partial", Record<"evidence", "not-null">, false, "where", { count: number; }[], { count: DrizzleTypeError<"You cannot reference this field without assigning it an alias first - use `.as(<alias>)`">; }>, "where">' is missing the following properties from type 'PgSelectBase<"evidence", { count: SQL<number>; }, "partial", Record<"evidence", "not-null">, false, never, { count: number; }[], { count: DrizzleTypeError<"You cannot reference this field without assigning it an alias first - use `.as(<alias>)`">; }>': config, joinsNotNullableMap, tableName, isPartialSelect, and 5 more.
src/routes/api/evidence/save-node/+server.ts(77,19): error TS2339: Property 'userId' does not exist on type '{ id: string; expiresAt: Date; }'.
src/routes/api/evidence/save-node/+server.ts(85,53): error TS2339: Property 'userId' does not exist on type '{ id: string; expiresAt: Date; }'.
src/routes/api/evidence/save-node/+server.ts(88,52): error TS2339: Property 'userId' does not exist on type '{ id: string; expiresAt: Date; }'.
src/routes/api/evidence/save-node/+server.ts(91,53): error TS2339: Property 'userId' does not exist on type '{ id: string; expiresAt: Date; }'.
src/routes/api/evidence/save-node/+server.ts(94,56): error TS2339: Property 'userId' does not exist on type '{ id: string; expiresAt: Date; }'.
src/routes/api/evidence/save-node/+server.ts(425,19): error TS2339: Property 'userId' does not exist on type '{ id: string; expiresAt: Date; }'.
src/routes/api/evidence/save-node/+server.ts(435,63): error TS2339: Property 'userId' does not exist on type '{ id: string; expiresAt: Date; }'.
src/routes/api/evidence/save-node/+server.ts(437,59): error TS2339: Property 'userId' does not exist on type '{ id: string; expiresAt: Date; }'.
src/routes/api/evidence/save-node/+server.ts(439,48): error TS2339: Property 'userId' does not exist on type '{ id: string; expiresAt: Date; }'.
src/routes/api/evidence/save-node/+server.ts(442,60): error TS2339: Property 'userId' does not exist on type '{ id: string; expiresAt: Date; }'.
src/routes/api/evidence/save-node/+server.ts(445,57): error TS2339: Property 'userId' does not exist on type '{ id: string; expiresAt: Date; }'.
src/routes/api/evidence/validate/+server.ts(34,31): error TS2345: Argument of type 'unknown' is not assignable to parameter of type 'string'.
src/routes/api/evidence/validate/+server.ts(50,21): error TS2339: Property 'validations' does not exist on type '{}'.
src/routes/api/evidence/validate/+server.ts(51,18): error TS2339: Property 'validations' does not exist on type '{}'.
src/routes/api/evidence/validate/+server.ts(53,16): error TS2339: Property 'validations' does not exist on type '{}'.
src/routes/api/evidence/validate/+server.ts(58,20): error TS2339: Property 'summary' does not exist on type '{}'.
src/routes/api/evidence/validate/+server.ts(61,20): error TS2339: Property 'tags' does not exist on type '{}'.
src/routes/api/evidence/validate/+server.ts(64,20): error TS2339: Property 'evidenceType' does not exist on type '{}'.
src/routes/api/evidence/validate/+server.ts(68,41): error TS2339: Property 'validations' does not exist on type '{}'.
src/routes/api/evidence/validate/+server.ts(71,41): error TS2339: Property 'validations' does not exist on type '{}'.
src/routes/api/evidence/validate/+server.ts(72,16): error TS2339: Property 'validationScore' does not exist on type '{}'.
src/routes/api/evidence/validate/+server.ts(151,31): error TS2345: Argument of type 'unknown' is not assignable to parameter of type 'string'.
src/routes/api/evidence/validate/+server.ts(155,36): error TS2339: Property 'validations' does not exist on type '{}'.
src/routes/api/evidence/validate/+server.ts(161,35): error TS2339: Property 'validationScore' does not exist on type '{}'.
src/routes/api/export/+server.ts(60,9): error TS2740: Type 'Omit<PgSelectBase<"cases", { id: PgColumn<{ name: "id"; tableName: "cases"; dataType: "string"; columnType: "PgUUID"; data: string; driverParam: string; notNull: true; hasDefault: true; enumValues: undefined; baseColumn: never; }, {}, {}>; ... 21 more ...; closedAt: PgColumn<...>; }, ... 5 more ..., { ...; }>, "wher...' is missing the following properties from type 'PgSelectBase<"cases", { id: PgColumn<{ name: "id"; tableName: "cases"; dataType: "string"; columnType: "PgUUID"; data: string; driverParam: string; notNull: true; hasDefault: true; enumValues: undefined; baseColumn: never; }, {}, {}>; ... 21 more ...; closedAt: PgColumn<...>; }, ... 5 more ..., { ...; }>': config, joinsNotNullableMap, tableName, isPartialSelect, and 5 more.
src/routes/api/export/+server.ts(63,9): error TS2740: Type 'Omit<PgSelectBase<"cases", { id: PgColumn<{ name: "id"; tableName: "cases"; dataType: "string"; columnType: "PgUUID"; data: string; driverParam: string; notNull: true; hasDefault: true; enumValues: undefined; baseColumn: never; }, {}, {}>; ... 21 more ...; closedAt: PgColumn<...>; }, ... 5 more ..., { ...; }>, "wher...' is missing the following properties from type 'PgSelectBase<"cases", { id: PgColumn<{ name: "id"; tableName: "cases"; dataType: "string"; columnType: "PgUUID"; data: string; driverParam: string; notNull: true; hasDefault: true; enumValues: undefined; baseColumn: never; }, {}, {}>; ... 21 more ...; closedAt: PgColumn<...>; }, ... 5 more ..., { ...; }>': config, joinsNotNullableMap, tableName, isPartialSelect, and 5 more.
src/routes/api/export/+server.ts(68,9): error TS2740: Type 'Omit<PgSelectBase<"cases", { id: PgColumn<{ name: "id"; tableName: "cases"; dataType: "string"; columnType: "PgUUID"; data: string; driverParam: string; notNull: true; hasDefault: true; enumValues: undefined; baseColumn: never; }, {}, {}>; ... 21 more ...; closedAt: PgColumn<...>; }, ... 5 more ..., { ...; }>, "wher...' is missing the following properties from type 'PgSelectBase<"cases", { id: PgColumn<{ name: "id"; tableName: "cases"; dataType: "string"; columnType: "PgUUID"; data: string; driverParam: string; notNull: true; hasDefault: true; enumValues: undefined; baseColumn: never; }, {}, {}>; ... 21 more ...; closedAt: PgColumn<...>; }, ... 5 more ..., { ...; }>': config, joinsNotNullableMap, tableName, isPartialSelect, and 5 more.
src/routes/api/export/+server.ts(78,9): error TS2740: Type 'Omit<PgSelectBase<"evidence", { id: PgColumn<{ name: "id"; tableName: "evidence"; dataType: "string"; columnType: "PgUUID"; data: string; driverParam: string; notNull: true; hasDefault: true; enumValues: undefined; baseColumn: never; }, {}, {}>; ... 27 more ...; updatedAt: PgColumn<...>; }, ... 5 more ..., { ...; }>...' is missing the following properties from type 'PgSelectBase<"evidence", { id: PgColumn<{ name: "id"; tableName: "evidence"; dataType: "string"; columnType: "PgUUID"; data: string; driverParam: string; notNull: true; hasDefault: true; enumValues: undefined; baseColumn: never; }, {}, {}>; ... 27 more ...; updatedAt: PgColumn<...>; }, ... 5 more ..., { ...; }>': config, joinsNotNullableMap, tableName, isPartialSelect, and 5 more.
src/routes/api/export/+server.ts(83,9): error TS2740: Type 'Omit<PgSelectBase<"evidence", { id: PgColumn<{ name: "id"; tableName: "evidence"; dataType: "string"; columnType: "PgUUID"; data: string; driverParam: string; notNull: true; hasDefault: true; enumValues: undefined; baseColumn: never; }, {}, {}>; ... 27 more ...; updatedAt: PgColumn<...>; }, ... 5 more ..., { ...; }>...' is missing the following properties from type 'PgSelectBase<"evidence", { id: PgColumn<{ name: "id"; tableName: "evidence"; dataType: "string"; columnType: "PgUUID"; data: string; driverParam: string; notNull: true; hasDefault: true; enumValues: undefined; baseColumn: never; }, {}, {}>; ... 27 more ...; updatedAt: PgColumn<...>; }, ... 5 more ..., { ...; }>': config, joinsNotNullableMap, tableName, isPartialSelect, and 5 more.
src/routes/api/export/+server.ts(88,9): error TS2740: Type 'Omit<PgSelectBase<"evidence", { id: PgColumn<{ name: "id"; tableName: "evidence"; dataType: "string"; columnType: "PgUUID"; data: string; driverParam: string; notNull: true; hasDefault: true; enumValues: undefined; baseColumn: never; }, {}, {}>; ... 27 more ...; updatedAt: PgColumn<...>; }, ... 5 more ..., { ...; }>...' is missing the following properties from type 'PgSelectBase<"evidence", { id: PgColumn<{ name: "id"; tableName: "evidence"; dataType: "string"; columnType: "PgUUID"; data: string; driverParam: string; notNull: true; hasDefault: true; enumValues: undefined; baseColumn: never; }, {}, {}>; ... 27 more ...; updatedAt: PgColumn<...>; }, ... 5 more ..., { ...; }>': config, joinsNotNullableMap, tableName, isPartialSelect, and 5 more.
src/routes/api/import/+server.ts(125,15): error TS2561: Object literal may only specify known properties, but 'updated_at' does not exist in type '{ id?: string | SQL<unknown>; caseNumber?: string | SQL<unknown>; title?: string | SQL<unknown>; name?: string | SQL<unknown>; description?: string | SQL<unknown>; incidentDate?: Date | SQL<...>; ... 16 more ...; closedAt?: Date | SQL<...>; }'. Did you mean to write 'updatedAt'?
src/routes/api/import/+server.ts(145,39): error TS2769: No overload matches this call.
  Overload 1 of 2, '(value: { title: string | SQL<unknown> | Placeholder<string, any>; caseNumber: string | SQL<unknown> | Placeholder<string, any>; status?: string | SQL<unknown> | Placeholder<...>; ... 19 more ...; closedAt?: Date | ... 1 more ... | Placeholder<...>; }): PgInsertBase<...>', gave the following error.
    Argument of type '{ title: any; description: any; status: any; priority: any; createdAt: Date; updated_at: Date; }' is not assignable to parameter of type '{ title: string | SQL<unknown> | Placeholder<string, any>; caseNumber: string | SQL<unknown> | Placeholder<string, any>; status?: string | SQL<unknown> | Placeholder<...>; ... 19 more ...; closedAt?: Date | ... 1 more ... | Placeholder<...>; }'.
      Property 'caseNumber' is missing in type '{ title: any; description: any; status: any; priority: any; createdAt: Date; updated_at: Date; }' but required in type '{ title: string | SQL<unknown> | Placeholder<string, any>; caseNumber: string | SQL<unknown> | Placeholder<string, any>; status?: string | SQL<unknown> | Placeholder<...>; ... 19 more ...; closedAt?: Date | ... 1 more ... | Placeholder<...>; }'.
  Overload 2 of 2, '(values: { title: string | SQL<unknown> | Placeholder<string, any>; caseNumber: string | SQL<unknown> | Placeholder<string, any>; status?: string | SQL<unknown> | Placeholder<...>; ... 19 more ...; closedAt?: Date | ... 1 more ... | Placeholder<...>; }[]): PgInsertBase<...>', gave the following error.
    Argument of type '{ title: any; description: any; status: any; priority: any; createdAt: Date; updated_at: Date; }' is not assignable to parameter of type '{ title: string | SQL<unknown> | Placeholder<string, any>; caseNumber: string | SQL<unknown> | Placeholder<string, any>; status?: string | SQL<unknown> | Placeholder<...>; ... 19 more ...; closedAt?: Date | ... 1 more ... | Placeholder<...>; }[]'.
      Type '{ title: any; description: any; status: any; priority: any; createdAt: Date; updated_at: Date; }' is missing the following properties from type '{ title: string | SQL<unknown> | Placeholder<string, any>; caseNumber: string | SQL<unknown> | Placeholder<string, any>; status?: string | SQL<unknown> | Placeholder<...>; ... 19 more ...; closedAt?: Date | ... 1 more ... | Placeholder<...>; }[]': length, pop, push, concat, and 35 more.
src/routes/api/import/+server.ts(196,15): error TS2353: Object literal may only specify known properties, and 'filePath' does not exist in type '{ id?: string | SQL<unknown>; caseId?: string | SQL<unknown>; criminalId?: string | SQL<unknown>; title?: string | SQL<unknown>; description?: string | SQL<unknown>; evidenceType?: string | SQL<...>; ... 22 more ...; updatedAt?: Date | SQL<...>; }'.
src/routes/api/import/+server.ts(219,42): error TS2769: No overload matches this call.
  Overload 1 of 2, '(value: { title: string | SQL<unknown> | Placeholder<string, any>; evidenceType: string | SQL<unknown> | Placeholder<string, any>; summary?: string | SQL<unknown> | Placeholder<...>; ... 25 more ...; canvasPosition?: unknown; }): PgInsertBase<...>', gave the following error.
    Argument of type '{ case_id: any; type: any; description: any; file_path: any; metadata: any; createdAt: Date; updated_at: Date; }' is not assignable to parameter of type '{ title: string | SQL<unknown> | Placeholder<string, any>; evidenceType: string | SQL<unknown> | Placeholder<string, any>; summary?: string | SQL<unknown> | Placeholder<...>; ... 25 more ...; canvasPosition?: unknown; }'.
      Type '{ case_id: any; type: any; description: any; file_path: any; metadata: any; createdAt: Date; updated_at: Date; }' is missing the following properties from type '{ title: string | SQL<unknown> | Placeholder<string, any>; evidenceType: string | SQL<unknown> | Placeholder<string, any>; summary?: string | SQL<unknown> | Placeholder<...>; ... 25 more ...; canvasPosition?: unknown; }': title, evidenceType
  Overload 2 of 2, '(values: { title: string | SQL<unknown> | Placeholder<string, any>; evidenceType: string | SQL<unknown> | Placeholder<string, any>; summary?: string | SQL<unknown> | Placeholder<...>; ... 25 more ...; canvasPosition?: unknown; }[]): PgInsertBase<...>', gave the following error.
    Argument of type '{ case_id: any; type: any; description: any; file_path: any; metadata: any; createdAt: Date; updated_at: Date; }' is not assignable to parameter of type '{ title: string | SQL<unknown> | Placeholder<string, any>; evidenceType: string | SQL<unknown> | Placeholder<string, any>; summary?: string | SQL<unknown> | Placeholder<...>; ... 25 more ...; canvasPosition?: unknown; }[]'.
      Type '{ case_id: any; type: any; description: any; file_path: any; metadata: any; createdAt: Date; updated_at: Date; }' is missing the following properties from type '{ title: string | SQL<unknown> | Placeholder<string, any>; evidenceType: string | SQL<unknown> | Placeholder<string, any>; summary?: string | SQL<unknown> | Placeholder<...>; ... 25 more ...; canvasPosition?: unknown; }[]': length, pop, push, concat, and 35 more.
src/routes/api/import/+server.ts(263,15): error TS2353: Object literal may only specify known properties, and 'caseId' does not exist in type '{ id?: string | SQL<unknown>; firstName?: string | SQL<unknown>; lastName?: string | SQL<unknown>; middleName?: string | SQL<unknown>; aliases?: unknown; dateOfBirth?: Date | SQL<unknown>; placeOfBirth?: string | SQL<...>; ... 19 more ...; updatedAt?: Date | SQL<...>; }'.
src/routes/api/import/+server.ts(287,43): error TS2769: No overload matches this call.
  Overload 1 of 2, '(value: { firstName: string | SQL<unknown> | Placeholder<string, any>; lastName: string | SQL<unknown> | Placeholder<string, any>; email?: string | SQL<unknown> | Placeholder<...>; ... 23 more ...; notes?: string | ... 1 more ... | Placeholder<...>; }): PgInsertBase<...>', gave the following error.
    Argument of type '{ case_id: any; name: any; role: any; contact_info: any; createdAt: Date; updated_at: Date; }' is not assignable to parameter of type '{ firstName: string | SQL<unknown> | Placeholder<string, any>; lastName: string | SQL<unknown> | Placeholder<string, any>; email?: string | SQL<unknown> | Placeholder<...>; ... 23 more ...; notes?: string | ... 1 more ... | Placeholder<...>; }'.
      Type '{ case_id: any; name: any; role: any; contact_info: any; createdAt: Date; updated_at: Date; }' is missing the following properties from type '{ firstName: string | SQL<unknown> | Placeholder<string, any>; lastName: string | SQL<unknown> | Placeholder<string, any>; email?: string | SQL<unknown> | Placeholder<...>; ... 23 more ...; notes?: string | ... 1 more ... | Placeholder<...>; }': firstName, lastName
  Overload 2 of 2, '(values: { firstName: string | SQL<unknown> | Placeholder<string, any>; lastName: string | SQL<unknown> | Placeholder<string, any>; email?: string | SQL<unknown> | Placeholder<...>; ... 23 more ...; notes?: string | ... 1 more ... | Placeholder<...>; }[]): PgInsertBase<...>', gave the following error.
    Argument of type '{ case_id: any; name: any; role: any; contact_info: any; createdAt: Date; updated_at: Date; }' is not assignable to parameter of type '{ firstName: string | SQL<unknown> | Placeholder<string, any>; lastName: string | SQL<unknown> | Placeholder<string, any>; email?: string | SQL<unknown> | Placeholder<...>; ... 23 more ...; notes?: string | ... 1 more ... | Placeholder<...>; }[]'.
      Type '{ case_id: any; name: any; role: any; contact_info: any; createdAt: Date; updated_at: Date; }' is missing the following properties from type '{ firstName: string | SQL<unknown> | Placeholder<string, any>; lastName: string | SQL<unknown> | Placeholder<string, any>; email?: string | SQL<unknown> | Placeholder<...>; ... 23 more ...; notes?: string | ... 1 more ... | Placeholder<...>; }[]': length, pop, push, concat, and 35 more.
src/routes/api/legal/chat/+server.ts(74,8): error TS2769: No overload matches this call.
  Overload 1 of 2, '(value: { processingTime?: number | SQL<unknown> | Placeholder<string, any>; model?: string | SQL<unknown> | Placeholder<string, any>; id?: string | SQL<unknown> | Placeholder<...>; ... 9 more ...; sourcesUsed?: unknown; }): PgInsertBase<...>', gave the following error.
    Type 'number' is not assignable to type 'string | SQL<unknown> | Placeholder<string, any>'.
  Overload 2 of 2, '(values: { processingTime?: number | SQL<unknown> | Placeholder<string, any>; model?: string | SQL<unknown> | Placeholder<string, any>; id?: string | SQL<unknown> | Placeholder<...>; ... 9 more ...; sourcesUsed?: unknown; }[]): PgInsertBase<...>', gave the following error.
    Object literal may only specify known properties, and 'caseId' does not exist in type '{ processingTime?: number | SQL<unknown> | Placeholder<string, any>; model?: string | SQL<unknown> | Placeholder<string, any>; id?: string | SQL<unknown> | Placeholder<...>; ... 9 more ...; sourcesUsed?: unknown; }[]'.
src/routes/api/multi-agent/analyze/+server.ts(113,33): error TS2339: Property 'confidence' does not exist on type '{}'.
src/routes/api/pois/[id]/+server.ts(37,9): error TS2353: Object literal may only specify known properties, and 'posX' does not exist in type '{ id?: string | SQL<unknown>; caseId?: string | SQL<unknown>; name?: string | SQL<unknown>; aliases?: unknown; relationship?: string | SQL<unknown>; threatLevel?: string | SQL<unknown>; status?: string | SQL<...>; ... 5 more ...; updatedAt?: Date | SQL<...>; }'.
src/routes/api/reports/+server.ts(85,7): error TS2740: Type 'Omit<PgSelectBase<"reports", { count: SQL<number>; }, "partial", Record<"reports", "not-null">, false, "where", { count: number; }[], { count: DrizzleTypeError<"You cannot reference this field without assigning it an alias first - use `.as(<alias>)`">; }>, "where">' is missing the following properties from type 'PgSelectBase<"reports", { count: SQL<number>; }, "partial", Record<"reports", "not-null">, false, never, { count: number; }[], { count: DrizzleTypeError<"You cannot reference this field without assigning it an alias first - use `.as(<alias>)`">; }>': config, joinsNotNullableMap, tableName, isPartialSelect, and 5 more.
src/routes/api/reports/save/+server.ts(86,7): error TS2740: Type 'Omit<PgSelectBase<"ai_reports", { id: PgColumn<{ name: "id"; tableName: "ai_reports"; dataType: "string"; columnType: "PgUUID"; data: string; driverParam: string; notNull: true; hasDefault: true; enumValues: undefined; baseColumn: never; }, {}, {}>; ... 12 more ...; updatedAt: PgColumn<...>; }, ... 5 more ..., { ......' is missing the following properties from type 'PgSelectBase<"ai_reports", { id: PgColumn<{ name: "id"; tableName: "ai_reports"; dataType: "string"; columnType: "PgUUID"; data: string; driverParam: string; notNull: true; hasDefault: true; enumValues: undefined; baseColumn: never; }, {}, {}>; ... 12 more ...; updatedAt: PgColumn<...>; }, ... 5 more ..., { ...; }>': config, joinsNotNullableMap, tableName, isPartialSelect, and 5 more.
src/routes/api/search/evidence/+server.ts(179,43): error TS2339: Property 'contentEmbedding' does not exist on type 'PgTableWithColumns<{ name: "evidence"; schema: undefined; columns: { id: PgColumn<{ name: "id"; tableName: "evidence"; dataType: "string"; columnType: "PgUUID"; data: string; driverParam: string; notNull: true; hasDefault: true; enumValues: undefined; baseColumn: never; }, {}, {}>; ... 27 more ...; updatedAt: PgColu...'.
src/routes/api/search/evidence/+server.ts(197,47): error TS2339: Property 'contentEmbedding' does not exist on type 'PgTableWithColumns<{ name: "evidence"; schema: undefined; columns: { id: PgColumn<{ name: "id"; tableName: "evidence"; dataType: "string"; columnType: "PgUUID"; data: string; driverParam: string; notNull: true; hasDefault: true; enumValues: undefined; baseColumn: never; }, {}, {}>; ... 27 more ...; updatedAt: PgColu...'.
src/routes/api/search/evidence/+server.ts(202,29): error TS2339: Property 'contentEmbedding' does not exist on type 'PgTableWithColumns<{ name: "evidence"; schema: undefined; columns: { id: PgColumn<{ name: "id"; tableName: "evidence"; dataType: "string"; columnType: "PgUUID"; data: string; driverParam: string; notNull: true; hasDefault: true; enumValues: undefined; baseColumn: never; }, {}, {}>; ... 27 more ...; updatedAt: PgColu...'.
src/routes/api/search/semantic/+server.ts(13,10): error TS2305: Module '"$lib/server/db/schema-postgres"' has no exported member 'documents'.
src/routes/api/search/semantic/+server.ts(15,38): error TS2307: Cannot find module '$lib/api/enhanced-rest-architecture' or its corresponding type declarations.
src/routes/api/search/semantic/+server.ts(159,42): error TS2339: Property 'result' does not exist on type '{ id: string | number; version: number; score: number; payload?: Record<string, unknown> | { [key: string]: unknown; }; vector?: number[] | Record<string, unknown> | number[][] | { [key: string]: number[] | number[][] | { ...; }; }; shard_key?: string | ... 1 more ... | Record<...>; order_value?: number | Record<......'.
src/routes/api/semantic-search/+server.ts(4,10): error TS2305: Module '"$lib/server/db/schema-postgres"' has no exported member 'legalDocs'.
src/routes/api/users/+server.ts(63,7): error TS2740: Type 'Omit<PgSelectBase<"users", { id: PgColumn<{ name: "id"; tableName: "users"; dataType: "string"; columnType: "PgUUID"; data: string; driverParam: string; notNull: true; hasDefault: true; enumValues: undefined; baseColumn: never; }, {}, {}>; ... 8 more ...; updatedAt: PgColumn<...>; }, ... 5 more ..., { ...; }>, "wher...' is missing the following properties from type 'PgSelectBase<"users", { id: PgColumn<{ name: "id"; tableName: "users"; dataType: "string"; columnType: "PgUUID"; data: string; driverParam: string; notNull: true; hasDefault: true; enumValues: undefined; baseColumn: never; }, {}, {}>; ... 8 more ...; updatedAt: PgColumn<...>; }, ... 5 more ..., { ...; }>': config, joinsNotNullableMap, tableName, isPartialSelect, and 5 more.
src/routes/api/users/+server.ts(77,5): error TS2740: Type 'Omit<PgSelectBase<"users", { id: PgColumn<{ name: "id"; tableName: "users"; dataType: "string"; columnType: "PgUUID"; data: string; driverParam: string; notNull: true; hasDefault: true; enumValues: undefined; baseColumn: never; }, {}, {}>; ... 8 more ...; updatedAt: PgColumn<...>; }, ... 5 more ..., { ...; }>, "orde...' is missing the following properties from type 'PgSelectBase<"users", { id: PgColumn<{ name: "id"; tableName: "users"; dataType: "string"; columnType: "PgUUID"; data: string; driverParam: string; notNull: true; hasDefault: true; enumValues: undefined; baseColumn: never; }, {}, {}>; ... 8 more ...; updatedAt: PgColumn<...>; }, ... 5 more ..., { ...; }>': config, joinsNotNullableMap, tableName, isPartialSelect, and 5 more.
src/routes/api/users/+server.ts(82,5): error TS2740: Type 'Omit<PgSelectBase<"users", { id: PgColumn<{ name: "id"; tableName: "users"; dataType: "string"; columnType: "PgUUID"; data: string; driverParam: string; notNull: true; hasDefault: true; enumValues: undefined; baseColumn: never; }, {}, {}>; ... 8 more ...; updatedAt: PgColumn<...>; }, ... 5 more ..., { ...; }>, "limi...' is missing the following properties from type 'PgSelectBase<"users", { id: PgColumn<{ name: "id"; tableName: "users"; dataType: "string"; columnType: "PgUUID"; data: string; driverParam: string; notNull: true; hasDefault: true; enumValues: undefined; baseColumn: never; }, {}, {}>; ... 8 more ...; updatedAt: PgColumn<...>; }, ... 5 more ..., { ...; }>': config, joinsNotNullableMap, tableName, isPartialSelect, and 6 more.
src/routes/api/users/+server.ts(89,7): error TS2740: Type 'Omit<PgSelectBase<"users", { count: SQL<number>; }, "partial", Record<"users", "not-null">, false, "where", { count: number; }[], { count: DrizzleTypeError<"You cannot reference this field without assigning it an alias first - use `.as(<alias>)`">; }>, "where">' is missing the following properties from type 'PgSelectBase<"users", { count: SQL<number>; }, "partial", Record<"users", "not-null">, false, never, { count: number; }[], { count: DrizzleTypeError<"You cannot reference this field without assigning it an alias first - use `.as(<alias>)`">; }>': config, joinsNotNullableMap, tableName, isPartialSelect, and 5 more.
src/routes/api/users/create/+server.ts(1,10): error TS2614: Module '"$lib/server/db/seed"' has no exported member 'createUser'. Did you mean to use 'import createUser from "$lib/server/db/seed"' instead?
src/routes/api/vector-search/+server.ts(15,38): error TS2339: Property 'search' does not exist on type '{ searchCases: (query: string, options?: SearchOptions) => Promise<any[]>; searchEvidence: (query: string, options?: SearchOptions) => Promise<any[]>; ... 9 more ...; deleteCollection: (name: string) => Promise<...>; }'.
src/routes/api/vector/+server.ts(103,45): error TS2339: Property 'embedding' does not exist on type 'number[]'.
src/routes/api/vector/+server.ts(104,32): error TS2339: Property 'model' does not exist on type 'number[]'.
src/routes/cases/+layout.server.ts(12,28): error TS2339: Property 'user' does not exist on type '{ id: string; expiresAt: Date; }'.
src/routes/cases/+layout.server.ts(23,37): error TS2339: Property 'prosecutor' does not exist on type 'PgTableWithColumns<{ name: "cases"; schema: undefined; columns: { id: PgColumn<{ name: "id"; tableName: "cases"; dataType: "string"; columnType: "PgUUID"; data: string; driverParam: string; notNull: true; hasDefault: true; enumValues: undefined; baseColumn: never; }, {}, {}>; ... 24 more ...; closedAt: PgColumn<...>...'.
src/routes/cases/+layout.server.ts(23,57): error TS2339: Property 'user' does not exist on type '{ id: string; expiresAt: Date; }'.
src/routes/cases/+layout.server.ts(43,50): error TS2339: Property 'openedAt' does not exist on type 'PgTableWithColumns<{ name: "cases"; schema: undefined; columns: { id: PgColumn<{ name: "id"; tableName: "cases"; dataType: "string"; columnType: "PgUUID"; data: string; driverParam: string; notNull: true; hasDefault: true; enumValues: undefined; baseColumn: never; }, {}, {}>; ... 24 more ...; closedAt: PgColumn<...>...'.
src/routes/cases/+layout.server.ts(45,24): error TS2339: Property 'openedAt' does not exist on type 'PgTableWithColumns<{ name: "cases"; schema: undefined; columns: { id: PgColumn<{ name: "id"; tableName: "cases"; dataType: "string"; columnType: "PgUUID"; data: string; driverParam: string; notNull: true; hasDefault: true; enumValues: undefined; baseColumn: never; }, {}, {}>; ... 24 more ...; closedAt: PgColumn<...>...'.
src/routes/cases/+layout.server.ts(59,25): error TS2339: Property 'openedAt' does not exist on type 'PgTableWithColumns<{ name: "cases"; schema: undefined; columns: { id: PgColumn<{ name: "id"; tableName: "cases"; dataType: "string"; columnType: "PgUUID"; data: string; driverParam: string; notNull: true; hasDefault: true; enumValues: undefined; baseColumn: never; }, {}, {}>; ... 24 more ...; closedAt: PgColumn<...>...'.
src/routes/cases/+layout.server.ts(63,27): error TS2339: Property 'prosecutor' does not exist on type 'PgTableWithColumns<{ name: "cases"; schema: undefined; columns: { id: PgColumn<{ name: "id"; tableName: "cases"; dataType: "string"; columnType: "PgUUID"; data: string; driverParam: string; notNull: true; hasDefault: true; enumValues: undefined; baseColumn: never; }, {}, {}>; ... 24 more ...; closedAt: PgColumn<...>...'.
src/routes/cases/+layout.server.ts(64,30): error TS2339: Property 'defendantName' does not exist on type 'PgTableWithColumns<{ name: "cases"; schema: undefined; columns: { id: PgColumn<{ name: "id"; tableName: "cases"; dataType: "string"; columnType: "PgUUID"; data: string; driverParam: string; notNull: true; hasDefault: true; enumValues: undefined; baseColumn: never; }, {}, {}>; ... 24 more ...; closedAt: PgColumn<...>...'.
src/routes/cases/+layout.server.ts(65,26): error TS2339: Property 'courtDate' does not exist on type 'PgTableWithColumns<{ name: "cases"; schema: undefined; columns: { id: PgColumn<{ name: "id"; tableName: "cases"; dataType: "string"; columnType: "PgUUID"; data: string; driverParam: string; notNull: true; hasDefault: true; enumValues: undefined; baseColumn: never; }, {}, {}>; ... 24 more ...; closedAt: PgColumn<...>...'.
src/routes/cases/+layout.server.ts(66,30): error TS2339: Property 'evidenceCount' does not exist on type 'PgTableWithColumns<{ name: "cases"; schema: undefined; columns: { id: PgColumn<{ name: "id"; tableName: "cases"; dataType: "string"; columnType: "PgUUID"; data: string; driverParam: string; notNull: true; hasDefault: true; enumValues: undefined; baseColumn: never; }, {}, {}>; ... 24 more ...; closedAt: PgColumn<...>...'.
src/routes/cases/+layout.server.ts(85,23): error TS2339: Property 'prosecutor' does not exist on type 'PgTableWithColumns<{ name: "cases"; schema: undefined; columns: { id: PgColumn<{ name: "id"; tableName: "cases"; dataType: "string"; columnType: "PgUUID"; data: string; driverParam: string; notNull: true; hasDefault: true; enumValues: undefined; baseColumn: never; }, {}, {}>; ... 24 more ...; closedAt: PgColumn<...>...'.
src/routes/cases/+layout.server.ts(85,43): error TS2339: Property 'user' does not exist on type '{ id: string; expiresAt: Date; }'.
src/routes/cases/+layout.server.ts(99,19): error TS2339: Property 'user' does not exist on type '{ id: string; expiresAt: Date; }'.
src/routes/cases/+page.server.ts(54,34): error TS2339: Property 'auth' does not exist on type 'Locals'.
src/routes/cases/+page.server.ts(70,10): error TS2769: No overload matches this call.
  Overload 1 of 2, '(value: { title: string | SQL<unknown> | Placeholder<string, any>; evidenceType: string | SQL<unknown> | Placeholder<string, any>; summary?: string | SQL<unknown> | Placeholder<...>; ... 35 more ...; zIndex?: number | ... 1 more ... | Placeholder<...>; }): PgInsertBase<...>', gave the following error.
    Object literal may only specify known properties, and 'type' does not exist in type '{ title: string | SQL<unknown> | Placeholder<string, any>; evidenceType: string | SQL<unknown> | Placeholder<string, any>; summary?: string | SQL<unknown> | Placeholder<...>; ... 35 more ...; zIndex?: number | ... 1 more ... | Placeholder<...>; }'.
  Overload 2 of 2, '(values: { title: string | SQL<unknown> | Placeholder<string, any>; evidenceType: string | SQL<unknown> | Placeholder<string, any>; summary?: string | SQL<unknown> | Placeholder<...>; ... 35 more ...; zIndex?: number | ... 1 more ... | Placeholder<...>; }[]): PgInsertBase<...>', gave the following error.
    Object literal may only specify known properties, and 'caseId' does not exist in type '{ title: string | SQL<unknown> | Placeholder<string, any>; evidenceType: string | SQL<unknown> | Placeholder<string, any>; summary?: string | SQL<unknown> | Placeholder<...>; ... 35 more ...; zIndex?: number | ... 1 more ... | Placeholder<...>; }[]'.
src/routes/cases/+page.server.ts(89,34): error TS2339: Property 'auth' does not exist on type 'Locals'.
src/routes/cases/+page.server.ts(108,11): error TS2353: Object literal may only specify known properties, and 'type' does not exist in type '{ id?: string | SQL<unknown>; caseId?: string | SQL<unknown>; criminalId?: string | SQL<unknown>; title?: string | SQL<unknown>; description?: string | SQL<unknown>; evidenceType?: string | SQL<...>; ... 32 more ...; updatedAt?: Date | SQL<...>; }'.
src/routes/cases/+page.server.ts(123,34): error TS2339: Property 'auth' does not exist on type 'Locals'.
src/routes/cases/[id]/+page.server.ts(19,31): error TS2353: Object literal may only specify known properties, and 'criminals' does not exist in type '{ leadProsecutor?: true | { columns?: { id?: boolean; email?: boolean; emailVerified?: boolean; hashedPassword?: boolean; name?: boolean; firstName?: boolean; lastName?: boolean; avatarUrl?: boolean; role?: boolean; isActive?: boolean; createdAt?: boolean; updatedAt?: boolean; }; with?: { ...; }; extras?: Record<......'.
src/routes/evidence/+page.server.ts(59,9): error TS2740: Type 'Omit<PgSelectBase<"evidence", { id: PgColumn<{ name: "id"; tableName: "evidence"; dataType: "string"; columnType: "PgUUID"; data: string; driverParam: string; notNull: true; hasDefault: true; enumValues: undefined; baseColumn: never; }, {}, {}>; ... 27 more ...; updatedAt: PgColumn<...>; }, ... 5 more ..., { ...; }>...' is missing the following properties from type 'PgSelectBase<"evidence", { id: PgColumn<{ name: "id"; tableName: "evidence"; dataType: "string"; columnType: "PgUUID"; data: string; driverParam: string; notNull: true; hasDefault: true; enumValues: undefined; baseColumn: never; }, {}, {}>; ... 27 more ...; updatedAt: PgColumn<...>; }, ... 5 more ..., { ...; }>': config, joinsNotNullableMap, tableName, isPartialSelect, and 5 more.
src/routes/evidence/+page.server.ts(61,7): error TS2740: Type 'Omit<PgSelectBase<"evidence", { id: PgColumn<{ name: "id"; tableName: "evidence"; dataType: "string"; columnType: "PgUUID"; data: string; driverParam: string; notNull: true; hasDefault: true; enumValues: undefined; baseColumn: never; }, {}, {}>; ... 27 more ...; updatedAt: PgColumn<...>; }, ... 5 more ..., { ...; }>...' is missing the following properties from type 'PgSelectBase<"evidence", { id: PgColumn<{ name: "id"; tableName: "evidence"; dataType: "string"; columnType: "PgUUID"; data: string; driverParam: string; notNull: true; hasDefault: true; enumValues: undefined; baseColumn: never; }, {}, {}>; ... 27 more ...; updatedAt: PgColumn<...>; }, ... 5 more ..., { ...; }>': config, joinsNotNullableMap, tableName, isPartialSelect, and 6 more.
âŒ Check failed: Command failed with code 1: 
